#
# An unexpected error has been detected by Java Runtime Environment:
#
#  SIGSEGV (0xb) at pc=0xb32a4286, pid=28185, tid=3018541984
#
# Java VM: Java HotSpot(TM) Client VM (1.6.0-b105 mixed mode, sharing)
# Problematic frame:
# C  [libjavasci.so+0x1ef286]  Java_javasci_Scilab_receiveDataByName+0x4e
#
# If you would like to submit a bug report, please visit:
#   http://java.sun.com/webapps/bugreport/crash.jsp
#

---------------  T H R E A D  ---------------

Current thread (0x08573800):  JavaThread "AOSimpleScilab on //bebita.inria.fr/Scilab1195749164749" daemon [_thread_in_native, id=28537]

siginfo:si_signo=11, si_errno=0, si_code=1, si_addr=0x00000000

Registers:
EAX=0x08a2f698, EBX=0x08a4a748, ECX=0x00000001, EDX=0x00000000
ESP=0xb3eb36f0, EBP=0xb3eb3718, ESI=0x00000000, EDI=0x085738e8
EIP=0xb32a4286, CR2=0x00000000, EFLAGS=0x00010282

Top of Stack: (sp=0xb3eb36f0)
0xb3eb36f0:   08a4a748 b3eb3764 08a4a748 08573a80
0xb3eb3700:   08573a70 906daae8 906daae4 906daae8
0xb3eb3710:   906daae4 08573800 b3eb3754 b5e9668e
0xb3eb3720:   085738e8 b3eb375c b3eb3764 08573800
0xb3eb3730:   b5e8ec71 b3eb3734 906daae4 b3eb3764
0xb3eb3740:   906daeb0 00000000 906daae8 00000000
0xb3eb3750:   b3eb3764 b3eb3790 b5e8ed37 906dae10
0xb3eb3760:   b5e945f6 8c9c97e0 00000000 8c224d40 

Instructions: (pc=0xb32a4286)
0xb32a4276:   8b 55 10 89 54 24 04 89 3c 24 ff 90 a8 02 00 00
0xb32a4286:   8b 16 83 fa 01 74 0c b8 00 00 00 00 83 fa 0a 75 

Stack: [0xb3e64000,0xb3eb5000),  sp=0xb3eb36f0,  free space=317k
Native frames: (J=compiled Java code, j=interpreted, Vv=VM code, C=native code)
C  [libjavasci.so+0x1ef286]  Java_javasci_Scilab_receiveDataByName+0x4e
j  javasci.Scilab.receiveDataByName(Ljava/lang/String;)Ljavasci/SciData;+0
j  org.objectweb.proactive.extra.scheduler.ext.scilab.AOSimpleScilab.execute([Lorg/objectweb/proactive/extra/scheduler/common/task/TaskResult;)Ljava/lang/Object;+262
v  ~StubRoutines::call_stub
V  [libjvm.so+0x20967d]
V  [libjvm.so+0x3057d8]
V  [libjvm.so+0x209510]
V  [libjvm.so+0x32c18f]
V  [libjvm.so+0x32eb8c]
V  [libjvm.so+0x2755f8]
C  [libjava.so+0x15224]  Java_sun_reflect_NativeMethodAccessorImpl_invoke0+0x34
j  sun.reflect.NativeMethodAccessorImpl.invoke0(Ljava/lang/reflect/Method;Ljava/lang/Object;[Ljava/lang/Object;)Ljava/lang/Object;+0
j  sun.reflect.NativeMethodAccessorImpl.invoke(Ljava/lang/Object;[Ljava/lang/Object;)Ljava/lang/Object;+87
J  sun.reflect.DelegatingMethodAccessorImpl.invoke(Ljava/lang/Object;[Ljava/lang/Object;)Ljava/lang/Object;
J  java.lang.reflect.Method.invoke(Ljava/lang/Object;[Ljava/lang/Object;)Ljava/lang/Object;
j  org.objectweb.proactive.core.mop.MethodCall.execute(Ljava/lang/Object;)Ljava/lang/Object;+183
j  org.objectweb.proactive.core.body.request.RequestImpl.serveInternal(Lorg/objectweb/proactive/Body;)Lorg/objectweb/proactive/core/body/future/MethodCallResult;+14
j  org.objectweb.proactive.core.body.request.RequestImpl.serve(Lorg/objectweb/proactive/Body;)Lorg/objectweb/proactive/core/body/reply/Reply;+39
j  org.objectweb.proactive.core.body.BodyImpl$ActiveLocalBodyStrategy.serveInternal(Lorg/objectweb/proactive/core/body/request/Request;)V+99
j  org.objectweb.proactive.core.body.BodyImpl$ActiveLocalBodyStrategy.serve(Lorg/objectweb/proactive/core/body/request/Request;)V+45
j  org.objectweb.proactive.core.body.AbstractBody.serve(Lorg/objectweb/proactive/core/body/request/Request;)V+43
j  org.objectweb.proactive.Service.blockingServeOldest(Lorg/objectweb/proactive/core/body/request/RequestFilter;J)V+24
j  org.objectweb.proactive.Service.blockingServeOldest()V+3
j  org.objectweb.proactive.Service.fifoServing()V+52
j  org.objectweb.proactive.core.body.ActiveBody$FIFORunActive.runActivity(Lorg/objectweb/proactive/Body;)V+8
j  org.objectweb.proactive.core.body.ActiveBody.run()V+55
j  java.lang.Thread.run()V+11
v  ~StubRoutines::call_stub
V  [libjvm.so+0x20967d]
V  [libjvm.so+0x3057d8]
V  [libjvm.so+0x208f90]
V  [libjvm.so+0x20901d]
V  [libjvm.so+0x279215]
V  [libjvm.so+0x38035f]
V  [libjvm.so+0x3066b3]
C  [libpthread.so.0+0x5433]

Java frames: (J=compiled Java code, j=interpreted, Vv=VM code)
j  javasci.Scilab.receiveDataByName(Ljava/lang/String;)Ljavasci/SciData;+0
j  org.objectweb.proactive.extra.scheduler.ext.scilab.AOSimpleScilab.execute([Lorg/objectweb/proactive/extra/scheduler/common/task/TaskResult;)Ljava/lang/Object;+262
v  ~StubRoutines::call_stub
j  sun.reflect.NativeMethodAccessorImpl.invoke0(Ljava/lang/reflect/Method;Ljava/lang/Object;[Ljava/lang/Object;)Ljava/lang/Object;+0
j  sun.reflect.NativeMethodAccessorImpl.invoke(Ljava/lang/Object;[Ljava/lang/Object;)Ljava/lang/Object;+87
J  sun.reflect.DelegatingMethodAccessorImpl.invoke(Ljava/lang/Object;[Ljava/lang/Object;)Ljava/lang/Object;
J  java.lang.reflect.Method.invoke(Ljava/lang/Object;[Ljava/lang/Object;)Ljava/lang/Object;
j  org.objectweb.proactive.core.mop.MethodCall.execute(Ljava/lang/Object;)Ljava/lang/Object;+183
j  org.objectweb.proactive.core.body.request.RequestImpl.serveInternal(Lorg/objectweb/proactive/Body;)Lorg/objectweb/proactive/core/body/future/MethodCallResult;+14
j  org.objectweb.proactive.core.body.request.RequestImpl.serve(Lorg/objectweb/proactive/Body;)Lorg/objectweb/proactive/core/body/reply/Reply;+39
j  org.objectweb.proactive.core.body.BodyImpl$ActiveLocalBodyStrategy.serveInternal(Lorg/objectweb/proactive/core/body/request/Request;)V+99
j  org.objectweb.proactive.core.body.BodyImpl$ActiveLocalBodyStrategy.serve(Lorg/objectweb/proactive/core/body/request/Request;)V+45
j  org.objectweb.proactive.core.body.AbstractBody.serve(Lorg/objectweb/proactive/core/body/request/Request;)V+43
j  org.objectweb.proactive.Service.blockingServeOldest(Lorg/objectweb/proactive/core/body/request/RequestFilter;J)V+24
j  org.objectweb.proactive.Service.blockingServeOldest()V+3
j  org.objectweb.proactive.Service.fifoServing()V+52
j  org.objectweb.proactive.core.body.ActiveBody$FIFORunActive.runActivity(Lorg/objectweb/proactive/Body;)V+8
j  org.objectweb.proactive.core.body.ActiveBody.run()V+55
j  java.lang.Thread.run()V+11
v  ~StubRoutines::call_stub

---------------  P R O C E S S  ---------------

Java Threads: ( => current thread )
  0x08584c00 JavaThread "RMI TCP Connection(idle)" daemon [_thread_blocked, id=30136]
  0x08574800 JavaThread "RMI RenewClean-[138.96.218.76:47228]" daemon [_thread_blocked, id=28554]
=>0x08573800 JavaThread "AOSimpleScilab on //bebita.inria.fr/Scilab1195749164749" daemon [_thread_in_native, id=28537]
  0x08572400 JavaThread "JMXNotificationThread for org.objectweb.proactive.core.body:type=AO,aoID=-3734c731-11668344ab7--7e04--4d4924157db00ddd--3734c731-11668344ab7--8000" daemon [_thread_blocked, id=28536]
  0x08571400 JavaThread "AOSimpleScilab on //bebita.inria.fr/Scilab1195749164749" daemon [_thread_blocked, id=28531]
  0x08570000 JavaThread "JMXNotificationThread for org.objectweb.proactive.core.body:type=AO,aoID=-3734c731-11668344ab7--7e16--4d4924157db00ddd--3734c731-11668344ab7--8000" daemon [_thread_blocked, id=28530]
  0x0856ec00 JavaThread "AOSimpleScilab on //bebita.inria.fr/Scilab1195749164749" daemon [_thread_blocked, id=28517]
  0x0856dc00 JavaThread "JMXNotificationThread for org.objectweb.proactive.core.body:type=AO,aoID=-3734c731-11668344ab7--7e28--4d4924157db00ddd--3734c731-11668344ab7--8000" daemon [_thread_blocked, id=28516]
  0x0856d000 JavaThread "AOSimpleScilab on //bebita.inria.fr/Scilab1195749164749" daemon [_thread_blocked, id=28512]
  0x0856bc00 JavaThread "JMXNotificationThread for org.objectweb.proactive.core.body:type=AO,aoID=-3734c731-11668344ab7--7e3b--4d4924157db00ddd--3734c731-11668344ab7--8000" daemon [_thread_blocked, id=28511]
  0x0856a800 JavaThread "AOSimpleScilab on //bebita.inria.fr/Scilab1195749164749" daemon [_thread_blocked, id=28497]
  0x08569400 JavaThread "JMXNotificationThread for org.objectweb.proactive.core.body:type=AO,aoID=-3734c731-11668344ab7--7e4d--4d4924157db00ddd--3734c731-11668344ab7--8000" daemon [_thread_blocked, id=28496]
  0x08568800 JavaThread "AOSimpleScilab on //bebita.inria.fr/Scilab1195749164749" daemon [_thread_blocked, id=28492]
  0x08432800 JavaThread "JMXNotificationThread for org.objectweb.proactive.core.body:type=AO,aoID=-3734c731-11668344ab7--7e5f--4d4924157db00ddd--3734c731-11668344ab7--8000" daemon [_thread_blocked, id=28491]
  0x08431800 JavaThread "AOSimpleScilab on //bebita.inria.fr/Scilab1195749164749" daemon [_thread_blocked, id=28478]
  0x08430400 JavaThread "JMXNotificationThread for org.objectweb.proactive.core.body:type=AO,aoID=-3734c731-11668344ab7--7e71--4d4924157db00ddd--3734c731-11668344ab7--8000" daemon [_thread_blocked, id=28477]
  0x0842e800 JavaThread "AOSimpleScilab on //bebita.inria.fr/Scilab1195749164749" daemon [_thread_blocked, id=28473]
  0x0842d800 JavaThread "JMXNotificationThread for org.objectweb.proactive.core.body:type=AO,aoID=-3734c731-11668344ab7--7e83--4d4924157db00ddd--3734c731-11668344ab7--8000" daemon [_thread_blocked, id=28472]
  0x0842cc00 JavaThread "AOSimpleScilab on //bebita.inria.fr/Scilab1195749164749" daemon [_thread_blocked, id=28459]
  0x0842bc00 JavaThread "JMXNotificationThread for org.objectweb.proactive.core.body:type=AO,aoID=-3734c731-11668344ab7--7e95--4d4924157db00ddd--3734c731-11668344ab7--8000" daemon [_thread_blocked, id=28458]
  0x0842ac00 JavaThread "AOSimpleScilab on //bebita.inria.fr/Scilab1195749164749" daemon [_thread_blocked, id=28454]
  0x08429400 JavaThread "JMXNotificationThread for org.objectweb.proactive.core.body:type=AO,aoID=-3734c731-11668344ab7--7ea8--4d4924157db00ddd--3734c731-11668344ab7--8000" daemon [_thread_blocked, id=28453]
  0x08428400 JavaThread "AOSimpleScilab on //bebita.inria.fr/Scilab1195749164749" daemon [_thread_blocked, id=28440]
  0x08427400 JavaThread "JMXNotificationThread for org.objectweb.proactive.core.body:type=AO,aoID=-3734c731-11668344ab7--7eba--4d4924157db00ddd--3734c731-11668344ab7--8000" daemon [_thread_blocked, id=28439]
  0x08426400 JavaThread "AOSimpleScilab on //bebita.inria.fr/Scilab1195749164749" daemon [_thread_blocked, id=28435]
  0x08425400 JavaThread "JMXNotificationThread for org.objectweb.proactive.core.body:type=AO,aoID=-3734c731-11668344ab7--7ecc--4d4924157db00ddd--3734c731-11668344ab7--8000" daemon [_thread_blocked, id=28434]
  0x08424800 JavaThread "AOSimpleScilab on //bebita.inria.fr/Scilab1195749164749" daemon [_thread_blocked, id=28421]
  0x08423800 JavaThread "JMXNotificationThread for org.objectweb.proactive.core.body:type=AO,aoID=-3734c731-11668344ab7--7ede--4d4924157db00ddd--3734c731-11668344ab7--8000" daemon [_thread_blocked, id=28420]
  0x08422800 JavaThread "AOSimpleScilab on //bebita.inria.fr/Scilab1195749164749" daemon [_thread_blocked, id=28416]
  0x08421400 JavaThread "JMXNotificationThread for org.objectweb.proactive.core.body:type=AO,aoID=-3734c731-11668344ab7--7ef0--4d4924157db00ddd--3734c731-11668344ab7--8000" daemon [_thread_blocked, id=28415]
  0x08420400 JavaThread "AOSimpleScilab on //bebita.inria.fr/Scilab1195749164749" daemon [_thread_blocked, id=28402]
  0x0841f800 JavaThread "JMXNotificationThread for org.objectweb.proactive.core.body:type=AO,aoID=-3734c731-11668344ab7--7f04--4d4924157db00ddd--3734c731-11668344ab7--8000" daemon [_thread_blocked, id=28401]
  0x0841d400 JavaThread "AOSimpleScilab on //bebita.inria.fr/Scilab1195749164749" daemon [_thread_blocked, id=28397]
  0x0841c400 JavaThread "JMXNotificationThread for org.objectweb.proactive.core.body:type=AO,aoID=-3734c731-11668344ab7--7f16--4d4924157db00ddd--3734c731-11668344ab7--8000" daemon [_thread_blocked, id=28396]
  0x0874e800 JavaThread "AOSimpleScilab on //bebita.inria.fr/Scilab1195749164749" daemon [_thread_blocked, id=28383]
  0x0874d800 JavaThread "JMXNotificationThread for org.objectweb.proactive.core.body:type=AO,aoID=-3734c731-11668344ab7--7f28--4d4924157db00ddd--3734c731-11668344ab7--8000" daemon [_thread_blocked, id=28382]
  0x0874c800 JavaThread "AOSimpleScilab on //bebita.inria.fr/Scilab1195749164749" daemon [_thread_blocked, id=28378]
  0x0874b800 JavaThread "JMXNotificationThread for org.objectweb.proactive.core.body:type=AO,aoID=-3734c731-11668344ab7--7f3a--4d4924157db00ddd--3734c731-11668344ab7--8000" daemon [_thread_blocked, id=28377]
  0x0874ac00 JavaThread "AOSimpleScilab on //bebita.inria.fr/Scilab1195749164749" daemon [_thread_blocked, id=28364]
  0x08749800 JavaThread "JMXNotificationThread for org.objectweb.proactive.core.body:type=AO,aoID=-3734c731-11668344ab7--7f4c--4d4924157db00ddd--3734c731-11668344ab7--8000" daemon [_thread_blocked, id=28363]
  0x0876b000 JavaThread "AOSimpleScilab on //bebita.inria.fr/Scilab1195749164749" daemon [_thread_blocked, id=28358]
  0x0876a400 JavaThread "JMXNotificationThread for org.objectweb.proactive.core.body:type=AO,aoID=-3734c731-11668344ab7--7f5f--4d4924157db00ddd--3734c731-11668344ab7--8000" daemon [_thread_blocked, id=28357]
  0x08769400 JavaThread "AOSimpleScilab on //bebita.inria.fr/Scilab1195749164749" daemon [_thread_blocked, id=28343]
  0x08768800 JavaThread "JMXNotificationThread for org.objectweb.proactive.core.body:type=AO,aoID=-3734c731-11668344ab7--7f71--4d4924157db00ddd--3734c731-11668344ab7--8000" daemon [_thread_blocked, id=28342]
  0x08765c00 JavaThread "AOSimpleScilab on //bebita.inria.fr/Scilab1195749164749" daemon [_thread_blocked, id=28338]
  0x08764400 JavaThread "JMXNotificationThread for org.objectweb.proactive.core.body:type=AO,aoID=-3734c731-11668344ab7--7f83--4d4924157db00ddd--3734c731-11668344ab7--8000" daemon [_thread_blocked, id=28337]
  0x083f4000 JavaThread "AOSimpleScilab on //bebita.inria.fr/Scilab1195749164749" daemon [_thread_blocked, id=28324]
  0x083f3000 JavaThread "JMXNotificationThread for org.objectweb.proactive.core.body:type=AO,aoID=-3734c731-11668344ab7--7f95--4d4924157db00ddd--3734c731-11668344ab7--8000" daemon [_thread_blocked, id=28323]
  0x083f1c00 JavaThread "AOSimpleScilab on //bebita.inria.fr/Scilab1195749164749" daemon [_thread_blocked, id=28319]
  0x083f0800 JavaThread "JMXNotificationThread for org.objectweb.proactive.core.body:type=AO,aoID=-3734c731-11668344ab7--7fa7--4d4924157db00ddd--3734c731-11668344ab7--8000" daemon [_thread_blocked, id=28318]
  0x083ef400 JavaThread "AOSimpleScilab on //bebita.inria.fr/Scilab1195749164749" daemon [_thread_blocked, id=28305]
  0x083ec800 JavaThread "JMXNotificationThread for org.objectweb.proactive.core.body:type=AO,aoID=-3734c731-11668344ab7--7fb9--4d4924157db00ddd--3734c731-11668344ab7--8000" daemon [_thread_blocked, id=28304]
  0x08a51400 JavaThread "AOSimpleScilab on //bebita.inria.fr/Scilab1195749164749" daemon [_thread_blocked, id=28300]
  0x08a4ec00 JavaThread "JMXNotificationThread for org.objectweb.proactive.core.body:type=AO,aoID=-3734c731-11668344ab7--7fcb--4d4924157db00ddd--3734c731-11668344ab7--8000" daemon [_thread_blocked, id=28295]
  0x08a4e000 JavaThread "AOSimpleScilab on //bebita.inria.fr/Scilab1195749164749" daemon [_thread_blocked, id=28283]
  0x08a4cc00 JavaThread "RMI TCP Connection(idle)" daemon [_thread_blocked, id=28282]
  0x08a4c000 JavaThread "RMI RenewClean-[138.96.218.76:36113]" daemon [_thread_blocked, id=28280]
  0x08a4b800 JavaThread "JMXNotificationThread for org.objectweb.proactive.core.body:type=AO,aoID=-3734c731-11668344ab7--7fde--4d4924157db00ddd--3734c731-11668344ab7--8000" daemon [_thread_blocked, id=28278]
  0x08a48800 JavaThread "AOSimpleScilab on //bebita.inria.fr/Scilab1195749164749" daemon [_thread_blocked, id=28260]
  0x08a43000 JavaThread "JMXNotificationThread for org.objectweb.proactive.core.body:type=AO,aoID=-3734c731-11668344ab7--7ff3--4d4924157db00ddd--3734c731-11668344ab7--8000" daemon [_thread_blocked, id=28257]
  0x083e3800 JavaThread "DestroyJavaVM" [_thread_blocked, id=28188]
  0x08a2b000 JavaThread "GC Daemon" daemon [_thread_blocked, id=28238]
  0x08a2a000 JavaThread "RMI Reaper" [_thread_blocked, id=28237]
  0x08a12c00 JavaThread "RMI TCP Accept-0" daemon [_thread_in_native, id=28236]
  0x08a12000 JavaThread "RMI Scheduler(0)" daemon [_thread_blocked, id=28235]
  0x08a0f800 JavaThread "ClassServer-138.96.218.76:2033" daemon [_thread_in_native, id=28233]
  0x08417c00 JavaThread "Low Memory Detector" daemon [_thread_blocked, id=28194]
  0x08416400 JavaThread "CompilerThread0" daemon [_thread_blocked, id=28193]
  0x08415000 JavaThread "Signal Dispatcher" daemon [_thread_blocked, id=28192]
  0x0840cc00 JavaThread "Finalizer" daemon [_thread_blocked, id=28191]
  0x0840b800 JavaThread "Reference Handler" daemon [_thread_blocked, id=28190]

Other Threads:
  0x08402400 VMThread [id=28189]
  0x08419800 WatcherThread [id=28195]

VM state:not at safepoint (normal execution)

VM Mutex/Monitor currently owned by a thread: None

Heap
 def new generation   total 960K, used 317K [0x8c1e0000, 0x8c2e0000, 0x8c6c0000)
  eden space 896K,  30% used [0x8c1e0000, 0x8c225238, 0x8c2c0000)
  from space 64K,  64% used [0x8c2c0000, 0x8c2ca4d8, 0x8c2d0000)
  to   space 64K,   0% used [0x8c2d0000, 0x8c2d0000, 0x8c2e0000)
 tenured generation   total 4096K, used 3124K [0x8c6c0000, 0x8cac0000, 0x901e0000)
   the space 4096K,  76% used [0x8c6c0000, 0x8c9cd2f8, 0x8c9cd400, 0x8cac0000)
 compacting perm gen  total 12288K, used 5104K [0x901e0000, 0x90de0000, 0x941e0000)
   the space 12288K,  41% used [0x901e0000, 0x906dc118, 0x906dc200, 0x90de0000)
    ro space 8192K,  73% used [0x941e0000, 0x947be548, 0x947be600, 0x949e0000)
    rw space 12288K,  57% used [0x949e0000, 0x950d16c0, 0x950d1800, 0x955e0000)

Dynamic libraries:
00101000-001e0000 r-xp 00000000 08:06 23409870   /usr/lib/libtk8.4.so
001e0000-001ec000 rwxp 000df000 08:06 23409870   /usr/lib/libtk8.4.so
001ee000-002a9000 r-xp 00000000 08:06 23415991   /usr/lib/libtcl8.4.so
002a9000-002af000 rwxp 000bb000 08:06 23415991   /usr/lib/libtcl8.4.so
00379000-003ce000 r-xp 00000000 08:06 23410164   /usr/lib/libXt.so.6.0.0
003ce000-003d2000 rwxp 00054000 08:06 23410164   /usr/lib/libXt.so.6.0.0
0040e000-00508000 r-xp 00000000 08:06 23400880   /usr/lib/libX11.so.6.2.0
00508000-0050c000 rwxp 000f9000 08:06 23400880   /usr/lib/libX11.so.6.2.0
007c6000-007d8000 r-xp 00000000 08:06 32867843   /lib/libnsl-2.4.so
007d8000-007d9000 r-xp 00011000 08:06 32867843   /lib/libnsl-2.4.so
007d9000-007da000 rwxp 00012000 08:06 32867843   /lib/libnsl-2.4.so
007da000-007dc000 rwxp 007da000 00:00 0 
007ef000-007f5000 r-xp 00000000 08:06 32867848   /lib/librt-2.4.so
007f5000-007f6000 r-xp 00006000 08:06 32867848   /lib/librt-2.4.so
007f6000-007f7000 rwxp 00007000 08:06 32867848   /lib/librt-2.4.so
00914000-0092d000 r-xp 00000000 08:06 32867834   /lib/ld-2.4.so
0092d000-0092e000 r-xp 00018000 08:06 32867834   /lib/ld-2.4.so
0092e000-0092f000 rwxp 00019000 08:06 32867834   /lib/ld-2.4.so
00935000-00a62000 r-xp 00000000 08:06 32867835   /lib/libc-2.4.so
00a62000-00a64000 r-xp 0012d000 08:06 32867835   /lib/libc-2.4.so
00a64000-00a65000 rwxp 0012f000 08:06 32867835   /lib/libc-2.4.so
00a65000-00a68000 rwxp 00a65000 00:00 0 
00a6a000-00a8d000 r-xp 00000000 08:06 32867836   /lib/libm-2.4.so
00a8d000-00a8e000 r-xp 00022000 08:06 32867836   /lib/libm-2.4.so
00a8e000-00a8f000 rwxp 00023000 08:06 32867836   /lib/libm-2.4.so
00a91000-00a93000 r-xp 00000000 08:06 32867837   /lib/libdl-2.4.so
00a93000-00a94000 r-xp 00001000 08:06 32867837   /lib/libdl-2.4.so
00a94000-00a95000 rwxp 00002000 08:06 32867837   /lib/libdl-2.4.so
00a97000-00a99000 r-xp 00000000 08:06 23425192   /usr/lib/libXau.so.6.0.0
00a99000-00a9a000 rwxp 00001000 08:06 23425192   /usr/lib/libXau.so.6.0.0
00a9c000-00aa1000 r-xp 00000000 08:06 23425193   /usr/lib/libXdmcp.so.6.0.0
00aa1000-00aa2000 rwxp 00004000 08:06 23425193   /usr/lib/libXdmcp.so.6.0.0
00aa4000-00ab3000 r-xp 00000000 08:06 23401940   /usr/lib/libXext.so.6.4.0
00ab3000-00ab4000 rwxp 0000e000 08:06 23401940   /usr/lib/libXext.so.6.4.0
00ab6000-00b01000 r-xp 00000000 08:06 23414614   /usr/lib/libXaw3d.so.7.0
00b01000-00b07000 rwxp 0004a000 08:06 23414614   /usr/lib/libXaw3d.so.7.0
00b07000-00b19000 rwxp 00b07000 00:00 0 
00b3d000-00b44000 r-xp 00000000 08:06 23412561   /usr/lib/libXp.so.6.2.0
00b44000-00b45000 rwxp 00007000 08:06 23412561   /usr/lib/libXp.so.6.2.0
00b5e000-00b74000 r-xp 00000000 08:06 23410216   /usr/lib/libXmu.so.6.2.0
00b74000-00b75000 rwxp 00016000 08:06 23410216   /usr/lib/libXmu.so.6.2.0
00b77000-00b87000 r-xp 00000000 08:06 23410086   /usr/lib/libXpm.so.4.11.0
00b87000-00b88000 rwxp 00010000 08:06 23410086   /usr/lib/libXpm.so.4.11.0
00bca000-00bda000 r-xp 00000000 08:06 32867839   /lib/libpthread-2.4.so
00bda000-00bdb000 r-xp 0000f000 08:06 32867839   /lib/libpthread-2.4.so
00bdb000-00bdc000 rwxp 00010000 08:06 32867839   /lib/libpthread-2.4.so
00bdc000-00bde000 rwxp 00bdc000 00:00 0 
00be0000-00be8000 r-xp 00000000 08:06 23425205   /usr/lib/libSM.so.6.0.0
00be8000-00be9000 rwxp 00008000 08:06 23425205   /usr/lib/libSM.so.6.0.0
00beb000-00c02000 r-xp 00000000 08:06 23425204   /usr/lib/libICE.so.6.3.0
00c02000-00c03000 rwxp 00016000 08:06 23425204   /usr/lib/libICE.so.6.3.0
00c03000-00c05000 rwxp 00c03000 00:00 0 
00cc4000-00ccf000 r-xp 00000000 08:06 32866449   /lib/libgcc_s-4.1.1-20070108.so.1
00ccf000-00cd0000 rwxp 0000a000 08:06 32866449   /lib/libgcc_s-4.1.1-20070108.so.1
02ce6000-02d26000 r-xp 00000000 08:06 23412429   /usr/lib/libncurses.so.5.5
02d26000-02d2e000 rwxp 00040000 08:06 23412429   /usr/lib/libncurses.so.5.5
02d2e000-02d2f000 rwxp 02d2e000 00:00 0 
06000000-06412000 r-xp 00000000 08:06 34078724   /home/fviale/bin/jdk1.6.0/jre/lib/i386/client/libjvm.so
06412000-0642b000 rwxp 00411000 08:06 34078724   /home/fviale/bin/jdk1.6.0/jre/lib/i386/client/libjvm.so
0642b000-0684a000 rwxp 0642b000 00:00 0 
08048000-08052000 r-xp 00000000 08:06 32604194   /home/fviale/bin/jdk1.6.0/jre/bin/java
08052000-08053000 rwxp 00009000 08:06 32604194   /home/fviale/bin/jdk1.6.0/jre/bin/java
083d8000-08a56000 rwxp 083d8000 00:00 0 
8c1e0000-8c2e0000 rwxp 8c1e0000 00:00 0 
8c2e0000-8c6c0000 rwxp 8c2e0000 00:00 0 
8c6c0000-8cac0000 rwxp 8c6c0000 00:00 0 
8cac0000-901e0000 rwxp 8cac0000 00:00 0 
901e0000-90de0000 rwxp 901e0000 00:00 0 
90de0000-941e0000 rwxp 90de0000 00:00 0 
941e0000-947bf000 r-xs 00001000 08:06 34078723   /home/fviale/bin/jdk1.6.0/jre/lib/i386/client/classes.jsa
947bf000-949e0000 rwxp 947bf000 00:00 0 
949e0000-950d2000 rwxp 005e0000 08:06 34078723   /home/fviale/bin/jdk1.6.0/jre/lib/i386/client/classes.jsa
950d2000-955e0000 rwxp 950d2000 00:00 0 
955e0000-956b9000 rwxp 00cd2000 08:06 34078723   /home/fviale/bin/jdk1.6.0/jre/lib/i386/client/classes.jsa
956b9000-959e0000 rwxp 956b9000 00:00 0 
959e0000-959e4000 r-xs 00dab000 08:06 34078723   /home/fviale/bin/jdk1.6.0/jre/lib/i386/client/classes.jsa
959e4000-95de0000 rwxp 959e4000 00:00 0 
b28da000-b307c000 rwxp b28da000 00:00 0 
b307c000-b3096000 r-xp 00000000 08:06 23400085   /usr/lib/libg2c.so.0.0.0
b3096000-b3097000 rwxp 0001a000 08:06 23400085   /usr/lib/libg2c.so.0.0.0
b3097000-b309a000 rwxp b3097000 00:00 0 
b30b5000-b3898000 r-xp 00000000 08:06 26018547   /usr/lib/scilab-4.1.2/bin/libjavasci.so
b3898000-b38bb000 rwxp 007e2000 08:06 26018547   /usr/lib/scilab-4.1.2/bin/libjavasci.so
b38bb000-b3e13000 rwxp b38bb000 00:00 0 
b3e13000-b3e16000 ---p b3e13000 00:00 0 
b3e16000-b3e64000 rwxp b3e16000 00:00 0 
b3e64000-b3e67000 ---p b3e64000 00:00 0 
b3e67000-b3eb5000 rwxp b3e67000 00:00 0 
b3eb5000-b3eb8000 ---p b3eb5000 00:00 0 
b3eb8000-b3f06000 rwxp b3eb8000 00:00 0 
b3f06000-b3f09000 ---p b3f06000 00:00 0 
b3f09000-b3f57000 rwxp b3f09000 00:00 0 
b3f57000-b3f5a000 ---p b3f57000 00:00 0 
b3f5a000-b3fa8000 rwxp b3f5a000 00:00 0 
b3fa8000-b3fab000 ---p b3fa8000 00:00 0 
b3fab000-b3ff9000 rwxp b3fab000 00:00 0 
b3ff9000-b3ffc000 ---p b3ff9000 00:00 0 
b3ffc000-b404a000 rwxp b3ffc000 00:00 0 
b404a000-b404d000 ---p b404a000 00:00 0 
b404d000-b409b000 rwxp b404d000 00:00 0 
b409b000-b409e000 ---p b409b000 00:00 0 
b409e000-b40ec000 rwxp b409e000 00:00 0 
b40ec000-b40ef000 ---p b40ec000 00:00 0 
b40ef000-b413d000 rwxp b40ef000 00:00 0 
b413d000-b4140000 ---p b413d000 00:00 0 
b4140000-b418e000 rwxp b4140000 00:00 0 
b418e000-b4191000 ---p b418e000 00:00 0 
b4191000-b41df000 rwxp b4191000 00:00 0 
b41df000-b41e2000 ---p b41df000 00:00 0 
b41e2000-b4230000 rwxp b41e2000 00:00 0 
b4230000-b4233000 ---p b4230000 00:00 0 
b4233000-b4281000 rwxp b4233000 00:00 0 
b4281000-b4284000 ---p b4281000 00:00 0 
b4284000-b42d2000 rwxp b4284000 00:00 0 
b42d2000-b42d5000 ---p b42d2000 00:00 0 
b42d5000-b4323000 rwxp b42d5000 00:00 0 
b4323000-b4326000 ---p b4323000 00:00 0 
b4326000-b4374000 rwxp b4326000 00:00 0 
b4374000-b4377000 ---p b4374000 00:00 0 
b4377000-b43c5000 rwxp b4377000 00:00 0 
b43c5000-b43c8000 ---p b43c5000 00:00 0 
b43c8000-b4416000 rwxp b43c8000 00:00 0 
b4416000-b4419000 ---p b4416000 00:00 0 
b4419000-b4467000 rwxp b4419000 00:00 0 
b4467000-b446a000 ---p b4467000 00:00 0 
b446a000-b44b8000 rwxp b446a000 00:00 0 
b44b8000-b44bb000 ---p b44b8000 00:00 0 
b44bb000-b4509000 rwxp b44bb000 00:00 0 
b4509000-b450c000 ---p b4509000 00:00 0 
b450c000-b455a000 rwxp b450c000 00:00 0 
b455a000-b455d000 ---p b455a000 00:00 0 
b455d000-b45ab000 rwxp b455d000 00:00 0 
b45ab000-b45ae000 ---p b45ab000 00:00 0 
b45ae000-b45fc000 rwxp b45ae000 00:00 0 
b45fc000-b45ff000 ---p b45fc000 00:00 0 
b45ff000-b464d000 rwxp b45ff000 00:00 0 
b464d000-b4650000 ---p b464d000 00:00 0 
b4650000-b469e000 rwxp b4650000 00:00 0 
b469e000-b46a1000 ---p b469e000 00:00 0 
b46a1000-b46ef000 rwxp b46a1000 00:00 0 
b46ef000-b46f2000 ---p b46ef000 00:00 0 
b46f2000-b4740000 rwxp b46f2000 00:00 0 
b4740000-b4743000 ---p b4740000 00:00 0 
b4743000-b4791000 rwxp b4743000 00:00 0 
b4791000-b4794000 ---p b4791000 00:00 0 
b4794000-b47e2000 rwxp b4794000 00:00 0 
b47e2000-b47e5000 ---p b47e2000 00:00 0 
b47e5000-b4833000 rwxp b47e5000 00:00 0 
b4833000-b4836000 ---p b4833000 00:00 0 
b4836000-b4884000 rwxp b4836000 00:00 0 
b4884000-b4887000 ---p b4884000 00:00 0 
b4887000-b48d5000 rwxp b4887000 00:00 0 
b48d5000-b48d8000 ---p b48d5000 00:00 0 
b48d8000-b4926000 rwxp b48d8000 00:00 0 
b4926000-b4929000 ---p b4926000 00:00 0 
b4929000-b4977000 rwxp b4929000 00:00 0 
b4977000-b497a000 ---p b4977000 00:00 0 
b497a000-b49c8000 rwxp b497a000 00:00 0 
b49c8000-b49cb000 ---p b49c8000 00:00 0 
b49cb000-b4a19000 rwxp b49cb000 00:00 0 
b4a19000-b4a1c000 ---p b4a19000 00:00 0 
b4a1c000-b4a6a000 rwxp b4a1c000 00:00 0 
b4a6a000-b4a6d000 ---p b4a6a000 00:00 0 
b4a6d000-b4abb000 rwxp b4a6d000 00:00 0 
b4abb000-b4abe000 ---p b4abb000 00:00 0 
b4abe000-b4b0c000 rwxp b4abe000 00:00 0 
b4b0c000-b4b0f000 ---p b4b0c000 00:00 0 
b4b0f000-b4b5d000 rwxp b4b0f000 00:00 0 
b4b5d000-b4b60000 ---p b4b5d000 00:00 0 
b4b60000-b4bae000 rwxp b4b60000 00:00 0 
b4bae000-b4bb1000 ---p b4bae000 00:00 0 
b4bb1000-b4bff000 rwxp b4bb1000 00:00 0 
b4bff000-b4c02000 ---p b4bff000 00:00 0 
b4c02000-b4c50000 rwxp b4c02000 00:00 0 
b4c50000-b4c53000 ---p b4c50000 00:00 0 
b4c53000-b4ca1000 rwxp b4c53000 00:00 0 
b4ca1000-b4ca4000 ---p b4ca1000 00:00 0 
b4ca4000-b4cf2000 rwxp b4ca4000 00:00 0 
b4cf2000-b4cf5000 ---p b4cf2000 00:00 0 
b4cf5000-b4d43000 rwxp b4cf5000 00:00 0 
b4d43000-b4d46000 ---p b4d43000 00:00 0 
b4d46000-b4d94000 rwxp b4d46000 00:00 0 
b4d94000-b4d97000 ---p b4d94000 00:00 0 
b4d97000-b4de5000 rwxp b4d97000 00:00 0 
b4de5000-b4de8000 ---p b4de5000 00:00 0 
b4de8000-b4e36000 rwxp b4de8000 00:00 0 
b4e36000-b4e39000 ---p b4e36000 00:00 0 
b4e39000-b4e87000 rwxp b4e39000 00:00 0 
b4e87000-b4e8a000 ---p b4e87000 00:00 0 
b4e8a000-b4ed8000 rwxp b4e8a000 00:00 0 
b4ed8000-b4edb000 ---p b4ed8000 00:00 0 
b4edb000-b4f29000 rwxp b4edb000 00:00 0 
b4f29000-b4f2c000 ---p b4f29000 00:00 0 
b4f2c000-b4f7a000 rwxp b4f2c000 00:00 0 
b4f7a000-b4f7d000 ---p b4f7a000 00:00 0 
b4f7d000-b4fcb000 rwxp b4f7d000 00:00 0 
b4fcb000-b4fce000 ---p b4fcb000 00:00 0 
b4fce000-b501c000 rwxp b4fce000 00:00 0 
b501c000-b501f000 ---p b501c000 00:00 0 
b501f000-b506d000 rwxp b501f000 00:00 0 
b506d000-b5070000 rwxp b506d000 00:00 0 
b5070000-b50be000 rwxp b5070000 00:00 0 
b50be000-b50c1000 ---p b50be000 00:00 0 
b50c1000-b510f000 rwxp b50c1000 00:00 0 
b510f000-b5112000 ---p b510f000 00:00 0 
b5112000-b5160000 rwxp b5112000 00:00 0 
b5160000-b5163000 rwxp b5160000 00:00 0 
b5163000-b51b1000 rwxp b5163000 00:00 0 
b51b1000-b51b4000 rwxp b51b1000 00:00 0 
b51b4000-b5202000 rwxp b51b4000 00:00 0 
b5202000-b5205000 ---p b5202000 00:00 0 
b5205000-b5253000 rwxp b5205000 00:00 0 
b5253000-b5256000 ---p b5253000 00:00 0 
b5256000-b52a4000 rwxp b5256000 00:00 0 
b52a4000-b52a7000 ---p b52a4000 00:00 0 
b52a7000-b52f5000 rwxp b52a7000 00:00 0 
b52f5000-b52f8000 ---p b52f5000 00:00 0 
b52f8000-b5346000 rwxp b52f8000 00:00 0 
b5346000-b5347000 r-xs 00015000 08:06 17989776   /home/fviale/eclipse_workspace/ProActive_Latest/lib/saxon8-dom.jar
b5360000-b5363000 r-xs 00013000 08:06 32735261   /home/fviale/bin/jdk1.6.0/jre/lib/jce.jar
b5363000-b5369000 r-xp 00000000 08:06 34045982   /home/fviale/bin/jdk1.6.0/jre/lib/i386/libmanagement.so
b5369000-b536a000 rwxp 00005000 08:06 34045982   /home/fviale/bin/jdk1.6.0/jre/lib/i386/libmanagement.so
b536a000-b536d000 ---p b536a000 00:00 0 
b536d000-b53bb000 rwxp b536d000 00:00 0 
b53bb000-b53be000 r-xs 00027000 08:06 33980424   /home/fviale/bin/jdk1.6.0/jre/lib/ext/sunjce_provider.jar
b53be000-b53c4000 r-xs 00091000 08:06 32735263   /home/fviale/bin/jdk1.6.0/jre/lib/jsse.jar
b53c4000-b53cb000 r-xs 00106000 08:06 32735272   /home/fviale/bin/jdk1.6.0/jre/lib/resources.jar
b53cb000-b5400000 r-xs 00000000 08:06 34472829   /var/db/nscd/hosts
b5400000-b54b6000 rwxp b5400000 00:00 0 
b54b6000-b5500000 ---p b54b6000 00:00 0 
b5500000-b5501000 rwxp b5500000 00:00 0 
b5501000-b5502000 r-xp 00000000 08:06 34045989   /home/fviale/bin/jdk1.6.0/jre/lib/i386/librmi.so
b5502000-b5503000 rwxp 00000000 08:06 34045989   /home/fviale/bin/jdk1.6.0/jre/lib/i386/librmi.so
b5503000-b5516000 r-xp 00000000 08:06 34045986   /home/fviale/bin/jdk1.6.0/jre/lib/i386/libnet.so
b5516000-b5517000 rwxp 00013000 08:06 34045986   /home/fviale/bin/jdk1.6.0/jre/lib/i386/libnet.so
b5517000-b5518000 r-xs 00000000 08:06 30933009   /home/fviale/eclipse_workspace/ProActive_Latest/lib/US_export_policy.jar
b5518000-b5519000 r-xs 00003000 08:06 17989688   /home/fviale/eclipse_workspace/ProActive_Latest/lib/tablelayout.jar
b5519000-b551e000 r-xs 0002b000 08:06 17989941   /home/fviale/eclipse_workspace/ProActive_Latest/lib/sunxacml.jar
b551e000-b5522000 r-xs 00035000 08:06 17989750   /home/fviale/eclipse_workspace/ProActive_Latest/lib/soap.jar
b5522000-b5524000 r-xs 00000000 08:06 17989694   /home/fviale/eclipse_workspace/ProActive_Latest/lib/simple.jar
b5524000-b5525000 r-xs 00001000 08:06 17989693   /home/fviale/eclipse_workspace/ProActive_Latest/lib/shelltui.jar
b5525000-b5527000 r-xs 00006000 08:06 17989745   /home/fviale/eclipse_workspace/ProActive_Latest/lib/shellplugin.jar
b5527000-b5529000 r-xs 00008000 08:06 17989701   /home/fviale/eclipse_workspace/ProActive_Latest/lib/shell.jar
b5529000-b552a000 r-xs 00002000 08:06 17989719   /home/fviale/eclipse_workspace/ProActive_Latest/lib/shellgui.jar
b552a000-b552b000 r-xs 0000f000 08:06 17989687   /home/fviale/eclipse_workspace/ProActive_Latest/lib/servlet.jar
b552b000-b552e000 r-xs 00014000 08:06 17989696   /home/fviale/eclipse_workspace/ProActive_Latest/lib/servlet-api.jar
b552e000-b5530000 r-xs 00010000 08:06 17989726   /home/fviale/eclipse_workspace/ProActive_Latest/lib/servicebinder.jar
b5530000-b5531000 r-xs 00006000 08:06 17989708   /home/fviale/eclipse_workspace/ProActive_Latest/lib/scriptPlugin.jar
b5531000-b5547000 r-xs 00379000 08:06 17989773   /home/fviale/eclipse_workspace/ProActive_Latest/lib/saxon8.jar
b5547000-b5548000 r-xs 00008000 08:06 17989744   /home/fviale/eclipse_workspace/ProActive_Latest/lib/saaj-api.jar
b5548000-b554c000 r-xs 0002b000 08:06 17989732   /home/fviale/eclipse_workspace/ProActive_Latest/lib/puretls.jar
b554c000-b5555000 r-xs 000aa000 08:06 17989654   /home/fviale/eclipse_workspace/ProActive_Latest/lib/ptolemy.jar
b5555000-b5558000 r-xs 00003000 08:06 17989695   /home/fviale/eclipse_workspace/ProActive_Latest/lib/ow_deployment_scheduling.jar
b5558000-b555a000 r-xs 00004000 08:06 17989714   /home/fviale/eclipse_workspace/ProActive_Latest/lib/osgi.jar
b555a000-b555d000 r-xs 00021000 08:06 17989736   /home/fviale/eclipse_workspace/ProActive_Latest/lib/oscar.jar
b555d000-b5561000 r-xs 00033000 08:06 30081146   /home/fviale/eclipse_workspace/ProActive_Latest/lib/xsdlib.jar
b5561000-b5570000 r-xs 00095000 08:06 30081149   /home/fviale/eclipse_workspace/ProActive_Latest/lib/msv.jar
b5570000-b5572000 r-xs 00006000 08:06 17989703   /home/fviale/eclipse_workspace/ProActive_Latest/lib/moduleloader.jar
b5572000-b5574000 r-xs 00009000 08:06 17989737   /home/fviale/eclipse_workspace/ProActive_Latest/lib/mlibwrapper_jai.jar
b5574000-b5579000 r-xs 00040000 08:06 17989707   /home/fviale/eclipse_workspace/ProActive_Latest/lib/mail.jar
b5579000-b557a000 r-xs 00000000 08:06 30933010   /home/fviale/eclipse_workspace/ProActive_Latest/lib/local_policy.jar
b557a000-b558d000 r-xs 000cc000 08:06 17989716   /home/fviale/eclipse_workspace/ProActive_Latest/lib/jung-1.7.4.jar
b558d000-b558f000 r-xs 00008000 08:06 17989743   /home/fviale/eclipse_workspace/ProActive_Latest/lib/julia-runtime.jar
b558f000-b5592000 r-xs 0000d000 08:06 17989738   /home/fviale/eclipse_workspace/ProActive_Latest/lib/julia-mixins.jar
b5592000-b5595000 r-xs 00012000 08:06 17989723   /home/fviale/eclipse_workspace/ProActive_Latest/lib/julia-asm.jar
b5595000-b55a2000 r-xs 000ff000 08:06 17989680   /home/fviale/eclipse_workspace/ProActive_Latest/lib/jfreechart-1.0.2.jar
b55a2000-b55a5000 r-xs 00022000 08:06 17989691   /home/fviale/eclipse_workspace/ProActive_Latest/lib/jdom.jar
b55a5000-b55ab000 r-xs 00046000 08:06 17989698   /home/fviale/eclipse_workspace/ProActive_Latest/lib/jcommon-1.0.6.jar
b55ab000-b55b1000 r-xs 0006d000 08:06 17989641   /home/fviale/eclipse_workspace/ProActive_Latest/lib/javassist.jar
b55b1000-b55b3000 r-xs 00002000 08:06 17989720   /home/fviale/eclipse_workspace/ProActive_Latest/lib/javasci.jar
b55b3000-b55c1000 r-xs 000d5000 08:06 17989729   /home/fviale/eclipse_workspace/ProActive_Latest/lib/jai_imageio.jar
b55c1000-b55d4000 r-xs 0016e000 08:06 17989717   /home/fviale/eclipse_workspace/ProActive_Latest/lib/jai_core.jar
b55d4000-b55d8000 r-xs 00031000 08:06 17989697   /home/fviale/eclipse_workspace/ProActive_Latest/lib/jai_codec.jar
b55d8000-b55db000 r-xs 0002d000 08:06 30081148   /home/fviale/eclipse_workspace/ProActive_Latest/lib/isorelax.jar
b55db000-b55dc000 r-xs 0000a000 08:06 17989730   /home/fviale/eclipse_workspace/ProActive_Latest/lib/ibis-util-1.0.jar
b55dc000-b55df000 r-xs 00015000 08:06 17989681   /home/fviale/eclipse_workspace/ProActive_Latest/lib/ibis-connect-1.0.jar
b55df000-b55f0000 r-xs 0012e000 08:06 17989689   /home/fviale/eclipse_workspace/ProActive_Latest/lib/ibis-1.4.jar
b55f0000-b55f1000 r-xs 00089000 08:06 17989685   /home/fviale/eclipse_workspace/ProActive_Latest/lib/http.jar
b55f1000-b55f2000 r-xs 00007000 08:06 17989692   /home/fviale/eclipse_workspace/ProActive_Latest/lib/glite-wms-jdlj.jar
b55f2000-b55f6000 r-xs 00038000 08:06 17995715   /home/fviale/eclipse_workspace/ProActive_Latest/lib/ganymed-ssh2-build210.jar
b55f6000-b55f7000 r-xs 00002000 08:06 17989704   /home/fviale/eclipse_workspace/ProActive_Latest/lib/fractal.jar
b55f7000-b55fc000 r-xs 0001e000 08:06 17989702   /home/fviale/eclipse_workspace/ProActive_Latest/lib/fractal-adl.jar
b55fc000-b55fe000 r-xs 0000a000 08:06 17989710   /home/fviale/eclipse_workspace/ProActive_Latest/lib/dtdparser.jar
b55fe000-b5601000 r-xs 00024000 08:06 17990035   /home/fviale/eclipse_workspace/ProActive_Latest/lib/derbytools.jar
b5601000-b5624000 r-xs 00218000 08:06 17989864   /home/fviale/eclipse_workspace/ProActive_Latest/lib/derby.jar
b5624000-b5626000 r-xs 00010000 08:06 17989735   /home/fviale/eclipse_workspace/ProActive_Latest/lib/cryptix-asn1.jar
b5626000-b562c000 r-xs 00071000 08:06 17989678   /home/fviale/eclipse_workspace/ProActive_Latest/lib/cryptix32.jar
b562c000-b562e000 r-xs 00006000 08:06 17989741   /home/fviale/eclipse_workspace/ProActive_Latest/lib/commons-cli-1.0.jar
b562e000-b563c000 r-xs 00081000 08:06 17989734   /home/fviale/eclipse_workspace/ProActive_Latest/lib/colt.jar
b563c000-b563e000 r-xs 0000c000 08:06 17989748   /home/fviale/eclipse_workspace/ProActive_Latest/lib/colobus-0.1.jar
b563e000-b5657000 r-xs 001a6000 08:06 17989725   /home/fviale/eclipse_workspace/ProActive_Latest/lib/cog-ogce.jar
b5657000-b5662000 r-xs 000a2000 08:06 17989739   /home/fviale/eclipse_workspace/ProActive_Latest/lib/cog-jglobus-1.2.jar
b5662000-b5692000 rwxp b5662000 00:00 0 
b5692000-b580c000 r-xs 02c68000 08:06 32735273   /home/fviale/bin/jdk1.6.0/jre/lib/rt.jar
b580c000-b5813000 r-xs 00053000 08:06 17991219   /home/fviale/eclipse_workspace/ProActive_Latest/lib/log4j.jar
b5813000-b5814000 r-xs 00007000 08:06 17990030   /home/fviale/eclipse_workspace/ProActive_Latest/lib/commons-logging.jar
b5814000-b5815000 r-xs 00000000 08:06 17989749   /home/fviale/eclipse_workspace/ProActive_Latest/lib/cryptix.jar
b5815000-b5820000 r-xs 0009f000 08:06 17989718   /home/fviale/eclipse_workspace/ProActive_Latest/lib/cog-jglobus.jar
b5820000-b5823000 r-xs 0000f000 08:06 17989890   /home/fviale/eclipse_workspace/ProActive_Latest/lib/commons-discovery.jar
b5823000-b582b000 r-xs 00028000 08:06 17989711   /home/fviale/eclipse_workspace/ProActive_Latest/lib/xml-apis.jar
b582b000-b5841000 r-xs 00110000 08:06 17995573   /home/fviale/eclipse_workspace/ProActive_Latest/lib/xercesImpl.jar
b5841000-b5843000 r-xs 00006000 08:06 17989727   /home/fviale/eclipse_workspace/ProActive_Latest/lib/njs_client.jar
b5843000-b5847000 r-xs 00018000 08:06 17989679   /home/fviale/eclipse_workspace/ProActive_Latest/lib/wsdl4j.jar
b5847000-b584d000 r-xs 0004f000 08:06 17989733   /home/fviale/eclipse_workspace/ProActive_Latest/lib/jh.jar
b584d000-b584f000 r-xs 00007000 08:06 17989690   /home/fviale/eclipse_workspace/ProActive_Latest/lib/jaxrpc.jar
b584f000-b5864000 r-xs 00318000 08:06 17989684   /home/fviale/eclipse_workspace/ProActive_Latest/lib/client.jar
b5864000-b5866000 r-xs 00007000 08:06 17989686   /home/fviale/eclipse_workspace/ProActive_Latest/lib/clibwrapper_jiio.jar
b5866000-b5867000 r-xs 00012000 08:06 17989740   /home/fviale/eclipse_workspace/ProActive_Latest/lib/classad.jar
b5867000-b5868000 r-xs 00013000 08:06 17989682   /home/fviale/eclipse_workspace/ProActive_Latest/lib/bundlerepository.jar
b5868000-b5887000 r-xs 0013c000 08:06 19562562   /home/fviale/eclipse_workspace/ProActive_Latest/lib/bouncycastle.jar
b5887000-b5888000 r-xs 00004000 08:06 17989728   /home/fviale/eclipse_workspace/ProActive_Latest/lib/batik-xml.jar
b5888000-b588a000 r-xs 00012000 08:06 17989699   /home/fviale/eclipse_workspace/ProActive_Latest/lib/batik-util.jar
b588a000-b588f000 r-xs 00024000 08:06 17989722   /home/fviale/eclipse_workspace/ProActive_Latest/lib/batik-svggen.jar
b588f000-b5892000 r-xs 00013000 08:06 17989677   /home/fviale/eclipse_workspace/ProActive_Latest/lib/batik-dom.jar
b5892000-b589b000 r-xs 00052000 08:06 17989712   /home/fviale/eclipse_workspace/ProActive_Latest/lib/batik-awt-util.jar
b589b000-b58ad000 r-xs 00135000 08:06 17989676   /home/fviale/eclipse_workspace/ProActive_Latest/lib/axis.jar
b58ad000-b58b4000 r-xs 00024000 08:06 17989683   /home/fviale/eclipse_workspace/ProActive_Latest/lib/ajo.jar
b58b4000-b58b5000 ---p b58b4000 00:00 0 
b58b5000-b5935000 rwxp b58b5000 00:00 0 
b5935000-b5938000 ---p b5935000 00:00 0 
b5938000-b5986000 rwxp b5938000 00:00 0 
b5986000-b5989000 ---p b5986000 00:00 0 
b5989000-b5a07000 rwxp b5989000 00:00 0 
b5a07000-b5a0a000 ---p b5a07000 00:00 0 
b5a0a000-b5a58000 rwxp b5a0a000 00:00 0 
b5a58000-b5c58000 r-xp 00000000 08:06 23424357   /usr/lib/locale/locale-archive
b5c58000-b5c5b000 ---p b5c58000 00:00 0 
b5c5b000-b5ca9000 rwxp b5c5b000 00:00 0 
b5ca9000-b5cac000 ---p b5ca9000 00:00 0 
b5cac000-b5cfa000 rwxp b5cac000 00:00 0 
b5cfa000-b5cfb000 ---p b5cfa000 00:00 0 
b5cfb000-b5d89000 rwxp b5cfb000 00:00 0 
b5d89000-b5da3000 rwxp b5d89000 00:00 0 
b5da3000-b5da6000 rwxp b5da3000 00:00 0 
b5da6000-b5dc1000 rwxp b5da6000 00:00 0 
b5dc1000-b5dc2000 rwxp b5dc1000 00:00 0 
b5dc2000-b5dc3000 rwxp b5dc2000 00:00 0 
b5dc3000-b5dc6000 rwxp b5dc3000 00:00 0 
b5dc6000-b5de1000 rwxp b5dc6000 00:00 0 
b5de1000-b5de7000 rwxp b5de1000 00:00 0 
b5de7000-b5e01000 rwxp b5de7000 00:00 0 
b5e01000-b5e12000 rwxp b5e01000 00:00 0 
b5e12000-b5e8c000 rwxp b5e12000 00:00 0 
b5e8c000-b5ff4000 rwxp b5e8c000 00:00 0 
b5ff4000-b7e8c000 rwxp b5ff4000 00:00 0 
b7e8c000-b7e9b000 r-xp 00000000 08:06 34045994   /home/fviale/bin/jdk1.6.0/jre/lib/i386/libzip.so
b7e9b000-b7e9d000 rwxp 0000e000 08:06 34045994   /home/fviale/bin/jdk1.6.0/jre/lib/i386/libzip.so
b7e9d000-b7ec0000 r-xp 00000000 08:06 34045971   /home/fviale/bin/jdk1.6.0/jre/lib/i386/libjava.so
b7ec0000-b7ec2000 rwxp 00023000 08:06 34045971   /home/fviale/bin/jdk1.6.0/jre/lib/i386/libjava.so
b7ec2000-b7ecd000 r-xp 00000000 08:06 34045993   /home/fviale/bin/jdk1.6.0/jre/lib/i386/libverify.so
b7ecd000-b7ece000 rwxp 0000b000 08:06 34045993   /home/fviale/bin/jdk1.6.0/jre/lib/i386/libverify.so
b7ece000-b7f03000 r-xs 00000000 08:06 34472827   /var/db/nscd/passwd
b7f03000-b7f06000 ---p b7f03000 00:00 0 
b7f06000-b7f56000 rwxp b7f06000 00:00 0 
b7f56000-b7f5d000 r-xp 00000000 08:06 34177026   /home/fviale/bin/jdk1.6.0/jre/lib/i386/jli/libjli.so
b7f5d000-b7f5f000 rwxp 00006000 08:06 34177026   /home/fviale/bin/jdk1.6.0/jre/lib/i386/jli/libjli.so
b7f5f000-b7f60000 rwxp b7f5f000 00:00 0 
b7f60000-b7f61000 r-xs 00004000 08:06 30081155   /home/fviale/eclipse_workspace/ProActive_Latest/lib/relaxngDatatype.jar
b7f61000-b7f62000 r-xs 00008000 08:06 17989705   /home/fviale/eclipse_workspace/ProActive_Latest/lib/asm-2.2.1.jar
b7f62000-b7f64000 r-xs 0000a000 08:06 17989715   /home/fviale/eclipse_workspace/ProActive_Latest/lib/activation.jar
b7f64000-b7f69000 rwxp b7f64000 00:00 0 
b7f69000-b7f71000 rwxs 00000000 08:06 30081187   /tmp/hsperfdata_fviale/28185
b7f71000-b7f77000 r-xp 00000000 08:06 34242563   /home/fviale/bin/jdk1.6.0/jre/lib/i386/native_threads/libhpi.so
b7f77000-b7f78000 rwxp 00006000 08:06 34242563   /home/fviale/bin/jdk1.6.0/jre/lib/i386/native_threads/libhpi.so
b7f78000-b7f79000 rwxp b7f78000 00:00 0 
b7f79000-b7f7a000 r-xp b7f79000 00:00 0 
b7f7a000-b7f7b000 rwxp b7f7a000 00:00 0 
b7f7b000-b7f7c000 r-xp b7f7b000 00:00 0          [vdso]
bf9f4000-bfa0b000 rwxp bf9f4000 00:00 0          [stack]

VM Arguments:
jvm_args: -Djava.library.path=/home/fviale/bin/jdk1.6.0/jre/lib/i386/client:/home/fviale/bin/jdk1.6.0/jre/lib/i386:/home/fviale/bin/jdk1.6.0/jre/../lib/i386:/usr/lib/scilab-4.1.2/bin -Djava.security.policy=/user/fviale/home/eclipse_workspace/ProActive_Latest/scripts/unix/scheduler/../../../scripts/proactive.java.policy -Dlog4j.configuration=file:/user/fviale/home/eclipse_workspace/ProActive_Latest/scripts/unix/scheduler/../../../scripts/proactive-log4j
java_command: org.objectweb.proactive.core.node.StartNode //bebita.inria.fr/Scilab1195749164749
Launcher Type: SUN_STANDARD

Environment Variables:
JAVA_HOME=/user/fviale/home/bin/jdk1.6.0
PATH=/usr/lib/qt-3.3/bin:/user/fviale/home/bin:/user/fviale/home/bin/eclipse:/user/fviale/home/bin/firefox:/user/fviale/home/bin/ArgoUml:/user/fviale/home/bin/xxe-std-3_5_0/bin:/user/fviale/home/bin/chainsaw:/user/fviale/home/bin/jdk1.6.0/bin:/user/fviale/home/bin/nvu-1.0/:/user/fviale/home/bin/glassfish/bin:/user/fviale/home/bin/vex:/user/fviale/home/bin/etrace-2.1/src:/user/fviale/home/bin/idea-6197/bin:/usr/local/bin:/bin:/usr/bin:/usr/lib/scilab-4.1.2/bin
LD_LIBRARY_PATH=/home/fviale/bin/jdk1.6.0/jre/lib/i386/client:/home/fviale/bin/jdk1.6.0/jre/lib/i386:/home/fviale/bin/jdk1.6.0/jre/../lib/i386:/usr/lib/scilab-4.1.2/bin
SHELL=/bin/bash
DISPLAY=localhost:10.0

Signal Handlers:
SIGSEGV: [libjvm.so+0x3aea90], sa_mask[0]=0x7ffbfeff, sa_flags=0x10000004
SIGBUS: [libjvm.so+0x3aea90], sa_mask[0]=0x7ffbfeff, sa_flags=0x10000004
SIGFPE: [libjvm.so+0x304e70], sa_mask[0]=0x7ffbfeff, sa_flags=0x10000004
SIGPIPE: [libjvm.so+0x304e70], sa_mask[0]=0x7ffbfeff, sa_flags=0x10000004
SIGILL: [libjvm.so+0x304e70], sa_mask[0]=0x7ffbfeff, sa_flags=0x10000004
SIGUSR1: SIG_DFL, sa_mask[0]=0x00000000, sa_flags=0x00000000
SIGUSR2: [libjvm.so+0x306e80], sa_mask[0]=0x00000004, sa_flags=0x10000004
SIGHUP: [libjvm.so+0x3068a0], sa_mask[0]=0x7ffbfeff, sa_flags=0x10000004
SIGINT: [libjavasci.so+0x5fe705], sa_mask[0]=0x00000002, sa_flags=0x10000000
SIGQUIT: [libjvm.so+0x3068a0], sa_mask[0]=0x7ffbfeff, sa_flags=0x10000004
SIGTERM: [libjvm.so+0x3068a0], sa_mask[0]=0x7ffbfeff, sa_flags=0x10000004
SIGUSR2: [libjvm.so+0x306e80], sa_mask[0]=0x00000004, sa_flags=0x10000004


---------------  S Y S T E M  ---------------

OS:Fedora Core release 5 (Bordeaux)

uname:Linux 2.6.20-1.2320.fc5smp #1 SMP Tue Jun 12 19:40:16 EDT 2007 i686
libc:glibc 2.4 NPTL 2.4 
rlimit: STACK 10240k, CORE 0k, NPROC 32744, NOFILE 1024, AS infinity
load average:0.64 0.72 0.68

CPU:total 2 family 15, cmov, cx8, fxsr, mmx, sse, sse2, ht

Memory: 4k page, physical 2069976k(234664k free), swap 2096440k(1349196k free)

vm_info: Java HotSpot(TM) Client VM (1.6.0-b105) for linux-x86, built on Nov 29 2006 01:24:38 by "java_re" with gcc 3.2.1-7a (J2SE release)

