#
# An unexpected error has been detected by Java Runtime Environment:
#
#  Internal Error (4F533F4C494E55580E4350500F5D), pid=26754, tid=100154272
#
# Java VM: Java HotSpot(TM) Client VM (1.6.0-b105 mixed mode, sharing)
# If you would like to submit a bug report, please visit:
#   http://java.sun.com/webapps/bugreport/crash.jsp
#

---------------  T H R E A D  ---------------

Current thread (0x09a03000):  JavaThread "main" [_thread_blocked, id=26809]

Stack: [0x05583000,0x05f84000),  sp=0x05f7c300,  free space=10212k
Native frames: (J=compiled Java code, j=interpreted, Vv=VM code, C=native code)
V  [libjvm.so+0x3aded7]
V  [libjvm.so+0x1af37f]
V  [libjvm.so+0x306482]
V  [libjvm.so+0x35da89]
V  [libjvm.so+0x35e0f3]
V  [libjvm.so+0x35c626]
V  [libjvm.so+0x1fc811]
j  com.mathworks.mde.cmdwin.CmdWinDocument$FlushRunnable.hasRoom(I)Z+0
j  com.mathworks.mde.cmdwin.CmdWinDocument$FlushRunnable.addTextAndInvoke([CIIZ)V+80
j  com.mathworks.mde.cmdwin.CmdWinDocument.flushBuffer([CIIZ)V+10
j  com.mathworks.mde.cmdwin.CmdWinMLIF.bufferBeforePrompt([CIZ)V+7
v  ~StubRoutines::call_stub
V  [libjvm.so+0x20967d]
V  [libjvm.so+0x3057d8]
V  [libjvm.so+0x209510]
V  [libjvm.so+0x232b87]
V  [libjvm.so+0x2196cd]
C  [libnativecmdwin.so+0x37cc]  _ZN7JNIEnv_14CallVoidMethodEP8_jobjectP10_jmethodIDz+0x2c
C  [libnativecmdwin.so+0x3176]  _ZN22JavaCmdWinStreamBuffer22JavaBufferBeforePromptEP7JNIEnv_P11_jcharArrayi+0x56
C  [libnativecmdwin.so+0x3419]  _ZN22JavaCmdWinStreamBuffer4syncEv+0xf9
C  [libstdc++.so.6+0x801c2]  _ZNSo5flushEv+0x32
C  [libnativejmi.so+0x11889]  _Z8DoStdOuti+0x49
C  [libmwuix.so+0x60d7e]
C  [libmwuix.so+0x5b504]
C  [libmwuix.so+0x685e8]
C  [libmwuix.so+0x68a89]
C  [libmwservices.so+0x3b4f6]  ioGetChar+0x86
C  [libmwbridge.so+0xaea8]
C  [libmwbridge.so+0xb1cc]
C  [libmwbridge.so+0xb461]
C  [libmwbridge.so+0xdd22]
C  [libmwbridge.so+0xde6c]
C  [libmwbridge.so+0xe5c9]  mnParser+0x179
C  [libmwmcr.so+0x1f304]  _ZN11mcrInstance8mnParserEv+0x34
C  [MATLAB+0x11f8]  __gxx_personality_v0+0x2f4
C  [libmwmcr.so+0x18899]
C  [libpthread.so.0+0x5433]

Java frames: (J=compiled Java code, j=interpreted, Vv=VM code)
j  com.mathworks.mde.cmdwin.CmdWinDocument$FlushRunnable.hasRoom(I)Z+0
j  com.mathworks.mde.cmdwin.CmdWinDocument$FlushRunnable.addTextAndInvoke([CIIZ)V+80
j  com.mathworks.mde.cmdwin.CmdWinDocument.flushBuffer([CIIZ)V+10
j  com.mathworks.mde.cmdwin.CmdWinMLIF.bufferBeforePrompt([CIZ)V+7
v  ~StubRoutines::call_stub
J  java.lang.Object.wait(J)V
j  org.objectweb.proactive.core.body.future.FutureProxy.waitFor(J)V+128
j  org.objectweb.proactive.core.body.future.FutureProxy.waitFor()V+2
j  org.objectweb.proactive.core.body.future.FutureProxy.getResult()Ljava/lang/Object;+1
j  org.objectweb.proactive.api.PAFuture.getFutureValue(Ljava/lang/Object;)Ljava/lang/Object;+32
v  ~StubRoutines::call_stub

---------------  P R O C E S S  ---------------

Java Threads: ( => current thread )
  0x0a26e800 JavaThread "Monitoring the Futures" daemon [_thread_blocked, id=26877]
  0x0a26f000 JavaThread "RMI RenewClean-[138.96.218.76:36594]" daemon [_thread_blocked, id=26874]
  0xb3cdc000 JavaThread "GC Daemon" daemon [_thread_blocked, id=26867]
  0xb3c98400 JavaThread "RMI Reaper" [_thread_blocked, id=26866]
  0xb3c6d000 JavaThread "RMI TCP Accept-0" daemon [_thread_in_native, id=26865]
  0xb3c5ec00 JavaThread "RMI Scheduler(0)" daemon [_thread_blocked, id=26864]
  0xb3c66000 JavaThread "ClassServer-bebita.inria.fr:2030" daemon [_thread_in_native, id=26863]
  0xb3ca5800 JavaThread "Timer queue for AWT thread" daemon [_thread_blocked, id=26853]
  0xb4417400 JavaThread "Thread-16" [_thread_blocked, id=26841]
  0xb4416800 JavaThread "Thread-15" [_thread_blocked, id=26840]
  0xb4415800 JavaThread "Thread-14" [_thread_blocked, id=26839]
  0xb4414c00 JavaThread "Thread-13" [_thread_blocked, id=26838]
  0xb46fc000 JavaThread "Thread-12" [_thread_blocked, id=26837]
  0xb46fb400 JavaThread "Thread-11" [_thread_blocked, id=26836]
  0xb46fcc00 JavaThread "Thread-10" [_thread_blocked, id=26835]
  0xb46b7400 JavaThread "Thread-9" [_thread_blocked, id=26834]
  0xb46b6800 JavaThread "Thread-8" [_thread_blocked, id=26833]
  0xb46fa800 JavaThread "Thread-7" [_thread_blocked, id=26832]
  0xb46ee000 JavaThread "Thread-6" [_thread_blocked, id=26831]
  0xb46bf000 JavaThread "Thread-5" [_thread_blocked, id=26830]
  0xb46ac800 JavaThread "Thread-4" [_thread_blocked, id=26829]
  0xb46ad400 JavaThread "Active Reference Queue Daemon" daemon [_thread_blocked, id=26828]
  0xb48a1000 JavaThread "Timer-1" daemon [_thread_blocked, id=26827]
  0xb48dc800 JavaThread "TimerQueue" daemon [_thread_blocked, id=26825]
  0x09a32c00 JavaThread "AWT-EventQueue-0" [_thread_in_native, id=26823]
  0x09d94000 JavaThread "AWT-Shutdown" [_thread_blocked, id=26822]
  0x09d6fc00 JavaThread "AWT-XAWT" daemon [_thread_in_native, id=26821]
  0x09d5e400 JavaThread "Java2D Disposer" daemon [_thread_blocked, id=26820]
  0x09a82000 JavaThread "Timer-0" [_thread_blocked, id=26819]
  0x09a36400 JavaThread "Low Memory Detector" daemon [_thread_blocked, id=26817]
  0x09a34c00 JavaThread "CompilerThread0" daemon [_thread_blocked, id=26816]
  0x09a33800 JavaThread "Signal Dispatcher" daemon [_thread_blocked, id=26815]
  0x09a2f400 JavaThread "Finalizer" daemon [_thread_blocked, id=26814]
  0x09a2b000 JavaThread "Reference Handler" daemon [_thread_blocked, id=26813]
=>0x09a03000 JavaThread "main" [_thread_blocked, id=26809]

Other Threads:
  0x09a21800 VMThread [id=26812]
  0x09a38000 WatcherThread [id=26818]

VM state:not at safepoint (normal execution)

VM Mutex/Monitor currently owned by a thread: None

Heap
 def new generation   total 14912K, used 1600K [0x880a0000, 0x890c0000, 0x8a0a0000)
  eden space 13312K,  12% used [0x880a0000, 0x882302a0, 0x88da0000)
  from space 1600K,   0% used [0x88da0000, 0x88da0000, 0x88f30000)
  to   space 1600K,   0% used [0x88f30000, 0x88f30000, 0x890c0000)
 tenured generation   total 49152K, used 22477K [0x8a0a0000, 0x8d0a0000, 0x900a0000)
   the space 49152K,  45% used [0x8a0a0000, 0x8b693598, 0x8b693600, 0x8d0a0000)
 compacting perm gen  total 24832K, used 24581K [0x900a0000, 0x918e0000, 0x940a0000)
   the space 24832K,  98% used [0x900a0000, 0x918a17a0, 0x918a1800, 0x918e0000)
    ro space 8192K,  69% used [0x940a0000, 0x9462b7d8, 0x9462b800, 0x948a0000)
    rw space 12288K,  57% used [0x948a0000, 0x94f890c8, 0x94f89200, 0x954a0000)

Dynamic libraries:
00110000-00146000 r-xp 00000000 08:06 26091621   /usr/local/matlab2007b/bin/glnx86/libmwjmi.so
00146000-0014e000 rw-p 00036000 08:06 26091621   /usr/local/matlab2007b/bin/glnx86/libmwjmi.so
0014e000-0014f000 rw-p 0014e000 00:00 0 
0014f000-00164000 r-xp 00000000 08:06 26091547   /usr/local/matlab2007b/bin/glnx86/libmwbridge.so
00164000-00169000 rw-p 00014000 08:06 26091547   /usr/local/matlab2007b/bin/glnx86/libmwbridge.so
00169000-0016e000 rw-p 00169000 00:00 0 
0016e000-001ba000 r-xp 00000000 08:06 26091625   /usr/local/matlab2007b/bin/glnx86/libmwm_dispatcher.so
001ba000-001c4000 rw-p 0004b000 08:06 26091625   /usr/local/matlab2007b/bin/glnx86/libmwm_dispatcher.so
001c4000-001ca000 r-xp 00000000 08:06 32867848   /lib/librt-2.4.so
001ca000-001cb000 r--p 00006000 08:06 32867848   /lib/librt-2.4.so
001cb000-001cc000 rw-p 00007000 08:06 32867848   /lib/librt-2.4.so
001cc000-001ce000 r-xp 00000000 08:06 32867837   /lib/libdl-2.4.so
001ce000-001cf000 r--p 00001000 08:06 32867837   /lib/libdl-2.4.so
001cf000-001d0000 rw-p 00002000 08:06 32867837   /lib/libdl-2.4.so
001d0000-001de000 r-xp 00000000 08:06 26091471   /usr/local/matlab2007b/bin/glnx86/libboost_filesystem-gcc-mt-1_33_1.so.1.33.1
001de000-001e0000 rw-p 0000e000 08:06 26091471   /usr/local/matlab2007b/bin/glnx86/libboost_filesystem-gcc-mt-1_33_1.so.1.33.1
001e0000-00251000 r-xp 00000000 08:06 26091641   /usr/local/matlab2007b/bin/glnx86/libmwmathutil.so
00251000-00256000 rw-p 00070000 08:06 26091641   /usr/local/matlab2007b/bin/glnx86/libmwmathutil.so
00256000-0025f000 r-xp 00000000 08:06 26091615   /usr/local/matlab2007b/bin/glnx86/libmwiqm.so
0025f000-00261000 rw-p 00008000 08:06 26091615   /usr/local/matlab2007b/bin/glnx86/libmwiqm.so
00261000-0026e000 r-xp 00000000 08:06 26091532   /usr/local/matlab2007b/bin/glnx86/libmex.so
0026e000-00270000 rw-p 0000c000 08:06 26091532   /usr/local/matlab2007b/bin/glnx86/libmex.so
00270000-00274000 r-xp 00000000 08:06 26091690   /usr/local/matlab2007b/bin/glnx86/libmwuinone.so
00274000-00275000 rw-p 00004000 08:06 26091690   /usr/local/matlab2007b/bin/glnx86/libmwuinone.so
00275000-0027b000 r-xp 00000000 08:06 26091658   /usr/local/matlab2007b/bin/glnx86/libmwmtok.so
0027b000-0027c000 rw-p 00006000 08:06 26091658   /usr/local/matlab2007b/bin/glnx86/libmwmtok.so
0027c000-0027d000 r--p 0027c000 00:00 0 
0027d000-0032c000 r-xp 00000000 08:06 26091725   /usr/local/matlab2007b/bin/glnx86/libut.so
0032c000-00343000 rw-p 000af000 08:06 26091725   /usr/local/matlab2007b/bin/glnx86/libut.so
00343000-00374000 rw-p 00343000 00:00 0 
00374000-0037d000 r-xp 00000000 08:06 26091652   /usr/local/matlab2007b/bin/glnx86/libmwmlib.so
0037d000-0037e000 rw-p 00009000 08:06 26091652   /usr/local/matlab2007b/bin/glnx86/libmwmlib.so
0037e000-00384000 r-xp 00000000 08:06 26091545   /usr/local/matlab2007b/bin/glnx86/libmwblas.so
00384000-00385000 rw-p 00006000 08:06 26091545   /usr/local/matlab2007b/bin/glnx86/libmwblas.so
00385000-00386000 r-xp 00000000 08:06 26218019   /usr/local/matlab2007b/sys/java/jre/glnx86/jre1.6.0/lib/i386/librmi.so
00386000-00387000 rw-p 00000000 08:06 26218019   /usr/local/matlab2007b/sys/java/jre/glnx86/jre1.6.0/lib/i386/librmi.so
00387000-00388000 r-xp 00000000 08:06 26091501   /usr/local/matlab2007b/bin/glnx86/libicudata.so.36.0
00388000-00389000 rw-p 00000000 08:06 26091501   /usr/local/matlab2007b/bin/glnx86/libicudata.so.36.0
00389000-00411000 r-xp 00000000 08:06 26091686   /usr/local/matlab2007b/bin/glnx86/libmwudd.so
00411000-00431000 rw-p 00087000 08:06 26091686   /usr/local/matlab2007b/bin/glnx86/libmwudd.so
00431000-00434000 rw-p 00431000 00:00 0 
00434000-00435000 r-xp 00434000 00:00 0          [vdso]
00435000-00451000 r-xp 00000000 08:06 26091530   /usr/local/matlab2007b/bin/glnx86/libmat.so
00451000-00455000 rw-p 0001c000 08:06 26091530   /usr/local/matlab2007b/bin/glnx86/libmat.so
00455000-00486000 r-xp 00000000 08:06 26091723   /usr/local/matlab2007b/bin/glnx86/libuij.so
00486000-0048e000 rw-p 00031000 08:06 26091723   /usr/local/matlab2007b/bin/glnx86/libuij.so
0048e000-004c8000 r-xp 00000000 08:06 26091629   /usr/local/matlab2007b/bin/glnx86/libmwm_ir.so
004c8000-004d1000 rw-p 0003a000 08:06 26091629   /usr/local/matlab2007b/bin/glnx86/libmwm_ir.so
004d1000-004e4000 r-xp 00000000 08:06 26091577   /usr/local/matlab2007b/bin/glnx86/libmwdatasvcs.so
004e4000-004e8000 rw-p 00012000 08:06 26091577   /usr/local/matlab2007b/bin/glnx86/libmwdatasvcs.so
004e8000-004ee000 r-xp 00000000 08:06 26091559   /usr/local/matlab2007b/bin/glnx86/libmwcolamd.so
004ee000-004ef000 rw-p 00006000 08:06 26091559   /usr/local/matlab2007b/bin/glnx86/libmwcolamd.so
004ef000-004f8000 r-xp 00000000 08:06 26091505   /usr/local/matlab2007b/bin/glnx86/libicuio.so.36.0
004f8000-004f9000 rw-p 00009000 08:06 26091505   /usr/local/matlab2007b/bin/glnx86/libicuio.so.36.0
004f9000-0050b000 r-xp 00000000 08:06 26091635   /usr/local/matlab2007b/bin/glnx86/libmwm_pcodeio.so
0050b000-0050d000 rw-p 00012000 08:06 26091635   /usr/local/matlab2007b/bin/glnx86/libmwm_pcodeio.so
0050d000-00517000 r-xp 00000000 08:06 26091475   /usr/local/matlab2007b/bin/glnx86/libboost_thread-gcc-mt-1_33_1.so.1.33.1
00517000-00519000 rw-p 00009000 08:06 26091475   /usr/local/matlab2007b/bin/glnx86/libboost_thread-gcc-mt-1_33_1.so.1.33.1
00519000-0051b000 r-xp 00000000 08:06 23425192   /usr/lib/libXau.so.6.0.0
0051b000-0051c000 rw-p 00001000 08:06 23425192   /usr/lib/libXau.so.6.0.0
0051c000-00526000 r-xp 00000000 08:06 26220536   /usr/local/matlab2007b/sys/os/glnx86/libgcc_s.so.1
00526000-00527000 rw-p 00009000 08:06 26220536   /usr/local/matlab2007b/sys/os/glnx86/libgcc_s.so.1
00527000-00587000 r-xp 00000000 08:06 26091688   /usr/local/matlab2007b/bin/glnx86/libmwudd_mi.so
00587000-00597000 rw-p 00060000 08:06 26091688   /usr/local/matlab2007b/bin/glnx86/libmwudd_mi.so
00597000-00598000 rw-p 00597000 00:00 0 
00598000-005ae000 r-xp 00000000 08:06 26091633   /usr/local/matlab2007b/bin/glnx86/libmwm_pcodegen.so
005ae000-005b1000 rw-p 00016000 08:06 26091633   /usr/local/matlab2007b/bin/glnx86/libmwm_pcodegen.so
005b2000-00671000 r-xp 00000000 08:06 26220547   /usr/local/matlab2007b/sys/os/glnx86/libstdc++.so.6.0.8
00671000-0068a000 rw-p 000bf000 08:06 26220547   /usr/local/matlab2007b/sys/os/glnx86/libstdc++.so.6.0.8
0068a000-0068f000 rw-p 0068a000 00:00 0 
0068f000-00699000 r-xp 00000000 08:06 26091619   /usr/local/matlab2007b/bin/glnx86/libmwir_xfmr.so
00699000-0069a000 rw-p 0000a000 08:06 26091619   /usr/local/matlab2007b/bin/glnx86/libmwir_xfmr.so
0069a000-006a9000 r-xp 00000000 08:06 23401940   /usr/lib/libXext.so.6.4.0
006a9000-006aa000 rw-p 0000e000 08:06 23401940   /usr/lib/libXext.so.6.4.0
006aa000-006af000 r-xp 00000000 08:06 23425193   /usr/lib/libXdmcp.so.6.0.0
006af000-006b0000 rw-p 00004000 08:06 23425193   /usr/lib/libXdmcp.so.6.0.0
006b1000-006c4000 r-xp 00000000 08:06 26091732   /usr/local/matlab2007b/bin/glnx86/libz.so.1.2.3
006c4000-006c5000 rw-p 00013000 08:06 26091732   /usr/local/matlab2007b/bin/glnx86/libz.so.1.2.3
006c5000-006e9000 r-xp 00000000 08:06 26091662   /usr/local/matlab2007b/bin/glnx86/libmwprofiler.so
006e9000-006ed000 rw-p 00023000 08:06 26091662   /usr/local/matlab2007b/bin/glnx86/libmwprofiler.so
006ed000-00716000 r-xp 00000000 08:06 26091609   /usr/local/matlab2007b/bin/glnx86/libmwhardcopy.so
00716000-00719000 rw-p 00029000 08:06 26091609   /usr/local/matlab2007b/bin/glnx86/libmwhardcopy.so
00719000-0071a000 rw-p 00719000 00:00 0 
0071a000-00747000 r-xp 00000000 08:06 26091623   /usr/local/matlab2007b/bin/glnx86/libmwlapack.so
00747000-0074a000 rw-p 0002d000 08:06 26091623   /usr/local/matlab2007b/bin/glnx86/libmwlapack.so
0074a000-00751000 r-xp 00000000 08:06 26091539   /usr/local/matlab2007b/bin/glnx86/libmwamd.so
00751000-00752000 rw-p 00007000 08:06 26091539   /usr/local/matlab2007b/bin/glnx86/libmwamd.so
00754000-00874000 r-xp 00000000 08:06 26091672   /usr/local/matlab2007b/bin/glnx86/libmwservices.so
00874000-00888000 rw-p 0011f000 08:06 26091672   /usr/local/matlab2007b/bin/glnx86/libmwservices.so
00888000-00898000 rw-p 00888000 00:00 0 
0089a000-008c2000 r-xp 00000000 08:06 26091656   /usr/local/matlab2007b/bin/glnx86/libmwmpath.so
008c2000-008ca000 rw-p 00027000 08:06 26091656   /usr/local/matlab2007b/bin/glnx86/libmwmpath.so
008ca000-008cc000 rw-p 008ca000 00:00 0 
008cc000-008d6000 r-xp 00000000 08:06 26091563   /usr/local/matlab2007b/bin/glnx86/libmwcsparse.so
008d6000-008d7000 rw-p 0000a000 08:06 26091563   /usr/local/matlab2007b/bin/glnx86/libmwcsparse.so
008d7000-008fc000 r-xp 00000000 08:06 26091637   /usr/local/matlab2007b/bin/glnx86/libmwma57.so
008fc000-008fd000 rw-p 00024000 08:06 26091637   /usr/local/matlab2007b/bin/glnx86/libmwma57.so
008fd000-00905000 r-xp 00000000 08:06 23425205   /usr/lib/libSM.so.6.0.0
00905000-00906000 rw-p 00008000 08:06 23425205   /usr/lib/libSM.so.6.0.0
00906000-0090d000 r-xp 00000000 08:06 23412561   /usr/lib/libXp.so.6.2.0
0090d000-0090e000 rw-p 00007000 08:06 23412561   /usr/lib/libXp.so.6.2.0
0090e000-00910000 r-xp 00000000 08:06 26091736   /usr/local/matlab2007b/bin/glnx86/mklcompat.so
00910000-00911000 rw-p 00001000 08:06 26091736   /usr/local/matlab2007b/bin/glnx86/mklcompat.so
00911000-00912000 r-xp 00000000 08:06 23494838   /usr/lib/gconv/ISO8859-1.so
00912000-00914000 rw-p 00000000 08:06 23494838   /usr/lib/gconv/ISO8859-1.so
00914000-0092d000 r-xp 00000000 08:06 32867834   /lib/ld-2.4.so
0092d000-0092e000 r--p 00018000 08:06 32867834   /lib/ld-2.4.so
0092e000-0092f000 rw-p 00019000 08:06 32867834   /lib/ld-2.4.so
0092f000-00984000 r-xp 00000000 08:06 23410164   /usr/lib/libXt.so.6.0.0
00984000-00988000 rw-p 00054000 08:06 23410164   /usr/lib/libXt.so.6.0.0
00988000-0099f000 r-xp 00000000 08:06 23425204   /usr/lib/libICE.so.6.3.0
0099f000-009a0000 rw-p 00016000 08:06 23425204   /usr/lib/libICE.so.6.3.0
009a0000-009a2000 rw-p 009a0000 00:00 0 
009a2000-009a8000 r-xp 00000000 08:06 26091543   /usr/local/matlab2007b/bin/glnx86/libmwbinder.so
009a8000-009a9000 rw-p 00005000 08:06 26091543   /usr/local/matlab2007b/bin/glnx86/libmwbinder.so
009a9000-009b1000 r-xp 00000000 08:06 32866348   /lib/libnss_nis-2.4.so
009b1000-009b2000 r--p 00007000 08:06 32866348   /lib/libnss_nis-2.4.so
009b2000-009b3000 rw-p 00008000 08:06 32866348   /lib/libnss_nis-2.4.so
009b4000-009ba000 r-xp 00000000 08:06 26091639   /usr/local/matlab2007b/bin/glnx86/libmwmathrng.so
009ba000-009bb000 rw-p 00005000 08:06 26091639   /usr/local/matlab2007b/bin/glnx86/libmwmathrng.so
009bb000-009bc000 rw-p 009bb000 00:00 0 
009bc000-00a1f000 r-xp 00000000 08:06 26091696   /usr/local/matlab2007b/bin/glnx86/libmwxmlcore.so
00a1f000-00a2e000 rw-p 00063000 08:06 26091696   /usr/local/matlab2007b/bin/glnx86/libmwxmlcore.so
00a2e000-00a5a000 r-xp 00000000 08:06 26091650   /usr/local/matlab2007b/bin/glnx86/libmwmcr.so
00a5a000-00a5f000 rw-p 0002c000 08:06 26091650   /usr/local/matlab2007b/bin/glnx86/libmwmcr.so
00a5f000-00a64000 rw-p 00a5f000 00:00 0 
00a64000-00a68000 r-xp 00000000 08:06 23404794   /usr/lib/libXfixes.so.3.0.0
00a68000-00a69000 rw-p 00003000 08:06 23404794   /usr/lib/libXfixes.so.3.0.0
00a6a000-00a8d000 r-xp 00000000 08:06 32867836   /lib/libm-2.4.so
00a8d000-00a8e000 r--p 00022000 08:06 32867836   /lib/libm-2.4.so
00a8e000-00a8f000 rw-p 00023000 08:06 32867836   /lib/libm-2.4.so
00a8f000-00bbc000 r-xp 00000000 08:06 32867835   /lib/libc-2.4.so
00bbc000-00bbe000 r--p 0012d000 08:06 32867835   /lib/libc-2.4.so
00bbe000-00bbf000 rw-p 0012f000 08:06 32867835   /lib/libc-2.4.so
00bbf000-00bc2000 rw-p 00bbf000 00:00 0 
00bc2000-00bc4000 r-xp 00000000 08:06 23404964   /usr/lib/libXinerama.so.1.0.0
00bc4000-00bc5000 rw-p 00001000 08:06 23404964   /usr/lib/libXinerama.so.1.0.0
00bc5000-00bca000 rwxp 00bc5000 00:00 0 
00bca000-00bda000 r-xp 00000000 08:06 32867839   /lib/libpthread-2.4.so
00bda000-00bdb000 r--p 0000f000 08:06 32867839   /lib/libpthread-2.4.so
00bdb000-00bdc000 rw-p 00010000 08:06 32867839   /lib/libpthread-2.4.so
00bdc000-00bde000 rw-p 00bdc000 00:00 0 
00bde000-00ce5000 r-xp 00000000 08:06 26091507   /usr/local/matlab2007b/bin/glnx86/libicuuc.so.36.0
00ce5000-00cf8000 rw-p 00107000 08:06 26091507   /usr/local/matlab2007b/bin/glnx86/libicuuc.so.36.0
00cf8000-00cfa000 rw-p 00cf8000 00:00 0 
00cfa000-00d2f000 r-xp 00000000 08:06 26091496   /usr/local/matlab2007b/bin/glnx86/libguide.so
00d2f000-00d33000 rw-p 00034000 08:06 26091496   /usr/local/matlab2007b/bin/glnx86/libguide.so
00d33000-00d38000 rw-p 00d33000 00:00 0 
00d38000-00d4a000 r-xp 00000000 08:06 32867843   /lib/libnsl-2.4.so
00d4a000-00d4b000 r--p 00011000 08:06 32867843   /lib/libnsl-2.4.so
00d4b000-00d4c000 rw-p 00012000 08:06 32867843   /lib/libnsl-2.4.so
00d4c000-00d4e000 rw-p 00d4c000 00:00 0 
00d4e000-00d57000 r-xp 00000000 08:06 32866344   /lib/libnss_files-2.4.so
00d57000-00d58000 r--p 00008000 08:06 32866344   /lib/libnss_files-2.4.so
00d58000-00d59000 rw-p 00009000 08:06 32866344   /lib/libnss_files-2.4.so
00d59000-00d61000 r-xp 00000000 08:06 23401074   /usr/lib/libXrender.so.1.3.0
00d61000-00d62000 rw-p 00007000 08:06 23401074   /usr/lib/libXrender.so.1.3.0
00d62000-00dbd000 r-xp 00000000 08:06 26091698   /usr/local/matlab2007b/bin/glnx86/libmx.so
00dbd000-00dc5000 rw-p 0005b000 08:06 26091698   /usr/local/matlab2007b/bin/glnx86/libmx.so
00dc5000-01204000 r-xp 00000000 08:06 26091627   /usr/local/matlab2007b/bin/glnx86/libmwm_interpreter.so
01204000-012d1000 rw-p 0043f000 08:06 26091627   /usr/local/matlab2007b/bin/glnx86/libmwm_interpreter.so
012d1000-0133e000 rw-p 012d1000 00:00 0 
0133e000-014cb000 r-xp 00000000 08:06 26220535   /usr/local/matlab2007b/sys/os/glnx86/libXm.so.2.1
014cb000-014df000 rw-p 0018c000 08:06 26220535   /usr/local/matlab2007b/sys/os/glnx86/libXm.so.2.1
014df000-014e0000 rw-p 014df000 00:00 0 
014e0000-01583000 r-xp 00000000 08:06 26091694   /usr/local/matlab2007b/bin/glnx86/libmwumfpack.so
01583000-01586000 rw-p 000a2000 08:06 26091694   /usr/local/matlab2007b/bin/glnx86/libmwumfpack.so
01586000-0160e000 r-xp 00000000 08:06 26091486   /usr/local/matlab2007b/bin/glnx86/libfftw3f.so.3.1.1
0160e000-01612000 rw-p 00087000 08:06 26091486   /usr/local/matlab2007b/bin/glnx86/libfftw3f.so.3.1.1
01612000-01635000 r-xp 00000000 08:06 26218001   /usr/local/matlab2007b/sys/java/jre/glnx86/jre1.6.0/lib/i386/libjava.so
01635000-01637000 rw-p 00023000 08:06 26218001   /usr/local/matlab2007b/sys/java/jre/glnx86/jre1.6.0/lib/i386/libjava.so
01637000-0163d000 r-xp 00000000 08:06 26218027   /usr/local/matlab2007b/sys/java/jre/glnx86/jre1.6.0/lib/i386/native_threads/libhpi.so
0163d000-0163e000 rw-p 00006000 08:06 26218027   /usr/local/matlab2007b/sys/java/jre/glnx86/jre1.6.0/lib/i386/native_threads/libhpi.so
01640000-0176b000 r-xp 00000000 08:06 26091498   /usr/local/matlab2007b/bin/glnx86/libhdf5.so.0.0.0
0176b000-0176f000 rw-p 0012a000 08:06 26091498   /usr/local/matlab2007b/bin/glnx86/libhdf5.so.0.0.0
0176f000-0177a000 r-xp 00000000 08:06 26218022   /usr/local/matlab2007b/sys/java/jre/glnx86/jre1.6.0/lib/i386/libverify.so
0177a000-0177b000 rw-p 0000b000 08:06 26218022   /usr/local/matlab2007b/sys/java/jre/glnx86/jre1.6.0/lib/i386/libverify.so
0177b000-0178a000 r-xp 00000000 08:06 26218023   /usr/local/matlab2007b/sys/java/jre/glnx86/jre1.6.0/lib/i386/libzip.so
0178a000-0178c000 rw-p 0000e000 08:06 26218023   /usr/local/matlab2007b/sys/java/jre/glnx86/jre1.6.0/lib/i386/libzip.so
0178c000-01793000 rwxp 0178c000 00:00 0 
01793000-01795000 r-xp 00000000 08:06 26091712   /usr/local/matlab2007b/bin/glnx86/libnativeservices.so
01795000-01796000 rw-p 00001000 08:06 26091712   /usr/local/matlab2007b/bin/glnx86/libnativeservices.so
01796000-0179d000 r-xp 00000000 08:06 23419483   /usr/lib/libXi.so.6.0.0
0179d000-0179e000 rw-p 00007000 08:06 23419483   /usr/lib/libXi.so.6.0.0
0179e000-017a1000 r-xp 00000000 08:06 26091710   /usr/local/matlab2007b/bin/glnx86/libnativemlint.so
017a1000-017a2000 rw-p 00002000 08:06 26091710   /usr/local/matlab2007b/bin/glnx86/libnativemlint.so
017a5000-018b4000 r-xp 00000000 08:06 26091503   /usr/local/matlab2007b/bin/glnx86/libicui18n.so.36.0
018b4000-018d4000 rw-p 0010e000 08:06 26091503   /usr/local/matlab2007b/bin/glnx86/libicui18n.so.36.0
018d4000-01a57000 r-xp 00000000 08:06 26091631   /usr/local/matlab2007b/bin/glnx86/libmwm_parser.so
01a57000-01e43000 rw-p 00183000 08:06 26091631   /usr/local/matlab2007b/bin/glnx86/libmwm_parser.so
01e43000-01e54000 rwxp 01e43000 00:00 0 
01e54000-01ec3000 rwxp 01e54000 00:00 0 
01ec3000-01ecc000 rwxp 01ec3000 00:00 0 
01ecc000-01ed3000 rwxp 01ecc000 00:00 0 
01ed3000-01eeb000 rwxp 01ed3000 00:00 0 
01eeb000-01f03000 rwxp 01eeb000 00:00 0 
01f03000-01f10000 rwxp 01f03000 00:00 0 
01f10000-01f23000 rwxp 01f10000 00:00 0 
01f23000-01f47000 rwxp 01f23000 00:00 0 
01f47000-01f5f000 rwxp 01f47000 00:00 0 
01f5f000-01f6c000 rwxp 01f5f000 00:00 0 
01f6c000-01f80000 rwxp 01f6c000 00:00 0 
01f80000-01f81000 ---p 01f80000 00:00 0 
01f81000-02001000 rwxp 01f81000 00:00 0 
02001000-02004000 ---p 02001000 00:00 0 
02004000-02052000 rwxp 02004000 00:00 0 
02052000-02055000 ---p 02052000 00:00 0 
02055000-020a3000 rwxp 02055000 00:00 0 
020a3000-020a6000 ---p 020a3000 00:00 0 
020a6000-020f4000 rwxp 020a6000 00:00 0 
020f4000-020f7000 ---p 020f4000 00:00 0 
020f7000-02175000 rwxp 020f7000 00:00 0 
02175000-02178000 ---p 02175000 00:00 0 
02178000-021c6000 rwxp 02178000 00:00 0 
021c6000-021da000 r-xp 00000000 08:06 26091706   /usr/local/matlab2007b/bin/glnx86/libnativejmi.so
021da000-021dd000 rw-p 00014000 08:06 26091706   /usr/local/matlab2007b/bin/glnx86/libnativejmi.so
021dd000-021e0000 ---p 021dd000 00:00 0 
021e0000-0222e000 rwxp 021e0000 00:00 0 
0222e000-02241000 r-xp 00000000 08:06 26218016   /usr/local/matlab2007b/sys/java/jre/glnx86/jre1.6.0/lib/i386/libnet.so
02241000-02242000 rw-p 00013000 08:06 26218016   /usr/local/matlab2007b/sys/java/jre/glnx86/jre1.6.0/lib/i386/libnet.so
02242000-02249000 r-xp 00000000 08:06 26218017   /usr/local/matlab2007b/sys/java/jre/glnx86/jre1.6.0/lib/i386/libnio.so
02249000-0224a000 rw-p 00006000 08:06 26218017   /usr/local/matlab2007b/sys/java/jre/glnx86/jre1.6.0/lib/i386/libnio.so
0224b000-022c1000 r-xp 00000000 08:06 26091555   /usr/local/matlab2007b/bin/glnx86/libmwcholmod.so
022c1000-022c3000 rw-p 00076000 08:06 26091555   /usr/local/matlab2007b/bin/glnx86/libmwcholmod.so
022c3000-0233e000 r-xp 00000000 08:06 26217988   /usr/local/matlab2007b/sys/java/jre/glnx86/jre1.6.0/lib/i386/libawt.so
0233e000-02345000 rw-p 0007b000 08:06 26217988   /usr/local/matlab2007b/sys/java/jre/glnx86/jre1.6.0/lib/i386/libawt.so
02345000-02369000 rw-p 02345000 00:00 0 
02369000-0242f000 r-xp 00000000 08:06 26218013   /usr/local/matlab2007b/sys/java/jre/glnx86/jre1.6.0/lib/i386/libmlib_image.so
0242f000-02430000 rw-p 000c5000 08:06 26218013   /usr/local/matlab2007b/sys/java/jre/glnx86/jre1.6.0/lib/i386/libmlib_image.so
02430000-0246e000 r-xp 00000000 08:06 26218033   /usr/local/matlab2007b/sys/java/jre/glnx86/jre1.6.0/lib/i386/xawt/libmawt.so
0246e000-02471000 rw-p 0003d000 08:06 26218033   /usr/local/matlab2007b/sys/java/jre/glnx86/jre1.6.0/lib/i386/xawt/libmawt.so
02471000-024ef000 r-xp 00000000 08:06 26217993   /usr/local/matlab2007b/sys/java/jre/glnx86/jre1.6.0/lib/i386/libfontmanager.so
024ef000-024f9000 rw-p 0007e000 08:06 26217993   /usr/local/matlab2007b/sys/java/jre/glnx86/jre1.6.0/lib/i386/libfontmanager.so
024f9000-024fe000 rw-p 024f9000 00:00 0 
02500000-02589000 r-xp 00000000 08:06 26091483   /usr/local/matlab2007b/bin/glnx86/libfftw3.so.3.1.1
02589000-0258d000 rw-p 00089000 08:06 26091483   /usr/local/matlab2007b/bin/glnx86/libfftw3.so.3.1.1
0258d000-02590000 ---p 0258d000 00:00 0 
02590000-025de000 rwxp 02590000 00:00 0 
025de000-025e1000 ---p 025de000 00:00 0 
025e1000-0262f000 rwxp 025e1000 00:00 0 
0262f000-02632000 ---p 0262f000 00:00 0 
02632000-02680000 rwxp 02632000 00:00 0 
02680000-02683000 ---p 02680000 00:00 0 
02683000-026d1000 rwxp 02683000 00:00 0 
026d1000-026d4000 ---p 026d1000 00:00 0 
026d4000-02722000 rwxp 026d4000 00:00 0 
02722000-02726000 r-xp 00000000 08:06 26091700   /usr/local/matlab2007b/bin/glnx86/libnativecmdwin.so
02726000-02727000 rw-p 00004000 08:06 26091700   /usr/local/matlab2007b/bin/glnx86/libnativecmdwin.so
02727000-0272b000 rw-p 02727000 00:00 0 
0272b000-02731000 r-xp 00000000 08:06 26218012   /usr/local/matlab2007b/sys/java/jre/glnx86/jre1.6.0/lib/i386/libmanagement.so
02731000-02732000 rw-p 00005000 08:06 26218012   /usr/local/matlab2007b/sys/java/jre/glnx86/jre1.6.0/lib/i386/libmanagement.so
0273b000-02a79000 r-xp 00000000 08:06 26091728   /usr/local/matlab2007b/bin/glnx86/libxerces-c.so.27.0
02a79000-02b02000 rw-p 0033e000 08:06 26091728   /usr/local/matlab2007b/bin/glnx86/libxerces-c.so.27.0
02b02000-02b03000 rw-p 02b02000 00:00 0 
02b03000-02b06000 ---p 02b03000 00:00 0 
02b06000-02b54000 rwxp 02b06000 00:00 0 
02b54000-02b8e000 r-xp 00000000 08:06 26091654   /usr/local/matlab2007b/bin/glnx86/libmwmlint.so
02b8e000-02b95000 rw-p 0003a000 08:06 26091654   /usr/local/matlab2007b/bin/glnx86/libmwmlint.so
02b95000-02b96000 rw-p 02b95000 00:00 0 
02b96000-02b99000 ---p 02b96000 00:00 0 
02b99000-02be7000 rwxp 02b99000 00:00 0 
02be7000-02bea000 ---p 02be7000 00:00 0 
02bea000-02c38000 rwxp 02bea000 00:00 0 
02c3d000-02c40000 ---p 02c3d000 00:00 0 
02c40000-02c8e000 rwxp 02c40000 00:00 0 
02c8e000-02c91000 ---p 02c8e000 00:00 0 
02c91000-02cdf000 rwxp 02c91000 00:00 0 
02ce6000-02d26000 r-xp 00000000 08:06 23412429   /usr/lib/libncurses.so.5.5
02d26000-02d2e000 rw-p 00040000 08:06 23412429   /usr/lib/libncurses.so.5.5
02d2e000-02d2f000 rw-p 02d2e000 00:00 0 
02d2f000-0311d000 r-xp 00000000 08:06 26091738   /usr/local/matlab2007b/bin/glnx86/mllapack.so
0311d000-0311f000 rw-p 003ee000 08:06 26091738   /usr/local/matlab2007b/bin/glnx86/mllapack.so
0311f000-0322c000 rw-p 0311f000 00:00 0 
0322c000-0322f000 ---p 0322c000 00:00 0 
0322f000-0327d000 rwxp 0322f000 00:00 0 
0327d000-03280000 ---p 0327d000 00:00 0 
03280000-032ce000 rwxp 03280000 00:00 0 
032ce000-032d1000 ---p 032ce000 00:00 0 
032d1000-0331f000 rwxp 032d1000 00:00 0 
0331f000-03322000 ---p 0331f000 00:00 0 
03322000-03370000 rwxp 03322000 00:00 0 
03383000-03386000 ---p 03383000 00:00 0 
03386000-033d4000 rwxp 03386000 00:00 0 
033d4000-033d7000 ---p 033d4000 00:00 0 
033d7000-03425000 rwxp 033d7000 00:00 0 
03425000-03428000 ---p 03425000 00:00 0 
03428000-03476000 rwxp 03428000 00:00 0 
03476000-03479000 ---p 03476000 00:00 0 
03479000-034c7000 rwxp 03479000 00:00 0 
034c7000-034ca000 ---p 034c7000 00:00 0 
034ca000-03518000 rwxp 034ca000 00:00 0 
03518000-0351b000 ---p 03518000 00:00 0 
0351b000-03569000 rwxp 0351b000 00:00 0 
03569000-035bd000 r-xp 00000000 08:06 26217989   /usr/local/matlab2007b/sys/java/jre/glnx86/jre1.6.0/lib/i386/libcmm.so
035bd000-035c0000 rw-p 00054000 08:06 26217989   /usr/local/matlab2007b/sys/java/jre/glnx86/jre1.6.0/lib/i386/libcmm.so
035c0000-035c3000 rwxp 035c0000 00:00 0 
035c3000-03611000 rwxp 035c3000 00:00 0 
03611000-03614000 ---p 03611000 00:00 0 
03614000-03662000 rwxp 03614000 00:00 0 
03662000-03677000 r-xp 00000000 08:06 26217990   /usr/local/matlab2007b/sys/java/jre/glnx86/jre1.6.0/lib/i386/libdcpr.so
03677000-0368a000 rw-p 00014000 08:06 26217990   /usr/local/matlab2007b/sys/java/jre/glnx86/jre1.6.0/lib/i386/libdcpr.so
0368a000-0373e000 r-xp 00000000 08:06 26091549   /usr/local/matlab2007b/bin/glnx86/libmwbuiltins.so
0373e000-03759000 rw-p 000b4000 08:06 26091549   /usr/local/matlab2007b/bin/glnx86/libmwbuiltins.so
03759000-0375a000 rw-p 03759000 00:00 0 
0375a000-0375d000 ---p 0375a000 00:00 0 
0375d000-037ab000 rwxp 0375d000 00:00 0 
037ab000-037d9000 r-xp 00000000 08:06 26218008   /usr/local/matlab2007b/sys/java/jre/glnx86/jre1.6.0/lib/i386/libjpeg.so
037d9000-037da000 rw-p 0002e000 08:06 26218008   /usr/local/matlab2007b/sys/java/jre/glnx86/jre1.6.0/lib/i386/libjpeg.so
037da000-037dd000 ---p 037da000 00:00 0 
037dd000-0382b000 rwxp 037dd000 00:00 0 
0382b000-0382e000 ---p 0382b000 00:00 0 
0382e000-0387c000 rwxp 0382e000 00:00 0 
038a6000-03962000 r-xp 00000000 08:06 26091607   /usr/local/matlab2007b/bin/glnx86/libmwgui.so
03962000-039a6000 rw-p 000bb000 08:06 26091607   /usr/local/matlab2007b/bin/glnx86/libmwgui.so
039a6000-039a7000 rw-p 039a6000 00:00 0 
039a7000-039aa000 rwxp 039a7000 00:00 0 
039aa000-039f8000 rwxp 039aa000 00:00 0 
039f8000-039fb000 rwxp 039f8000 00:00 0 
039fb000-03a49000 rwxp 039fb000 00:00 0 
03a49000-03a4c000 rwxp 03a49000 00:00 0 
03a4c000-03a9a000 rwxp 03a4c000 00:00 0 
03a9a000-03a9d000 rwxp 03a9a000 00:00 0 
03a9d000-03aeb000 rwxp 03a9d000 00:00 0 
03aeb000-03aee000 rwxp 03aeb000 00:00 0 
03aee000-03b3c000 rwxp 03aee000 00:00 0 
03b3f000-03c44000 r-xp 00000000 08:06 26091692   /usr/local/matlab2007b/bin/glnx86/libmwuix.so
03c44000-03c5e000 rw-p 00104000 08:06 26091692   /usr/local/matlab2007b/bin/glnx86/libmwuix.so
03c5e000-03c63000 rw-p 03c5e000 00:00 0 
03c63000-03c66000 ---p 03c63000 00:00 0 
03c66000-03cb4000 rwxp 03c66000 00:00 0 
03cb4000-03cb7000 rwxp 03cb4000 00:00 0 
03cb7000-03d05000 rwxp 03cb7000 00:00 0 
03d88000-03d8b000 ---p 03d88000 00:00 0 
03d8b000-03dd9000 rwxp 03d8b000 00:00 0 
03ebc000-03fd7000 r-xp 00000000 08:06 26091648   /usr/local/matlab2007b/bin/glnx86/libmwmcos.so
03fd7000-0400f000 rw-p 0011b000 08:06 26091648   /usr/local/matlab2007b/bin/glnx86/libmwmcos.so
040bd000-040c0000 ---p 040bd000 00:00 0 
040c0000-0410e000 rwxp 040c0000 00:00 0 
04183000-041f5000 r-xp 00000000 08:06 26220538   /usr/local/matlab2007b/sys/os/glnx86/libgfortran.so.1.0.0
041f5000-041f6000 rw-p 00072000 08:06 26220538   /usr/local/matlab2007b/sys/os/glnx86/libgfortran.so.1.0.0
0443c000-0469d000 r-xp 00000000 08:06 26091660   /usr/local/matlab2007b/bin/glnx86/libmwnumerics.so
0469d000-046b1000 rw-p 00260000 08:06 26091660   /usr/local/matlab2007b/bin/glnx86/libmwnumerics.so
046b1000-046b2000 rw-p 046b1000 00:00 0 
046b7000-046b9000 r-xp 00000000 08:06 26091708   /usr/local/matlab2007b/bin/glnx86/libnativelex.so
046b9000-046ba000 rw-p 00001000 08:06 26091708   /usr/local/matlab2007b/bin/glnx86/libnativelex.so
04826000-04827000 ---p 04826000 00:00 0 
04827000-048a7000 rwxp 04827000 00:00 0 
049b0000-049b3000 ---p 049b0000 00:00 0 
049b3000-04a01000 rwxp 049b3000 00:00 0 
04a3d000-04bdb000 r-xp 00000000 08:06 26091611   /usr/local/matlab2007b/bin/glnx86/libmwhg.so
04bdb000-04c26000 rw-p 0019e000 08:06 26091611   /usr/local/matlab2007b/bin/glnx86/libmwhg.so
04c26000-04c2b000 rw-p 04c26000 00:00 0 
04c2b000-05553000 r-xp 00000000 08:06 26091735   /usr/local/matlab2007b/bin/glnx86/mkl.so
05553000-05575000 rw-p 00928000 08:06 26091735   /usr/local/matlab2007b/bin/glnx86/mkl.so
05575000-05583000 rw-p 05575000 00:00 0 
05583000-05586000 ---p 05583000 00:00 0 
05586000-05f84000 rwxp 05586000 00:00 0 
05f84000-05f85000 ---p 05f84000 00:00 0 
05f85000-06985000 rwxp 05f85000 00:00 0 
06985000-06986000 ---p 06985000 00:00 0 
06986000-07386000 rwxp 06986000 00:00 0 
07386000-07798000 r-xp 00000000 08:06 26217981   /usr/local/matlab2007b/sys/java/jre/glnx86/jre1.6.0/lib/i386/client/libjvm.so
07798000-077b1000 rw-p 00411000 08:06 26217981   /usr/local/matlab2007b/sys/java/jre/glnx86/jre1.6.0/lib/i386/client/libjvm.so
077b1000-07bd0000 rw-p 077b1000 00:00 0 
07c78000-07c81000 r-xp 00000000 08:06 23404963   /usr/lib/libXcursor.so.1.0.2
07c81000-07c82000 rw-p 00008000 08:06 23404963   /usr/lib/libXcursor.so.1.0.2
07e9e000-07ea3000 r-xp 00000000 08:06 23424460   /usr/lib/libXtst.so.6.1.0
07ea3000-07ea4000 rw-p 00004000 08:06 23424460   /usr/lib/libXtst.so.6.1.0
07ea9000-07fa3000 r-xp 00000000 08:06 23400880   /usr/lib/libX11.so.6.2.0
07fa3000-07fa7000 rw-p 000f9000 08:06 23400880   /usr/lib/libX11.so.6.2.0
07fab000-07fad000 r-xp 00000000 08:06 26091704   /usr/local/matlab2007b/bin/glnx86/libnativejava.so
07fad000-07fae000 rw-p 00001000 08:06 26091704   /usr/local/matlab2007b/bin/glnx86/libnativejava.so
08048000-0804a000 r-xp 00000000 08:06 26091429   /usr/local/matlab2007b/bin/glnx86/MATLAB
0804a000-0804b000 rw-p 00001000 08:06 26091429   /usr/local/matlab2007b/bin/glnx86/MATLAB
098cb000-09e35000 rw-p 098cb000 00:00 0 
09e35000-09e37000 rwxp 09e35000 00:00 0 
09e37000-09e39000 rw-p 09e37000 00:00 0 
09e39000-09e3a000 rwxp 09e39000 00:00 0 
09e3a000-0a3e1000 rw-p 09e3a000 00:00 0 
880a0000-890c0000 rwxp 880a0000 00:00 0 
890c0000-8a0a0000 rwxp 890c0000 00:00 0 
8a0a0000-8d0a0000 rwxp 8a0a0000 00:00 0 
8d0a0000-900a0000 rwxp 8d0a0000 00:00 0 
900a0000-918e0000 rwxp 900a0000 00:00 0 
918e0000-940a0000 rwxp 918e0000 00:00 0 
940a0000-9462c000 r--s 00001000 08:06 26217979   /usr/local/matlab2007b/sys/java/jre/glnx86/jre1.6.0/lib/i386/client/classes.jsa
9462c000-948a0000 rwxp 9462c000 00:00 0 
948a0000-94f8a000 rw-p 0058d000 08:06 26217979   /usr/local/matlab2007b/sys/java/jre/glnx86/jre1.6.0/lib/i386/client/classes.jsa
94f8a000-954a0000 rwxp 94f8a000 00:00 0 
954a0000-95574000 rw-p 00c77000 08:06 26217979   /usr/local/matlab2007b/sys/java/jre/glnx86/jre1.6.0/lib/i386/client/classes.jsa
95574000-958a0000 rwxp 95574000 00:00 0 
958a0000-958a4000 r-xs 00d4b000 08:06 26217979   /usr/local/matlab2007b/sys/java/jre/glnx86/jre1.6.0/lib/i386/client/classes.jsa
958a4000-95ca0000 rwxp 958a4000 00:00 0 
b36f8000-b39a9000 rw-p b36f8000 00:00 0 
b39a9000-b3a00000 ---p b39a9000 00:00 0 
b3a0b000-b3a7e000 r--s 0270a000 08:06 26214972   /usr/local/matlab2007b/help/techdoc/help.jar
b3a7e000-b3abf000 rw-p b3a7e000 00:00 0 
b3b3f000-b3b55000 rw-p b3b3f000 00:00 0 
b3b55000-b3b56000 rwxp b3b55000 00:00 0 
b3b56000-b3ba8000 rw-p b3b56000 00:00 0 
b3ba8000-b3ba9000 rwxp b3ba8000 00:00 0 
b3ba9000-b3c45000 rw-p b3ba9000 00:00 0 
b3c45000-b3c46000 rwxp b3c45000 00:00 0 
b3c46000-b3cfb000 rw-p b3c46000 00:00 0 
b3cfb000-b3d00000 ---p b3cfb000 00:00 0 
b3d12000-b3d8e000 rw-p b3d12000 00:00 0 
b3d8e000-b3d8f000 rwxp b3d8e000 00:00 0 
b3d8f000-b3dae000 rw-p b3d8f000 00:00 0 
b3dae000-b3db0000 rwxp b3dae000 00:00 0 
b3db0000-b3db9000 rw-p b3db0000 00:00 0 
b3db9000-b3dba000 rwxp b3db9000 00:00 0 
b3dba000-b3e15000 rw-p b3dba000 00:00 0 
b3e55000-b3e96000 rw-p b3e55000 00:00 0 
b3ed6000-b3f17000 rw-p b3ed6000 00:00 0 
b3f17000-b3f1e000 r--s 00106000 08:06 26218115   /usr/local/matlab2007b/sys/java/jre/glnx86/jre1.6.0/lib/resources.jar
b3f27000-b402e000 rw-p b3f27000 00:00 0 
b406e000-b4131000 rw-p b406e000 00:00 0 
b4171000-b41b2000 rw-p b4171000 00:00 0 
b41dd000-b41e0000 r--s 00013000 08:06 26218053   /usr/local/matlab2007b/sys/java/jre/glnx86/jre1.6.0/lib/jce.jar
b41e0000-b41e9000 r--s 000aa000 08:06 17989654   /home/fviale/eclipse_workspace/ProActive_Latest/lib/ptolemy.jar
b41e9000-b41eb000 r--s 00006000 08:06 17989741   /home/fviale/eclipse_workspace/ProActive_Latest/lib/commons-cli-1.0.jar
b41eb000-b41f2000 r--s 00053000 08:06 17991219   /home/fviale/eclipse_workspace/ProActive_Latest/lib/log4j.jar
b41f2000-b42f5000 rw-p b41f2000 00:00 0 
b42f5000-b42fc000 rwxp b42f5000 00:00 0 
b42fc000-b42fd000 rw-p b42fc000 00:00 0 
b42fd000-b4302000 rwxp b42fd000 00:00 0 
b4302000-b44f7000 rw-p b4302000 00:00 0 
b44f7000-b4500000 ---p b44f7000 00:00 0 
b4501000-b4504000 r--s 00027000 08:06 26217949   /usr/local/matlab2007b/sys/java/jre/glnx86/jre1.6.0/lib/ext/sunjce_provider.jar
b4504000-b450a000 r--s 0006d000 08:06 17989641   /home/fviale/eclipse_workspace/ProActive_Latest/lib/javassist.jar
b450a000-b450e000 r--s 00038000 08:06 17995715   /home/fviale/eclipse_workspace/ProActive_Latest/lib/ganymed-ssh2-build210.jar
b450e000-b45c3000 rw-p b450e000 00:00 0 
b45c3000-b45c4000 rwxp b45c3000 00:00 0 
b45c4000-b46fe000 rw-p b45c4000 00:00 0 
b46fe000-b4700000 ---p b46fe000 00:00 0 
b4701000-b4720000 r--s 0013c000 08:06 19562562   /home/fviale/eclipse_workspace/ProActive_Latest/lib/bouncycastle.jar
b4720000-b4726000 rw-s 00000000 00:08 253493261  /SYSV00000000 (deleted)
b4726000-b472a000 rw-s 00000000 00:08 253362188  /SYSV00000000 (deleted)
b472a000-b472c000 r--s 00001000 08:06 26217946   /usr/local/matlab2007b/sys/java/jre/glnx86/jre1.6.0/lib/ext/dnsns.jar
b472c000-b4732000 r--s 00082000 08:06 26218055   /usr/local/matlab2007b/sys/java/jre/glnx86/jre1.6.0/lib/jsse.jar
b4732000-b4737000 rw-p b4732000 00:00 0 
b4737000-b4738000 rwxp b4737000 00:00 0 
b4738000-b4739000 rw-p b4738000 00:00 0 
b4739000-b473a000 rwxp b4739000 00:00 0 
b473a000-b473e000 rw-p b473a000 00:00 0 
b473e000-b4745000 rwxp b473e000 00:00 0 
b4745000-b4772000 rw-p b4745000 00:00 0 
b4772000-b4773000 r--s 00001000 08:06 18122907   /home/fviale/.rh-fontconfig/.fonts.cache-2
b4773000-b477a000 r--s 00009000 08:06 34472951   /var/cache/fontconfig/be85c56e05c5eddf23821abc58a49bff.cache-2
b477a000-b4783000 r--s 0000b000 08:06 34472475   /var/cache/fontconfig/c974e4c60d201a21112df444ab73ef55.cache-2
b4783000-b478e000 r--s 0000d000 08:06 34472947   /var/cache/fontconfig/ffbeb93d66ada2631f4f047962e1ab5b.cache-2
b478e000-b478f000 r--s 00001000 08:06 18122907   /home/fviale/.rh-fontconfig/.fonts.cache-2
b478f000-b4796000 r--s 00009000 08:06 34472951   /var/cache/fontconfig/be85c56e05c5eddf23821abc58a49bff.cache-2
b4796000-b4799000 r--s 00005000 08:06 34472950   /var/cache/fontconfig/cf38a9fb1312d32d0623f02fc63e292c.cache-2
b4799000-b479b000 r--s 00004000 08:06 34472949   /var/cache/fontconfig/d0852e6107e29cf2370e29e932b671e8.cache-2
b479b000-b47a4000 r--s 0000b000 08:06 34472475   /var/cache/fontconfig/c974e4c60d201a21112df444ab73ef55.cache-2
b47a4000-b47af000 r--s 0000d000 08:06 34472947   /var/cache/fontconfig/ffbeb93d66ada2631f4f047962e1ab5b.cache-2
b47af000-b47b2000 r--s 00005000 08:06 34472836   /var/cache/fontconfig/0ff6f82dbf790ad053eeb7e60fb69f01.cache-2
b47b2000-b47c9000 r--s 00114000 08:06 26216259   /usr/local/matlab2007b/java/jarext/xercesImpl.jar
b47c9000-b47d1000 r--s 00028000 08:06 26216260   /usr/local/matlab2007b/java/jarext/xml-apis.jar
b47d1000-b47de000 r--s 000d1000 08:06 26216257   /usr/local/matlab2007b/java/jarext/xalan.jar
b47de000-b47e1000 r--s 0001c000 08:06 26216256   /usr/local/matlab2007b/java/jarext/wsdl4j.jar
b47e1000-b47ed000 r--s 00067000 08:06 26216254   /usr/local/matlab2007b/java/jarext/webrenderer.jar
b47ed000-b4800000 r--s 00324000 08:06 26216252   /usr/local/matlab2007b/java/jarext/saxon8.jar
b4800000-b480b000 rw-p b4800000 00:00 0 
b480b000-b480c000 rwxp b480b000 00:00 0 
b480c000-b480d000 rw-p b480c000 00:00 0 
b480d000-b4812000 rwxp b480d000 00:00 0 
b4812000-b4816000 rw-p b4812000 00:00 0 
b4816000-b4817000 rwxp b4816000 00:00 0 
b4817000-b481a000 rw-p b4817000 00:00 0 
b481a000-b4824000 rwxp b481a000 00:00 0 
b4824000-b4825000 rw-p b4824000 00:00 0 
b4825000-b4827000 rwxp b4825000 00:00 0 
b4827000-b482b000 rw-p b4827000 00:00 0 
b482b000-b482d000 rwxp b482b000 00:00 0 
b482d000-b482e000 rw-p b482d000 00:00 0 
b482e000-b4832000 rwxp b482e000 00:00 0 
b4832000-b48fe000 rw-p b4832000 00:00 0 
b48fe000-b4900000 ---p b48fe000 00:00 0 
b4900000-b4901000 r--s 00002000 08:06 17989704   /home/fviale/eclipse_workspace/ProActive_Latest/lib/fractal.jar
b4901000-b4904000 r--s 00005000 08:06 34472950   /var/cache/fontconfig/cf38a9fb1312d32d0623f02fc63e292c.cache-2
b4904000-b4906000 r--s 00004000 08:06 34472949   /var/cache/fontconfig/d0852e6107e29cf2370e29e932b671e8.cache-2
b4906000-b4909000 r--s 00005000 08:06 34472836   /var/cache/fontconfig/0ff6f82dbf790ad053eeb7e60fb69f01.cache-2
b4909000-b490b000 r--s 00011000 08:06 26216253   /usr/local/matlab2007b/java/jarext/vb20.jar
b490b000-b490c000 r--s 00009000 08:06 26216251   /usr/local/matlab2007b/java/jarext/saxon8-xpath.jar
b490c000-b490d000 r--s 0000a000 08:06 26216250   /usr/local/matlab2007b/java/jarext/saxon8-dom.jar
b490d000-b4915000 r--s 00084000 08:06 26216248   /usr/local/matlab2007b/java/jarext/saxon.jar
b4915000-b4916000 r--s 00004000 08:06 26216247   /usr/local/matlab2007b/java/jarext/saaj.jar
b4916000-b4918000 r--s 00018000 08:06 26216246   /usr/local/matlab2007b/java/jarext/nekohtml.jar
b4918000-b491b000 r--s 00018000 08:06 26216245   /usr/local/matlab2007b/java/jarext/mwucarunits.jar
b491b000-b4921000 r--s 000a7000 08:06 26216244   /usr/local/matlab2007b/java/jarext/mail.jar
b4921000-b4929000 r--s 0005b000 08:06 26216243   /usr/local/matlab2007b/java/jarext/lucene-core-2.0.0.jar
b4929000-b492b000 r--s 0000d000 08:06 26216242   /usr/local/matlab2007b/java/jarext/lucene-analyzers-2.0.0.jar
b492b000-b492e000 r--s 0001b000 08:06 26216241   /usr/local/matlab2007b/java/jarext/junit.jar
b492e000-b493b000 r--s 0007b000 08:06 26216240   /usr/local/matlab2007b/java/jarext/jide/jide-grids.jar
b493b000-b493f000 r--s 0001b000 08:06 26216238   /usr/local/matlab2007b/java/jarext/jide/jide-dialogs.jar
b493f000-b4942000 r--s 00032000 08:06 26216237   /usr/local/matlab2007b/java/jarext/jide/jide-designer.jar
b4942000-b4946000 r--s 0001e000 08:06 26216236   /usr/local/matlab2007b/java/jarext/jide/jide-components.jar
b4946000-b4949000 r--s 00026000 08:06 26216239   /usr/local/matlab2007b/java/jarext/jide/jide-dock.jar
b4949000-b4965000 r--s 00129000 08:06 26216235   /usr/local/matlab2007b/java/jarext/jide/jide-common.jar
b4965000-b4968000 r--s 0001e000 08:06 26216234   /usr/local/matlab2007b/java/jarext/jide/jide-action.jar
b4968000-b4970000 r--s 00053000 08:06 26216232   /usr/local/matlab2007b/java/jarext/jgoodies-looks.jar
b4970000-b4973000 r--s 00013000 08:06 26216231   /usr/local/matlab2007b/java/jarext/jgoodies-forms.jar
b4973000-b4975000 r--s 00006000 08:06 26216230   /usr/local/matlab2007b/java/jarext/jaxrpc.jar
b4975000-b4977000 r--s 0000e000 08:06 26216228   /usr/local/matlab2007b/java/jarext/jakarta-oro-2.0.8.jar
b4977000-b4979000 r--s 0000a000 08:06 26216227   /usr/local/matlab2007b/java/jarext/jaccess-1_4.jar
b4979000-b497c000 r--s 00024000 08:06 26216189   /usr/local/matlab2007b/java/jarext/J2PrinterWorks.jar
b497c000-b4980000 r--s 00037000 08:06 26216226   /usr/local/matlab2007b/java/jarext/ice/icessl.jar
b4980000-b4981000 r--s 00000000 08:06 26216225   /usr/local/matlab2007b/java/jarext/ice/ib6xalan.jar
b4981000-b4984000 r--s 00015000 08:06 26216224   /usr/local/matlab2007b/java/jarext/ice/ib6util.jar
b4984000-b4986000 r--s 0000e000 08:06 26216223   /usr/local/matlab2007b/java/jarext/ice/ib6swing.jar
b4986000-b498a000 r--s 00044000 08:06 26216222   /usr/local/matlab2007b/java/jarext/ice/ib6js.jar
b498a000-b498b000 r--s 00000000 08:06 26216221   /usr/local/matlab2007b/java/jarext/ice/ib6https.jar
b498b000-b498e000 r--s 00016000 08:06 26216220   /usr/local/matlab2007b/java/jarext/ice/ib6http.jar
b498e000-b4991000 r--s 00011000 08:06 26216219   /usr/local/matlab2007b/java/jarext/ice/ib6extra.jar
b4991000-b499a000 r--s 00081000 08:06 26216218   /usr/local/matlab2007b/java/jarext/ice/ib6core.jar
b499a000-b49aa000 r--s 000a7000 08:06 26216215   /usr/local/matlab2007b/java/jarext/glazedlists_java15.jar
b49aa000-b49af000 r--s 00028000 08:06 26216213   /usr/local/matlab2007b/java/jarext/commons-net-1.4.1.jar
b49af000-b49b1000 r--s 00008000 08:06 26216211   /usr/local/matlab2007b/java/jarext/commons-logging.jar
b49b1000-b49b4000 r--s 00012000 08:06 26216209   /usr/local/matlab2007b/java/jarext/commons-io.jar
b49b4000-b49b7000 r--s 00019000 08:06 26216208   /usr/local/matlab2007b/java/jarext/commons-el.jar
b49b7000-b49ba000 r--s 0000f000 08:06 26216206   /usr/local/matlab2007b/java/jarext/commons-discovery.jar
b49ba000-b49bc000 r--s 0000d000 08:06 26216205   /usr/local/matlab2007b/java/jarext/commapi/comm.jar
b49bc000-b49bf000 r--s 0003d000 08:06 26216203   /usr/local/matlab2007b/java/jarext/collections.jar
b49bf000-b49c4000 r--s 00025000 08:06 26216202   /usr/local/matlab2007b/java/jarext/batik-svggen.jar
b49c4000-b49d8000 r--s 0017b000 08:06 26216200   /usr/local/matlab2007b/java/jarext/axis.jar
b49d8000-b49db000 r--s 0000d000 08:06 26216198   /usr/local/matlab2007b/java/jarext/avalon.jar
b49db000-b49ea000 r--s 000ee000 08:06 26216193   /usr/local/matlab2007b/java/jarext/ant.jar
b49ea000-b49ec000 r--s 00019000 08:06 26216191   /usr/local/matlab2007b/java/jarext/activation.jar
b49ec000-b49ed000 r--s 0000b000 08:06 26216190   /usr/local/matlab2007b/java/jarext/access-bridge.jar
b49ed000-b49ee000 r--s 00003000 08:06 26216187   /usr/local/matlab2007b/java/jar/xml.jar
b49ee000-b49f1000 r--s 0000c000 08:06 26216184   /usr/local/matlab2007b/java/jar/toolbox/vr.jar
b49f1000-b49f6000 r--s 00023000 08:06 26216183   /usr/local/matlab2007b/java/jar/toolbox/timeseries.jar
b49f6000-b49fa000 r--s 0002d000 08:06 26216182   /usr/local/matlab2007b/java/jar/toolbox/testmeas.jar
b49fa000-b4a01000 r--s 0003e000 08:06 26216181   /usr/local/matlab2007b/java/jar/toolbox/stats.jar
b4a01000-b4a06000 r--s 00020000 08:06 26216180   /usr/local/matlab2007b/java/jar/toolbox/stateflow.jar
b4a06000-b4a0b000 r--s 00026000 08:06 26216179   /usr/local/matlab2007b/java/jar/toolbox/slestim.jar
b4a0b000-b4a13000 r--s 00038000 08:06 26216178   /usr/local/matlab2007b/java/jar/toolbox/slcontrol.jar
b4a13000-b4a28000 r--s 000bf000 08:06 26216177   /usr/local/matlab2007b/java/jar/toolbox/simulink.jar
b4a28000-b4a2b000 r--s 00018000 08:06 26216176   /usr/local/matlab2007b/java/jar/toolbox/rptgencore.jar
b4a2b000-b4a2f000 r--s 00022000 08:06 26216175   /usr/local/matlab2007b/java/jar/toolbox/optim.jar
b4a2f000-b4a34000 r--s 0002f000 08:06 26216174   /usr/local/matlab2007b/java/jar/toolbox/nnet.jar
b4a34000-b4a38000 r--s 00017000 08:06 26216173   /usr/local/matlab2007b/java/jar/toolbox/mdldisc.jar
b4a38000-b4a43000 r--s 00060000 08:06 26216172   /usr/local/matlab2007b/java/jar/toolbox/matlab/guide.jar
b4a43000-b4a45000 r--s 00006000 08:06 26216171   /usr/local/matlab2007b/java/jar/toolbox/matlab/audiovideo.jar
b4a45000-b4a58000 r--s 00121000 08:06 26216169   /usr/local/matlab2007b/java/jar/toolbox/instrument.jar
b4a58000-b4a5c000 r--s 00018000 08:06 26216168   /usr/local/matlab2007b/java/jar/toolbox/images.jar
b4a5c000-b4a60000 r--s 00027000 08:06 26216167   /usr/local/matlab2007b/java/jar/toolbox/ident.jar
b4a60000-b4a64000 r--s 0001c000 08:06 26216166   /usr/local/matlab2007b/java/jar/toolbox/eml.jar
b4a64000-b4a69000 r--s 0001f000 08:06 26216165   /usr/local/matlab2007b/java/jar/toolbox/dastudio.jar
b4a69000-b4a72000 r--s 00048000 08:06 26216164   /usr/local/matlab2007b/java/jar/toolbox/control.jar
b4a72000-b4a78000 r--s 00049000 08:06 26216163   /usr/local/matlab2007b/java/jar/toolbox/compiler.jar
b4a78000-b4a7b000 r--s 00013000 08:06 26216160   /usr/local/matlab2007b/java/jar/services.jar
b4a7b000-b4a8f000 r--s 000b8000 08:06 26216159   /usr/local/matlab2007b/java/jar/page.jar
b4a8f000-b4a91000 r--s 0000f000 08:06 26216158   /usr/local/matlab2007b/java/jar/org/openide.jar
b4a91000-b4aa6000 r--s 00109000 08:06 26216157   /usr/local/matlab2007b/java/jar/org/netbeans.jar
b4aa6000-b4ab4000 r--s 000b3000 08:06 26216155   /usr/local/matlab2007b/java/jar/mwt.jar
b4ab4000-b4acf000 r--s 00134000 08:06 26216154   /usr/local/matlab2007b/java/jar/mwswing.jar
b4acf000-b4af8000 r--s 0018d000 08:06 26216153   /usr/local/matlab2007b/java/jar/mlwidgets.jar
b4af8000-b4afa000 r--s 00015000 08:06 26216152   /usr/local/matlab2007b/java/jar/mlwebservices.jar
b4afa000-b4afd000 r--s 0000d000 08:06 26216151   /usr/local/matlab2007b/java/jar/mlservices.jar
b4afd000-b4b24000 r--s 00196000 08:06 26216150   /usr/local/matlab2007b/java/jar/mde.jar
b4b24000-b4b54000 rw-p b4b24000 00:00 0 
b4b54000-b4cce000 r--s 027a6000 08:06 26218116   /usr/local/matlab2007b/sys/java/jre/glnx86/jre1.6.0/lib/rt.jar
b4cce000-b4cd3000 r--s 00033000 08:06 26216149   /usr/local/matlab2007b/java/jar/jmi.jar
b4cd3000-b4cd6000 r--s 00011000 08:06 26216148   /usr/local/matlab2007b/java/jar/instwiz.jar
b4cd6000-b4cdb000 r--s 0003f000 08:06 26216147   /usr/local/matlab2007b/java/jar/ide.jar
b4cdb000-b4ce2000 r--s 000a2000 08:06 26216146   /usr/local/matlab2007b/java/jar/ice.jar
b4ce2000-b4cf1000 r--s 0008e000 08:06 26216145   /usr/local/matlab2007b/java/jar/hg.jar
b4cf1000-b4cf6000 r--s 00088000 08:06 26216144   /usr/local/matlab2007b/java/jar/common.jar
b4cf6000-b4cfa000 r--s 00017000 08:06 26216143   /usr/local/matlab2007b/java/jar/beans.jar
b4cfa000-b4d00000 r--s 00046000 08:06 26216142   /usr/local/matlab2007b/java/jar/bde.jar
b4d00000-b4dfe000 rw-p b4d00000 00:00 0 
b4dfe000-b4e00000 ---p b4dfe000 00:00 0 
b4e00000-b4e01000 r--s 00005000 08:06 26216161   /usr/local/matlab2007b/java/jar/timer.jar
b4e01000-b5219000 rwxp b4e01000 00:00 0 
b5219000-b6e01000 rwxp b5219000 00:00 0 
b6e01000-b6e09000 rw-s 00000000 08:06 30244905   /tmp/hsperfdata_fviale/26754
b6e09000-b6e0a000 rwxp b6e09000 00:00 0 
b6e0a000-b6e0b000 r--p b6e0a000 00:00 0 
b6e0b000-b6e0c000 rw-p b6e0b000 00:00 0 
b6e0c000-b6e10000 rwxp b6e0c000 00:00 0 
b6e10000-b6ecd000 rw-p b6e10000 00:00 0 
b6ecd000-b6f02000 r--s 00000000 08:06 34472829   /var/db/nscd/hosts
b6f02000-b6f37000 r--s 00000000 08:06 34472827   /var/db/nscd/passwd
b6f37000-b6f3e000 r--s 00000000 08:06 23494915   /usr/lib/gconv/gconv-modules.cache
b6f3e000-b6f5c000 r--p 00000000 08:06 23399042   /usr/share/locale/fr/LC_MESSAGES/libc.mo
b6f5c000-b6f5d000 r--p 00dfd000 08:06 23424357   /usr/lib/locale/locale-archive
b6f5d000-b6f99000 r--p 00d44000 08:06 23424357   /usr/lib/locale/locale-archive
b6f99000-b7199000 r--p 00000000 08:06 23424357   /usr/lib/locale/locale-archive
b7199000-b719a000 rw-p b7199000 00:00 0 
b719a000-b719b000 rwxp b719a000 00:00 0 
b719b000-b719c000 rw-p b719b000 00:00 0 
b719c000-b719d000 rwxp b719c000 00:00 0 
b719d000-b721a000 rw-p b719d000 00:00 0 
b721a000-b721b000 rwxp b721a000 00:00 0 
b721b000-b721f000 rw-p b721b000 00:00 0 
b721f000-b7222000 rwxp b721f000 00:00 0 
b7222000-b7225000 rw-p b7222000 00:00 0 
b7225000-b7226000 rwxp b7225000 00:00 0 
b7226000-b7227000 rw-p b7226000 00:00 0 
b7227000-b7228000 rwxp b7227000 00:00 0 
b7228000-b7262000 rw-p b7228000 00:00 0 
b7262000-b7267000 rwxp b7262000 00:00 0 
b7267000-b73ad000 rw-p b7267000 00:00 0 
b73ad000-b73af000 rwxp b73ad000 00:00 0 
b73af000-b75a1000 rw-p b73af000 00:00 0 
b75a1000-b7f50000 r--s 00000000 08:06 26091442   /usr/local/matlab2007b/bin/glnx86/icudt36l.dat
b7f50000-b7f63000 rw-p b7f50000 00:00 0 
b7f63000-b7f7a000 r--s 000e2000 08:06 26216186   /usr/local/matlab2007b/java/jar/widgets.jar
b7f7a000-b7f7e000 r--s 00025000 08:06 26216185   /usr/local/matlab2007b/java/jar/util.jar
b7f7e000-b7f81000 rw-p b7f7e000 00:00 0 
bf97b000-bf98e000 rwxp bf97b000 00:00 0          [stack]
bf98e000-bf991000 rw-p bf98e000 00:00 0 

VM Arguments:
jvm_args: -Xms64m -XX:NewRatio=3 -XX:MaxPermSize=64M -Xmx128m -XX:MaxDirectMemorySize=1200000000 -Djava.util.prefs.PreferencesFactory=com.mathworks.util.DisabledPreferencesFactory -XX:+AllowUserSignalHandlers -Djava.library.path=/usr/local/matlab2007b/bin/glnx86:/user/fviale/home/eclipse_workspace/ProActive_Latest/lib/7.5/bin/glnx86 vfprintf abort -Dfile.encoding=UTF-8
java_command: <unknown>
Launcher Type: generic

Environment Variables:
JAVA_HOME=/user/fviale/home/bin/jdk1.6.0
PATH=/user/fviale/home/bin:/user/fviale/home/bin/eclipse:/user/fviale/home/bin/firefox:/user/fviale/home/bin/ArgoUml:/user/fviale/home/bin/xxe-std-3_5_0/bin:/user/fviale/home/bin/chainsaw:/user/fviale/home/bin/jdk1.6.0/bin:/user/fviale/home/bin/nvu-1.0/:/user/fviale/home/bin/glassfish/bin:/user/fviale/home/bin/vex:/user/fviale/home/bin/etrace-2.1/src:/user/fviale/home/bin/idea-6197/bin:/user/fviale/home/bin:/user/fviale/home/bin/eclipse:/user/fviale/home/bin/firefox:/user/fviale/home/bin/ArgoUml:/user/fviale/home/bin/xxe-std-3_5_0/bin:/user/fviale/home/bin/chainsaw:/user/fviale/home/bin/jdk1.6.0/bin:/user/fviale/home/bin/nvu-1.0/:/user/fviale/home/bin/glassfish/bin:/user/fviale/home/bin/vex:/user/fviale/home/bin/etrace-2.1/src:/user/fviale/home/bin/idea-6197/bin:/usr/lib/qt-3.3/bin:/usr/local/bin:/usr/bin:/bin:/usr/X11R6/bin
USERNAME=fviale
LD_LIBRARY_PATH=/usr/local/matlab2007b/sys/os/glnx86:/usr/local/matlab2007b/bin/glnx86:/usr/local/matlab2007b/extern/lib/glnx86:/usr/local/matlab2007b/sys/java/jre/glnx86/jre1.6.0/lib/i386/native_threads:/usr/local/matlab2007b/sys/java/jre/glnx86/jre1.6.0/lib/i386/client:/usr/local/matlab2007b/sys/java/jre/glnx86/jre1.6.0/lib/i386
SHELL=/bin/bash
DISPLAY=:0
ARCH=glnx86

Signal Handlers:
SIGSEGV: [libjvm.so+0x3aea90], sa_mask[0]=0x7ffbfeff, sa_flags=0x00000004
SIGBUS: [libjvm.so+0x3aea90], sa_mask[0]=0x7ffbfeff, sa_flags=0x00000004
SIGFPE: [libmwmcr.so+0x28a60], sa_mask[0]=0x08080002, sa_flags=0x00000004
SIGPIPE: [libjvm.so+0x304e70], sa_mask[0]=0x7ffbfeff, sa_flags=0x10000004
SIGILL: [libmwmcr.so+0x28a60], sa_mask[0]=0x08080002, sa_flags=0x00000004
SIGUSR1: SIG_DFL, sa_mask[0]=0x00000000, sa_flags=0x00000000
SIGUSR2: [libjvm.so+0x306e80], sa_mask[0]=0x08080002, sa_flags=0x10000004
SIGHUP: [libjvm.so+0x3068a0], sa_mask[0]=0x7ffbfeff, sa_flags=0x10000004
SIGINT: [libmwmcr.so+0x28ea0], sa_mask[0]=0x08080002, sa_flags=0x00000004
SIGQUIT: [libmwmcr.so+0x28a60], sa_mask[0]=0x08080002, sa_flags=0x00000004
SIGTERM: [libjvm.so+0x3068a0], sa_mask[0]=0x7ffbfeff, sa_flags=0x10000004
SIGUSR2: [libjvm.so+0x306e80], sa_mask[0]=0x08080002, sa_flags=0x10000004


---------------  S Y S T E M  ---------------

OS:Fedora Core release 5 (Bordeaux)

uname:Linux 2.6.20-1.2320.fc5smp #1 SMP Tue Jun 12 19:40:16 EDT 2007 i686
libc:glibc 2.4 NPTL 2.4 
rlimit: STACK 10240k, CORE 0k, NPROC 32744, NOFILE 1024, AS infinity
load average:0.26 0.44 0.38

CPU:total 2 family 15, cmov, cx8, fxsr, mmx, sse, sse2, ht

Memory: 4k page, physical 2069976k(49260k free), swap 2096440k(1917484k free)

vm_info: Java HotSpot(TM) Client VM (1.6.0-b105) for linux-x86, built on Nov 29 2006 01:24:38 by "java_re" with gcc 3.2.1-7a (J2SE release)

