#
# An unexpected error has been detected by Java Runtime Environment:
#
#  SIGSEGV (0xb) at pc=0x00002aaaf5440ff8, pid=30455, tid=1161283920
#
# Java VM: Java HotSpot(TM) 64-Bit Server VM (1.6.0_01-b06 mixed mode)
# Problematic frame:
# C  [libmx.so+0x15ff8]  mxGetCell_730+0x8
#
# If you would like to submit a bug report, please visit:
#   http://java.sun.com/webapps/bugreport/crash.jsp
#

---------------  T H R E A D  ---------------

Current thread (0x00002aaaf46e6c00):  JavaThread "AOMatlabSplitter on //eon19.inria.fr/Matlab1199727614879" daemon [_thread_in_native, id=30618]

siginfo:si_signo=11, si_errno=0, si_code=1, si_addr=0x00002aa8753506d0

Registers:
RAX=0x00002aaaf8542df0, RBX=0x00002aaaaf9c0dd8, RCX=0x00002aaaf8582df8, RDX=0x0000000000000002
RSP=0x000000004537a870, RBP=0x000000004537a870, RSI=0xffffffffaf9c1b1c, RDI=0x00002aaaf8582dc0
R8 =0x00002aabaf9c1b1c, R9 =0x00002aaae21d6cd8, R10=0x000000000000001c, R11=0x00002aaaab391128
R12=0x0000000000000102, R13=0x00002aaaaf9c0dd8, R14=0x000000004537a9a0, R15=0x00002aaaf46e6c00
RIP=0x00002aaaf5440ff8, EFL=0x0000000000010202, CSGSFS=0x0000000000000033, ERR=0x0000000000000004
  TRAPNO=0x000000000000000e

Top of Stack: (sp=0x000000004537a870)
0x000000004537a870:   000000004537a8e0 00002aaaf52244b4
0x000000004537a880:   0000000000000001 00002aaaf8582dc0
0x000000004537a890:   000000004537a9a0 00002aaaf46e6d90
0x000000004537a8a0:   0000000100000000 00002aaaaf9c1b1c
0x000000004537a8b0:   00002aaaf8582dc0 af9c1b1caf9e6740
0x000000004537a8c0:   00002aaaf46e6c00 00002aaaf46e7090
0x000000004537a8d0:   00002aaaaf9c0dd8 0000000000000102
0x000000004537a8e0:   000000004537a960 00002aaaab951563
0x000000004537a8f0:   00002aaaf46e6c00 0000000000000127
0x000000004537a900:   000000004537a920 00002aaaf46e6c00
0x000000004537a910:   000000004537a980 00002aaaaae94063
0x000000004537a920:   000000004537a920 0000000000000000
0x000000004537a930:   000000004537a9a0 00002aaaaf9e6740
0x000000004537a940:   0000000000000000 00002aaaaf9c0dd8
0x000000004537a950:   0000000000000000 000000004537a980
0x000000004537a960:   000000004537a9e8 00002aaaab944fd3
0x000000004537a970:   0000000000000000 00002aaaab94d4f7
0x000000004537a980:   0000000000000001 0000000000000000
0x000000004537a990:   00002aaaf8582dc0 00002aaaab95ce13
0x000000004537a9a0:   00002aaae21d6cd8 000000004537a9a8
0x000000004537a9b0:   00002aaaaf9c1cb7 000000004537aa98
0x000000004537a9c0:   00002aaaaf9e6740 0000000000000000
0x000000004537a9d0:   00002aaaaf9c2080 000000004537a980
0x000000004537a9e0:   000000004537aa80 000000004537aaf0
0x000000004537a9f0:   00002aaaab944f49 0000000000000000
0x000000004537aa00:   0000000000000000 00002aaaf8583040
0x000000004537aa10:   0000000000000000 0000000000000001
0x000000004537aa20:   0000000000000000 0000000000000000
0x000000004537aa30:   0000000000000000 00002aaae21e1898
0x000000004537aa40:   00002aaae21e1850 0000000000000000
0x000000004537aa50:   0000000000000000 0000000000000000
0x000000004537aa60:   0000000000000006 0000000000000001 

Instructions: (pc=0x00002aaaf5440ff8)
0x00002aaaf5440fe8:   66 66 66 90 66 66 66 90 48 8b 47 38 55 48 89 e5
0x00002aaaf5440ff8:   48 8b 04 f0 c9 c3 66 90 55 48 8b 47 40 48 89 e5 

Stack: [0x000000004527c000,0x000000004537d000),  sp=0x000000004537a870,  free space=1018k
Native frames: (J=compiled Java code, j=interpreted, Vv=VM code, C=native code)
C  [libmx.so+0x15ff8]  mxGetCell_730+0x8
C  [libptmatlab.so+0x34b4]  Java_ptolemy_matlab_Engine_ptmatlabGetCell+0x6e
j  ptolemy.matlab.Engine.ptmatlabGetCell(JII)J+0
j  ptolemy.matlab.Engine._convertMxArrayToToken(JLptolemy/matlab/Engine$ConversionParameters;)Lptolemy/data/Token;+807
j  ptolemy.matlab.Engine.get([JLjava/lang/String;Lptolemy/matlab/Engine$ConversionParameters;)Lptolemy/data/Token;+123
j  ptolemy.matlab.Engine.get([JLjava/lang/String;)Lptolemy/data/Token;+10
j  org.objectweb.proactive.extensions.scheduler.ext.matlab.MatlabEngine.get(Ljava/lang/String;)Lptolemy/data/Token;+10
j  org.objectweb.proactive.extensions.scheduler.ext.matlab.AOMatlabSplitter.execute([Lorg/objectweb/proactive/extensions/scheduler/common/task/TaskResult;)Ljava/lang/Object;+109
v  ~StubRoutines::call_stub
V  [libjvm.so+0x2efbfd]
V  [libjvm.so+0x4b3a59]
V  [libjvm.so+0x2efa45]
V  [libjvm.so+0x502438]
V  [libjvm.so+0x5053a8]
V  [libjvm.so+0x37062e]
C  [libjava.so+0x195a5]  Java_sun_reflect_NativeMethodAccessorImpl_invoke0+0x15
j  sun.reflect.NativeMethodAccessorImpl.invoke(Ljava/lang/Object;[Ljava/lang/Object;)Ljava/lang/Object;+87
j  sun.reflect.DelegatingMethodAccessorImpl.invoke(Ljava/lang/Object;[Ljava/lang/Object;)Ljava/lang/Object;+6
j  java.lang.reflect.Method.invoke(Ljava/lang/Object;[Ljava/lang/Object;)Ljava/lang/Object;+161
j  org.objectweb.proactive.core.mop.MethodCall.execute(Ljava/lang/Object;)Ljava/lang/Object;+183
j  org.objectweb.proactive.core.body.request.RequestImpl.serveInternal(Lorg/objectweb/proactive/Body;)Lorg/objectweb/proactive/core/body/future/MethodCallResult;+14
j  org.objectweb.proactive.core.body.request.RequestImpl.serve(Lorg/objectweb/proactive/Body;)Lorg/objectweb/proactive/core/body/reply/Reply;+36
j  org.objectweb.proactive.core.body.BodyImpl$ActiveLocalBodyStrategy.serveInternal(Lorg/objectweb/proactive/core/body/request/Request;)V+99
j  org.objectweb.proactive.core.body.BodyImpl$ActiveLocalBodyStrategy.serve(Lorg/objectweb/proactive/core/body/request/Request;)V+61
j  org.objectweb.proactive.core.body.AbstractBody.serve(Lorg/objectweb/proactive/core/body/request/Request;)V+43
j  org.objectweb.proactive.Service.blockingServeOldest(Lorg/objectweb/proactive/core/body/request/RequestFilter;J)V+24
j  org.objectweb.proactive.Service.blockingServeOldest()V+3
j  org.objectweb.proactive.Service.fifoServing()V+43
j  org.objectweb.proactive.core.body.ActiveBody$FIFORunActive.runActivity(Lorg/objectweb/proactive/Body;)V+8
j  org.objectweb.proactive.core.body.ActiveBody.run()V+53
j  java.lang.Thread.run()V+11
v  ~StubRoutines::call_stub
V  [libjvm.so+0x2efbfd]
V  [libjvm.so+0x4b3a59]
V  [libjvm.so+0x2ef4e8]
V  [libjvm.so+0x2ef58b]
V  [libjvm.so+0x374593]
V  [libjvm.so+0x5b92d2]
V  [libjvm.so+0x4b48ce]

Java frames: (J=compiled Java code, j=interpreted, Vv=VM code)
j  ptolemy.matlab.Engine.ptmatlabGetCell(JII)J+0
j  ptolemy.matlab.Engine._convertMxArrayToToken(JLptolemy/matlab/Engine$ConversionParameters;)Lptolemy/data/Token;+807
j  ptolemy.matlab.Engine.get([JLjava/lang/String;Lptolemy/matlab/Engine$ConversionParameters;)Lptolemy/data/Token;+123
j  ptolemy.matlab.Engine.get([JLjava/lang/String;)Lptolemy/data/Token;+10
j  org.objectweb.proactive.extensions.scheduler.ext.matlab.MatlabEngine.get(Ljava/lang/String;)Lptolemy/data/Token;+10
j  org.objectweb.proactive.extensions.scheduler.ext.matlab.AOMatlabSplitter.execute([Lorg/objectweb/proactive/extensions/scheduler/common/task/TaskResult;)Ljava/lang/Object;+109
v  ~StubRoutines::call_stub
j  sun.reflect.NativeMethodAccessorImpl.invoke0(Ljava/lang/reflect/Method;Ljava/lang/Object;[Ljava/lang/Object;)Ljava/lang/Object;+0
j  sun.reflect.NativeMethodAccessorImpl.invoke(Ljava/lang/Object;[Ljava/lang/Object;)Ljava/lang/Object;+87
j  sun.reflect.DelegatingMethodAccessorImpl.invoke(Ljava/lang/Object;[Ljava/lang/Object;)Ljava/lang/Object;+6
j  java.lang.reflect.Method.invoke(Ljava/lang/Object;[Ljava/lang/Object;)Ljava/lang/Object;+161
j  org.objectweb.proactive.core.mop.MethodCall.execute(Ljava/lang/Object;)Ljava/lang/Object;+183
j  org.objectweb.proactive.core.body.request.RequestImpl.serveInternal(Lorg/objectweb/proactive/Body;)Lorg/objectweb/proactive/core/body/future/MethodCallResult;+14
j  org.objectweb.proactive.core.body.request.RequestImpl.serve(Lorg/objectweb/proactive/Body;)Lorg/objectweb/proactive/core/body/reply/Reply;+36
j  org.objectweb.proactive.core.body.BodyImpl$ActiveLocalBodyStrategy.serveInternal(Lorg/objectweb/proactive/core/body/request/Request;)V+99
j  org.objectweb.proactive.core.body.BodyImpl$ActiveLocalBodyStrategy.serve(Lorg/objectweb/proactive/core/body/request/Request;)V+61
j  org.objectweb.proactive.core.body.AbstractBody.serve(Lorg/objectweb/proactive/core/body/request/Request;)V+43
j  org.objectweb.proactive.Service.blockingServeOldest(Lorg/objectweb/proactive/core/body/request/RequestFilter;J)V+24
j  org.objectweb.proactive.Service.blockingServeOldest()V+3
j  org.objectweb.proactive.Service.fifoServing()V+43
j  org.objectweb.proactive.core.body.ActiveBody$FIFORunActive.runActivity(Lorg/objectweb/proactive/Body;)V+8
j  org.objectweb.proactive.core.body.ActiveBody.run()V+53
j  java.lang.Thread.run()V+11
v  ~StubRoutines::call_stub

---------------  P R O C E S S  ---------------

Java Threads: ( => current thread )
  0x00002aaaf46e9800 JavaThread "RMI RenewClean-[138.96.218.219:43280]" daemon [_thread_blocked, id=30619]
=>0x00002aaaf46e6c00 JavaThread "AOMatlabSplitter on //eon19.inria.fr/Matlab1199727614879" daemon [_thread_in_native, id=30618]
  0x00002aaaf46d0c00 JavaThread "JMXNotificationThread for org.objectweb.proactive.core.body:type=AO,aoID=28eb442e-11755569e8d--7def--2a30e78b059d1919-28eb442e-11755569e8d--8000" daemon [_thread_blocked, id=30617]
  0x00002aaaf46cec00 JavaThread "AOMatlabSplitter on //eon19.inria.fr/Matlab1199727614879" daemon [_thread_blocked, id=30615]
  0x00002aaaf46cdc00 JavaThread "JMXNotificationThread for org.objectweb.proactive.core.body:type=AO,aoID=28eb442e-11755569e8d--7e02--2a30e78b059d1919-28eb442e-11755569e8d--8000" daemon [_thread_blocked, id=30614]
  0x00002aaaf4b5f000 JavaThread "AOMatlabSplitter on //eon19.inria.fr/Matlab1199727614879" daemon [_thread_blocked, id=30612]
  0x00002aaaf4b66000 JavaThread "JMXNotificationThread for org.objectweb.proactive.core.body:type=AO,aoID=28eb442e-11755569e8d--7e15--2a30e78b059d1919-28eb442e-11755569e8d--8000" daemon [_thread_blocked, id=30611]
  0x00002aaaf468dc00 JavaThread "AOMatlabSplitter on //eon19.inria.fr/Matlab1199727614879" daemon [_thread_blocked, id=30607]
  0x00002aaaf468c400 JavaThread "JMXNotificationThread for org.objectweb.proactive.core.body:type=AO,aoID=28eb442e-11755569e8d--7e28--2a30e78b059d1919-28eb442e-11755569e8d--8000" daemon [_thread_blocked, id=30606]
  0x00002aaaf468ac00 JavaThread "AOMatlabSplitter on //eon19.inria.fr/Matlab1199727614879" daemon [_thread_blocked, id=30599]
  0x00002aaaf4689400 JavaThread "JMXNotificationThread for org.objectweb.proactive.core.body:type=AO,aoID=28eb442e-11755569e8d--7e3b--2a30e78b059d1919-28eb442e-11755569e8d--8000" daemon [_thread_blocked, id=30598]
  0x00002aaaf429ec00 JavaThread "AOMatlabSplitter on //eon19.inria.fr/Matlab1199727614879" daemon [_thread_blocked, id=30592]
  0x00002aaaf4687c00 JavaThread "JMXNotificationThread for org.objectweb.proactive.core.body:type=AO,aoID=28eb442e-11755569e8d--7e4e--2a30e78b059d1919-28eb442e-11755569e8d--8000" daemon [_thread_blocked, id=30591]
  0x00002aaaf4686c00 JavaThread "AOMatlabSplitter on //eon19.inria.fr/Matlab1199727614879" daemon [_thread_blocked, id=30585]
  0x00002aaaf4b13c00 JavaThread "JMXNotificationThread for org.objectweb.proactive.core.body:type=AO,aoID=28eb442e-11755569e8d--7e61--2a30e78b059d1919-28eb442e-11755569e8d--8000" daemon [_thread_blocked, id=30584]
  0x00002aaaf4b12400 JavaThread "AOMatlabSplitter on //eon19.inria.fr/Matlab1199727614879" daemon [_thread_blocked, id=30574]
  0x00002aaaf4b11400 JavaThread "JMXNotificationThread for org.objectweb.proactive.core.body:type=AO,aoID=28eb442e-11755569e8d--7e74--2a30e78b059d1919-28eb442e-11755569e8d--8000" daemon [_thread_blocked, id=30573]
  0x00002aaaf4b0fc00 JavaThread "AOMatlabSplitter on //eon19.inria.fr/Matlab1199727614879" daemon [_thread_blocked, id=30572]
  0x00002aaaf4b0e400 JavaThread "JMXNotificationThread for org.objectweb.proactive.core.body:type=AO,aoID=28eb442e-11755569e8d--7e87--2a30e78b059d1919-28eb442e-11755569e8d--8000" daemon [_thread_blocked, id=30571]
  0x00002aaaf4b0d400 JavaThread "AOMatlabSplitter on //eon19.inria.fr/Matlab1199727614879" daemon [_thread_blocked, id=30570]
  0x00002aaaffebe800 JavaThread "JMXNotificationThread for org.objectweb.proactive.core.body:type=AO,aoID=28eb442e-11755569e8d--7e9a--2a30e78b059d1919-28eb442e-11755569e8d--8000" daemon [_thread_blocked, id=30569]
  0x00002aaaf4baac00 JavaThread "AOMatlabSplitter on //eon19.inria.fr/Matlab1199727614879" daemon [_thread_blocked, id=30558]
  0x00002aaaf4ab0c00 JavaThread "JMXNotificationThread for org.objectweb.proactive.core.body:type=AO,aoID=28eb442e-11755569e8d--7ead--2a30e78b059d1919-28eb442e-11755569e8d--8000" daemon [_thread_blocked, id=30556]
  0x00002aaaf4a60800 JavaThread "AOMatlabSplitter on //eon19.inria.fr/Matlab1199727614879" daemon [_thread_blocked, id=30554]
  0x00002aaaf4a18c00 JavaThread "JMXNotificationThread for org.objectweb.proactive.core.body:type=AO,aoID=28eb442e-11755569e8d--7ec0--2a30e78b059d1919-28eb442e-11755569e8d--8000" daemon [_thread_blocked, id=30553]
  0x00002aaaf4aaf000 JavaThread "AOMatlabSplitter on //eon19.inria.fr/Matlab1199727614879" daemon [_thread_blocked, id=30546]
  0x00002aaaf4aadc00 JavaThread "JMXNotificationThread for org.objectweb.proactive.core.body:type=AO,aoID=28eb442e-11755569e8d--7ed3--2a30e78b059d1919-28eb442e-11755569e8d--8000" daemon [_thread_blocked, id=30545]
  0x00002aaaf4aac800 JavaThread "AOMatlabSplitter on //eon19.inria.fr/Matlab1199727614879" daemon [_thread_blocked, id=30544]
  0x00002aaaf4aab400 JavaThread "JMXNotificationThread for org.objectweb.proactive.core.body:type=AO,aoID=28eb442e-11755569e8d--7ee6--2a30e78b059d1919-28eb442e-11755569e8d--8000" daemon [_thread_blocked, id=30543]
  0x00002aaaf4aaa400 JavaThread "AOMatlabSplitter on //eon19.inria.fr/Matlab1199727614879" daemon [_thread_blocked, id=30541]
  0x00002aaaf4a99800 JavaThread "JMXNotificationThread for org.objectweb.proactive.core.body:type=AO,aoID=28eb442e-11755569e8d--7ef9--2a30e78b059d1919-28eb442e-11755569e8d--8000" daemon [_thread_blocked, id=30540]
  0x00002aaaf4a98000 JavaThread "AOMatlabSplitter on //eon19.inria.fr/Matlab1199727614879" daemon [_thread_blocked, id=30538]
  0x00002aaaf4a97000 JavaThread "JMXNotificationThread for org.objectweb.proactive.core.body:type=AO,aoID=28eb442e-11755569e8d--7f0c--2a30e78b059d1919-28eb442e-11755569e8d--8000" daemon [_thread_blocked, id=30537]
  0x00002aaaf4a96000 JavaThread "AOMatlabSplitter on //eon19.inria.fr/Matlab1199727614879" daemon [_thread_blocked, id=30536]
  0x00002aaaf4a95000 JavaThread "JMXNotificationThread for org.objectweb.proactive.core.body:type=AO,aoID=28eb442e-11755569e8d--7f1f--2a30e78b059d1919-28eb442e-11755569e8d--8000" daemon [_thread_blocked, id=30534]
  0x00002aaaf4a94000 JavaThread "AOMatlabSplitter on //eon19.inria.fr/Matlab1199727614879" daemon [_thread_blocked, id=30533]
  0x00002aaaf4a92c00 JavaThread "JMXNotificationThread for org.objectweb.proactive.core.body:type=AO,aoID=28eb442e-11755569e8d--7f32--2a30e78b059d1919-28eb442e-11755569e8d--8000" daemon [_thread_blocked, id=30530]
  0x00002aaaf4a92000 JavaThread "AOMatlabSplitter on //eon19.inria.fr/Matlab1199727614879" daemon [_thread_blocked, id=30527]
  0x00002aaaf41e9400 JavaThread "JMXNotificationThread for org.objectweb.proactive.core.body:type=AO,aoID=28eb442e-11755569e8d--7f45--2a30e78b059d1919-28eb442e-11755569e8d--8000" daemon [_thread_blocked, id=30526]
  0x00002aaaf41e8000 JavaThread "AOMatlabSplitter on //eon19.inria.fr/Matlab1199727614879" daemon [_thread_blocked, id=30525]
  0x00002aaaf41e7000 JavaThread "JMXNotificationThread for org.objectweb.proactive.core.body:type=AO,aoID=28eb442e-11755569e8d--7f58--2a30e78b059d1919-28eb442e-11755569e8d--8000" daemon [_thread_blocked, id=30524]
  0x00002aaaf41e6000 JavaThread "AOMatlabSplitter on //eon19.inria.fr/Matlab1199727614879" daemon [_thread_blocked, id=30521]
  0x00002aaaf41e5400 JavaThread "JMXNotificationThread for org.objectweb.proactive.core.body:type=AO,aoID=28eb442e-11755569e8d--7f6b--2a30e78b059d1919-28eb442e-11755569e8d--8000" daemon [_thread_blocked, id=30520]
  0x00002aaaf41e3c00 JavaThread "AOMatlabSplitter on //eon19.inria.fr/Matlab1199727614879" daemon [_thread_blocked, id=30515]
  0x00002aaaf4aa5c00 JavaThread "JMXNotificationThread for org.objectweb.proactive.core.body:type=AO,aoID=28eb442e-11755569e8d--7f7e--2a30e78b059d1919-28eb442e-11755569e8d--8000" daemon [_thread_blocked, id=30514]
  0x00002aaaf4aa4c00 JavaThread "AOMatlabSplitter on //eon19.inria.fr/Matlab1199727614879" daemon [_thread_blocked, id=30513]
  0x00002aaaf4aa4000 JavaThread "JMXNotificationThread for org.objectweb.proactive.core.body:type=AO,aoID=28eb442e-11755569e8d--7f91--2a30e78b059d1919-28eb442e-11755569e8d--8000" daemon [_thread_blocked, id=30512]
  0x00002aaaf4aa2c00 JavaThread "AOMatlabSplitter on //eon19.inria.fr/Matlab1199727614879" daemon [_thread_blocked, id=30511]
  0x00002aaaf4aa2400 JavaThread "JMXNotificationThread for org.objectweb.proactive.core.body:type=AO,aoID=28eb442e-11755569e8d--7fa4--2a30e78b059d1919-28eb442e-11755569e8d--8000" daemon [_thread_blocked, id=30510]
  0x00002aaaf4aa1000 JavaThread "AOMatlabSplitter on //eon19.inria.fr/Matlab1199727614879" daemon [_thread_blocked, id=30503]
  0x00002aaaf4b0ac00 JavaThread "JMXNotificationThread for org.objectweb.proactive.core.body:type=AO,aoID=28eb442e-11755569e8d--7fb7--2a30e78b059d1919-28eb442e-11755569e8d--8000" daemon [_thread_blocked, id=30502]
  0x00002aaaf479e400 JavaThread "AOMatlabSplitter on //eon19.inria.fr/Matlab1199727614879" daemon [_thread_blocked, id=30497]
  0x00002aaaf4b16000 JavaThread "JMXNotificationThread for org.objectweb.proactive.core.body:type=AO,aoID=28eb442e-11755569e8d--7fca--2a30e78b059d1919-28eb442e-11755569e8d--8000" daemon [_thread_blocked, id=30496]
  0x00002aaaf4b15000 JavaThread "AOMatlabSplitter on //eon19.inria.fr/Matlab1199727614879" daemon [_thread_blocked, id=30493]
  0x00002aaaffec2c00 JavaThread "JMXNotificationThread for org.objectweb.proactive.core.body:type=AO,aoID=28eb442e-11755569e8d--7fdd--2a30e78b059d1919-28eb442e-11755569e8d--8000" daemon [_thread_blocked, id=30492]
  0x00002aaaffec2400 JavaThread "AOMatlabSplitter on //eon19.inria.fr/Matlab1199727614879" daemon [_thread_blocked, id=30488]
  0x00002aaaf4bb1800 JavaThread "RMI TCP Connection(3)-138.96.218.219" daemon [_thread_in_native, id=30487]
  0x00002aaaf4b1c800 JavaThread "RMI RenewClean-[138.96.218.219:32832]" daemon [_thread_blocked, id=30486]
  0x00002aaaf4a9dc00 JavaThread "JMXNotificationThread for org.objectweb.proactive.core.body:type=AO,aoID=28eb442e-11755569e8d--7ff2--2a30e78b059d1919-28eb442e-11755569e8d--8000" daemon [_thread_blocked, id=30485]
  0x00002aaaf4996800 JavaThread "RMI TCP Connection(2)-138.96.218.219" daemon [_thread_in_native, id=30484]
  0x0000000040112800 JavaThread "DestroyJavaVM" [_thread_blocked, id=30458]
  0x00002aaaf4994c00 JavaThread "RMI TCP Connection(1)-138.96.218.219" daemon [_thread_in_native, id=30483]
  0x00002aaaf815a400 JavaThread "GC Daemon" daemon [_thread_blocked, id=30480]
  0x00002aaaf816c800 JavaThread "RMI Reaper" [_thread_blocked, id=30479]
  0x00002aaaf80af000 JavaThread "RMI TCP Accept-0" daemon [_thread_in_native, id=30478]
  0x00002aaaf800fc00 JavaThread "RMI Scheduler(0)" daemon [_thread_blocked, id=30477]
  0x00002aaaf4971400 JavaThread "ClassServer-eon19.inria.fr:13218" daemon [_thread_in_native, id=30475]
  0x00002aaaf8005000 JavaThread "Low Memory Detector" daemon [_thread_blocked, id=30473]
  0x00002aaaf8002800 JavaThread "CompilerThread1" daemon [_thread_blocked, id=30472]
  0x00002aaaf8001000 JavaThread "CompilerThread0" daemon [_thread_blocked, id=30471]
  0x00002aaaf42e2400 JavaThread "Signal Dispatcher" daemon [_thread_blocked, id=30470]
  0x00002aaaf42d6000 JavaThread "Finalizer" daemon [_thread_blocked, id=30469]
  0x00002aaaf42cfc00 JavaThread "Reference Handler" daemon [_thread_blocked, id=30468]

Other Threads:
  0x00002aaaf42cb000 VMThread [id=30467]
  0x00002aaaf8007400 WatcherThread [id=30474]

VM state:not at safepoint (normal execution)

VM Mutex/Monitor currently owned by a thread: None

Heap
 PSYoungGen      total 75136K, used 61921K [0x00002aaade8c0000, 0x00002aaae3c90000, 0x00002aaaf3e10000)
  eden space 64448K, 96% used [0x00002aaade8c0000,0x00002aaae2538528,0x00002aaae27b0000)
  from space 10688K, 0% used [0x00002aaae27b0000,0x00002aaae27b0000,0x00002aaae3220000)
  to   space 10688K, 0% used [0x00002aaae3220000,0x00002aaae3220000,0x00002aaae3c90000)
 PSOldGen        total 171648K, used 2212K [0x00002aaab3e10000, 0x00002aaabe5b0000, 0x00002aaade8c0000)
  object space 171648K, 1% used [0x00002aaab3e10000,0x00002aaab4039320,0x00002aaabe5b0000)
 PSPermGen       total 25408K, used 16416K [0x00002aaaaea10000, 0x00002aaab02e0000, 0x00002aaab3e10000)
  object space 25408K, 64% used [0x00002aaaaea10000,0x00002aaaafa18210,0x00002aaab02e0000)

Dynamic libraries:
40000000-40009000 r-xp 00000000 00:1b 21594350                           /auto/cheypa/u/cheypa/home/gchazara/NOSAVE/java/x86_64/jdk1.6.0_01/jre/bin/java
40108000-4010a000 rwxp 00008000 00:1b 21594350                           /auto/cheypa/u/cheypa/home/gchazara/NOSAVE/java/x86_64/jdk1.6.0_01/jre/bin/java
4010a000-4012b000 rwxp 4010a000 00:00 0                                  [heap]
4012b000-4012e000 ---p 4012b000 00:00 0 
4012e000-4022c000 rwxp 4012e000 00:00 0 
4022c000-4022d000 ---p 4022c000 00:00 0 
4022d000-4032d000 rwxp 4022d000 00:00 0 
4032d000-4032e000 ---p 4032d000 00:00 0 
4032e000-4042e000 rwxp 4032e000 00:00 0 
4042e000-4042f000 ---p 4042e000 00:00 0 
4042f000-4052f000 rwxp 4042f000 00:00 0 
4052f000-40530000 ---p 4052f000 00:00 0 
40530000-40630000 rwxp 40530000 00:00 0 
40630000-40631000 ---p 40630000 00:00 0 
40631000-40731000 rwxp 40631000 00:00 0 
40731000-40732000 ---p 40731000 00:00 0 
40732000-40832000 rwxp 40732000 00:00 0 
40832000-40833000 ---p 40832000 00:00 0 
40833000-40933000 rwxp 40833000 00:00 0 
40933000-40934000 ---p 40933000 00:00 0 
40934000-40a34000 rwxp 40934000 00:00 0 
40a34000-40a35000 ---p 40a34000 00:00 0 
40a35000-40b35000 rwxp 40a35000 00:00 0 
40b35000-40b38000 ---p 40b35000 00:00 0 
40b38000-40c36000 rwxp 40b38000 00:00 0 
40c36000-40c39000 ---p 40c36000 00:00 0 
40c39000-40d37000 rwxp 40c39000 00:00 0 
40d37000-40d3a000 ---p 40d37000 00:00 0 
40d3a000-40e38000 rwxp 40d3a000 00:00 0 
40e38000-40e3b000 ---p 40e38000 00:00 0 
40e3b000-40f39000 rwxp 40e3b000 00:00 0 
40f39000-40f3c000 ---p 40f39000 00:00 0 
40f3c000-4103a000 rwxp 40f3c000 00:00 0 
4103a000-4103d000 ---p 4103a000 00:00 0 
4103d000-4113b000 rwxp 4103d000 00:00 0 
4113b000-4113c000 ---p 4113b000 00:00 0 
4113c000-4123c000 rwxp 4113c000 00:00 0 
4123c000-4123f000 ---p 4123c000 00:00 0 
4123f000-4133d000 rwxp 4123f000 00:00 0 
4133d000-41340000 ---p 4133d000 00:00 0 
41340000-4143e000 rwxp 41340000 00:00 0 
4143e000-41441000 ---p 4143e000 00:00 0 
41441000-4153f000 rwxp 41441000 00:00 0 
4153f000-41542000 ---p 4153f000 00:00 0 
41542000-41640000 rwxp 41542000 00:00 0 
41640000-41643000 ---p 41640000 00:00 0 
41643000-41741000 rwxp 41643000 00:00 0 
41741000-41744000 ---p 41741000 00:00 0 
41744000-41842000 rwxp 41744000 00:00 0 
41842000-41845000 ---p 41842000 00:00 0 
41845000-41943000 rwxp 41845000 00:00 0 
41943000-41946000 ---p 41943000 00:00 0 
41946000-41a44000 rwxp 41946000 00:00 0 
41a44000-41a47000 ---p 41a44000 00:00 0 
41a47000-41b45000 rwxp 41a47000 00:00 0 
41b45000-41b48000 ---p 41b45000 00:00 0 
41b48000-41c46000 rwxp 41b48000 00:00 0 
41c46000-41c49000 ---p 41c46000 00:00 0 
41c49000-41d47000 rwxp 41c49000 00:00 0 
41d47000-41d4a000 ---p 41d47000 00:00 0 
41d4a000-41e48000 rwxp 41d4a000 00:00 0 
41e48000-41e4b000 ---p 41e48000 00:00 0 
41e4b000-41f49000 rwxp 41e4b000 00:00 0 
41f49000-41f4c000 ---p 41f49000 00:00 0 
41f4c000-4204a000 rwxp 41f4c000 00:00 0 
4204a000-4204d000 ---p 4204a000 00:00 0 
4204d000-4214b000 rwxp 4204d000 00:00 0 
4214b000-4214e000 ---p 4214b000 00:00 0 
4214e000-4224c000 rwxp 4214e000 00:00 0 
4224c000-4224f000 ---p 4224c000 00:00 0 
4224f000-4234d000 rwxp 4224f000 00:00 0 
4234d000-42350000 ---p 4234d000 00:00 0 
42350000-4244e000 rwxp 42350000 00:00 0 
4244e000-42451000 ---p 4244e000 00:00 0 
42451000-4254f000 rwxp 42451000 00:00 0 
4254f000-42552000 ---p 4254f000 00:00 0 
42552000-42650000 rwxp 42552000 00:00 0 
42650000-42653000 ---p 42650000 00:00 0 
42653000-42751000 rwxp 42653000 00:00 0 
42751000-42754000 ---p 42751000 00:00 0 
42754000-42852000 rwxp 42754000 00:00 0 
42852000-42855000 ---p 42852000 00:00 0 
42855000-42953000 rwxp 42855000 00:00 0 
42953000-42956000 ---p 42953000 00:00 0 
42956000-42a54000 rwxp 42956000 00:00 0 
42a54000-42a57000 ---p 42a54000 00:00 0 
42a57000-42b55000 rwxp 42a57000 00:00 0 
42b55000-42b58000 ---p 42b55000 00:00 0 
42b58000-42c56000 rwxp 42b58000 00:00 0 
42c56000-42c59000 ---p 42c56000 00:00 0 
42c59000-42d57000 rwxp 42c59000 00:00 0 
42d57000-42d5a000 ---p 42d57000 00:00 0 
42d5a000-42e58000 rwxp 42d5a000 00:00 0 
42e58000-42e5b000 ---p 42e58000 00:00 0 
42e5b000-42f59000 rwxp 42e5b000 00:00 0 
42f59000-42f5c000 ---p 42f59000 00:00 0 
42f5c000-4305a000 rwxp 42f5c000 00:00 0 
4305a000-4305d000 ---p 4305a000 00:00 0 
4305d000-4315b000 rwxp 4305d000 00:00 0 
4315b000-4315e000 ---p 4315b000 00:00 0 
4315e000-4325c000 rwxp 4315e000 00:00 0 
4325c000-4325f000 ---p 4325c000 00:00 0 
4325f000-4335d000 rwxp 4325f000 00:00 0 
4335d000-43360000 ---p 4335d000 00:00 0 
43360000-4345e000 rwxp 43360000 00:00 0 
4345e000-43461000 ---p 4345e000 00:00 0 
43461000-4355f000 rwxp 43461000 00:00 0 
4355f000-43562000 ---p 4355f000 00:00 0 
43562000-43660000 rwxp 43562000 00:00 0 
43660000-43663000 ---p 43660000 00:00 0 
43663000-43761000 rwxp 43663000 00:00 0 
43761000-43764000 ---p 43761000 00:00 0 
43764000-43862000 rwxp 43764000 00:00 0 
43862000-43865000 ---p 43862000 00:00 0 
43865000-43963000 rwxp 43865000 00:00 0 
43963000-43966000 ---p 43963000 00:00 0 
43966000-43a64000 rwxp 43966000 00:00 0 
43a64000-43a67000 ---p 43a64000 00:00 0 
43a67000-43b65000 rwxp 43a67000 00:00 0 
43b65000-43b68000 ---p 43b65000 00:00 0 
43b68000-43c66000 rwxp 43b68000 00:00 0 
43c66000-43c69000 ---p 43c66000 00:00 0 
43c69000-43d67000 rwxp 43c69000 00:00 0 
43d67000-43d6a000 ---p 43d67000 00:00 0 
43d6a000-43e68000 rwxp 43d6a000 00:00 0 
43e68000-43e6b000 ---p 43e68000 00:00 0 
43e6b000-43f69000 rwxp 43e6b000 00:00 0 
43f69000-43f6c000 ---p 43f69000 00:00 0 
43f6c000-4406a000 rwxp 43f6c000 00:00 0 
4406a000-4406d000 ---p 4406a000 00:00 0 
4406d000-4416b000 rwxp 4406d000 00:00 0 
4416b000-4416e000 ---p 4416b000 00:00 0 
4416e000-4426c000 rwxp 4416e000 00:00 0 
4426c000-4426f000 ---p 4426c000 00:00 0 
4426f000-4436d000 rwxp 4426f000 00:00 0 
4436d000-44370000 ---p 4436d000 00:00 0 
44370000-4446e000 rwxp 44370000 00:00 0 
4446e000-44471000 ---p 4446e000 00:00 0 
44471000-4456f000 rwxp 44471000 00:00 0 
4456f000-44572000 ---p 4456f000 00:00 0 
44572000-44670000 rwxp 44572000 00:00 0 
44670000-44673000 ---p 44670000 00:00 0 
44673000-44771000 rwxp 44673000 00:00 0 
44771000-44774000 ---p 44771000 00:00 0 
44774000-44872000 rwxp 44774000 00:00 0 
44872000-44875000 ---p 44872000 00:00 0 
44875000-44973000 rwxp 44875000 00:00 0 
44973000-44976000 ---p 44973000 00:00 0 
44976000-44a74000 rwxp 44976000 00:00 0 
44a74000-44a77000 ---p 44a74000 00:00 0 
44a77000-44b75000 rwxp 44a77000 00:00 0 
44b75000-44b78000 ---p 44b75000 00:00 0 
44b78000-44c76000 rwxp 44b78000 00:00 0 
44c76000-44c79000 ---p 44c76000 00:00 0 
44c79000-44d77000 rwxp 44c79000 00:00 0 
44d77000-44d7a000 ---p 44d77000 00:00 0 
44d7a000-44e78000 rwxp 44d7a000 00:00 0 
44e78000-44e7b000 ---p 44e78000 00:00 0 
44e7b000-44f79000 rwxp 44e7b000 00:00 0 
44f79000-44f7c000 ---p 44f79000 00:00 0 
44f7c000-4507a000 rwxp 44f7c000 00:00 0 
4507a000-4507d000 ---p 4507a000 00:00 0 
4507d000-4517b000 rwxp 4507d000 00:00 0 
4517b000-4517e000 ---p 4517b000 00:00 0 
4517e000-4527c000 rwxp 4517e000 00:00 0 
4527c000-4527f000 ---p 4527c000 00:00 0 
4527f000-4537d000 rwxp 4527f000 00:00 0 
4537d000-45380000 ---p 4537d000 00:00 0 
45380000-4547e000 rwxp 45380000 00:00 0 
39a6200000-39a621a000 r-xp 00000000 08:02 455636                         /lib64/ld-2.6.so
39a641a000-39a641b000 r-xp 0001a000 08:02 455636                         /lib64/ld-2.6.so
39a641b000-39a641c000 rwxp 0001b000 08:02 455636                         /lib64/ld-2.6.so
39a6e00000-39a6e15000 r-xp 00000000 08:02 455654                         /lib64/libpthread-2.6.so
39a6e15000-39a7014000 ---p 00015000 08:02 455654                         /lib64/libpthread-2.6.so
39a7014000-39a7015000 r-xp 00014000 08:02 455654                         /lib64/libpthread-2.6.so
39a7015000-39a7016000 rwxp 00015000 08:02 455654                         /lib64/libpthread-2.6.so
39a7016000-39a701a000 rwxp 39a7016000 00:00 0 
39a7400000-39a7547000 r-xp 00000000 08:02 455638                         /lib64/libc-2.6.so
39a7547000-39a7747000 ---p 00147000 08:02 455638                         /lib64/libc-2.6.so
39a7747000-39a774b000 r-xp 00147000 08:02 455638                         /lib64/libc-2.6.so
39a774b000-39a774c000 rwxp 0014b000 08:02 455638                         /lib64/libc-2.6.so
39a774c000-39a7751000 rwxp 39a774c000 00:00 0 
39a7800000-39a7882000 r-xp 00000000 08:02 455642                         /lib64/libm-2.6.so
39a7882000-39a7a81000 ---p 00082000 08:02 455642                         /lib64/libm-2.6.so
39a7a81000-39a7a82000 r-xp 00081000 08:02 455642                         /lib64/libm-2.6.so
39a7a82000-39a7a83000 rwxp 00082000 08:02 455642                         /lib64/libm-2.6.so
39a7c00000-39a7c02000 r-xp 00000000 08:02 455644                         /lib64/libdl-2.6.so
39a7c02000-39a7e02000 ---p 00002000 08:02 455644                         /lib64/libdl-2.6.so
39a7e02000-39a7e03000 r-xp 00002000 08:02 455644                         /lib64/libdl-2.6.so
39a7e03000-39a7e04000 rwxp 00003000 08:02 455644                         /lib64/libdl-2.6.so
39aa400000-39aa407000 r-xp 00000000 08:02 455678                         /lib64/librt-2.6.so
39aa407000-39aa607000 ---p 00007000 08:02 455678                         /lib64/librt-2.6.so
39aa607000-39aa608000 r-xp 00007000 08:02 455678                         /lib64/librt-2.6.so
39aa608000-39aa609000 rwxp 00008000 08:02 455678                         /lib64/librt-2.6.so
39ab800000-39ab815000 r-xp 00000000 08:02 455693                         /lib64/libnsl-2.6.so
39ab815000-39aba14000 ---p 00015000 08:02 455693                         /lib64/libnsl-2.6.so
39aba14000-39aba15000 r-xp 00014000 08:02 455693                         /lib64/libnsl-2.6.so
39aba15000-39aba16000 rwxp 00015000 08:02 455693                         /lib64/libnsl-2.6.so
39aba16000-39aba18000 rwxp 39aba16000 00:00 0 
2aaaaaaab000-2aaaaaaad000 rwxp 2aaaaaaab000 00:00 0 
2aaaaaaad000-2aaaaaaae000 r-xp 2aaaaaaad000 00:00 0 
2aaaaaaae000-2aaaaaaaf000 rwxp 2aaaaaaae000 00:00 0 
2aaaaaab8000-2aaaaaab9000 rwxp 2aaaaaab8000 00:00 0 
2aaaaaab9000-2aaaaaac0000 r-xp 00000000 00:1b 21594838                   /auto/cheypa/u/cheypa/home/gchazara/NOSAVE/java/x86_64/jdk1.6.0_01/jre/lib/amd64/jli/libjli.so
2aaaaaac0000-2aaaaabc1000 ---p 00007000 00:1b 21594838                   /auto/cheypa/u/cheypa/home/gchazara/NOSAVE/java/x86_64/jdk1.6.0_01/jre/lib/amd64/jli/libjli.so
2aaaaabc1000-2aaaaabc3000 rwxp 00008000 00:1b 21594838                   /auto/cheypa/u/cheypa/home/gchazara/NOSAVE/java/x86_64/jdk1.6.0_01/jre/lib/amd64/jli/libjli.so
2aaaaabc3000-2aaaaabc5000 rwxp 2aaaaabc3000 00:00 0 
2aaaaabc5000-2aaaab240000 r-xp 00000000 00:1b 21594872                   /auto/cheypa/u/cheypa/home/gchazara/NOSAVE/java/x86_64/jdk1.6.0_01/jre/lib/amd64/server/libjvm.so
2aaaab240000-2aaaab341000 ---p 0067b000 00:1b 21594872                   /auto/cheypa/u/cheypa/home/gchazara/NOSAVE/java/x86_64/jdk1.6.0_01/jre/lib/amd64/server/libjvm.so
2aaaab341000-2aaaab46d000 rwxp 0067c000 00:1b 21594872                   /auto/cheypa/u/cheypa/home/gchazara/NOSAVE/java/x86_64/jdk1.6.0_01/jre/lib/amd64/server/libjvm.so
2aaaab46d000-2aaaab4a8000 rwxp 2aaaab46d000 00:00 0 
2aaaab4a8000-2aaaab4af000 r-xp 00000000 00:1b 21594855                   /auto/cheypa/u/cheypa/home/gchazara/NOSAVE/java/x86_64/jdk1.6.0_01/jre/lib/amd64/native_threads/libhpi.so
2aaaab4af000-2aaaab5b0000 ---p 00007000 00:1b 21594855                   /auto/cheypa/u/cheypa/home/gchazara/NOSAVE/java/x86_64/jdk1.6.0_01/jre/lib/amd64/native_threads/libhpi.so
2aaaab5b0000-2aaaab5b2000 rwxp 00008000 00:1b 21594855                   /auto/cheypa/u/cheypa/home/gchazara/NOSAVE/java/x86_64/jdk1.6.0_01/jre/lib/amd64/native_threads/libhpi.so
2aaaab5b2000-2aaaab5b3000 rwxp 2aaaab5b2000 00:00 0 
2aaaab5b3000-2aaaab5e8000 r-xs 00000000 08:02 2083031                    /var/db/nscd/passwd
2aaaab5e8000-2aaaab5f0000 rwxs 00000000 08:02 3710091                    /tmp/hsperfdata_fviale/30455
2aaaab5f0000-2aaaab5fd000 r-xp 00000000 00:1b 21594848                   /auto/cheypa/u/cheypa/home/gchazara/NOSAVE/java/x86_64/jdk1.6.0_01/jre/lib/amd64/libverify.so
2aaaab5fd000-2aaaab6fc000 ---p 0000d000 00:1b 21594848                   /auto/cheypa/u/cheypa/home/gchazara/NOSAVE/java/x86_64/jdk1.6.0_01/jre/lib/amd64/libverify.so
2aaaab6fc000-2aaaab6ff000 rwxp 0000c000 00:1b 21594848                   /auto/cheypa/u/cheypa/home/gchazara/NOSAVE/java/x86_64/jdk1.6.0_01/jre/lib/amd64/libverify.so
2aaaab6ff000-2aaaab727000 r-xp 00000000 00:1b 21594866                   /auto/cheypa/u/cheypa/home/gchazara/NOSAVE/java/x86_64/jdk1.6.0_01/jre/lib/amd64/libjava.so
2aaaab727000-2aaaab827000 ---p 00028000 00:1b 21594866                   /auto/cheypa/u/cheypa/home/gchazara/NOSAVE/java/x86_64/jdk1.6.0_01/jre/lib/amd64/libjava.so
2aaaab827000-2aaaab82e000 rwxp 00028000 00:1b 21594866                   /auto/cheypa/u/cheypa/home/gchazara/NOSAVE/java/x86_64/jdk1.6.0_01/jre/lib/amd64/libjava.so
2aaaab82e000-2aaaab83c000 r-xp 00000000 00:1b 21594853                   /auto/cheypa/u/cheypa/home/gchazara/NOSAVE/java/x86_64/jdk1.6.0_01/jre/lib/amd64/libzip.so
2aaaab83c000-2aaaab93e000 ---p 0000e000 00:1b 21594853                   /auto/cheypa/u/cheypa/home/gchazara/NOSAVE/java/x86_64/jdk1.6.0_01/jre/lib/amd64/libzip.so
2aaaab93e000-2aaaab941000 rwxp 00010000 00:1b 21594853                   /auto/cheypa/u/cheypa/home/gchazara/NOSAVE/java/x86_64/jdk1.6.0_01/jre/lib/amd64/libzip.so
2aaaab941000-2aaaabbb2000 rwxp 2aaaab941000 00:00 0 
2aaaabbb2000-2aaaae942000 rwxp 2aaaabbb2000 00:00 0 
2aaaae942000-2aaaae94c000 rwxp 2aaaae942000 00:00 0 
2aaaae94c000-2aaaaea02000 rwxp 2aaaae94c000 00:00 0 
2aaaaea10000-2aaab02e0000 rwxp 2aaaaea10000 00:00 0 
2aaab02e0000-2aaab3e10000 rwxp 2aaab02e0000 00:00 0 
2aaab3e10000-2aaabe5b0000 rwxp 2aaab3e10000 00:00 0 
2aaabe5b0000-2aaade8c0000 rwxp 2aaabe5b0000 00:00 0 
2aaade8c0000-2aaae3c90000 rwxp 2aaade8c0000 00:00 0 
2aaae3c90000-2aaaf3e10000 rwxp 2aaae3c90000 00:00 0 
2aaaf3e10000-2aaaf3e1d000 rwxp 2aaaf3e10000 00:00 0 
2aaaf3e1d000-2aaaf3e3a000 rwxp 2aaaf3e1d000 00:00 0 
2aaaf3e3a000-2aaaf3e8e000 rwxp 2aaaf3e3a000 00:00 0 
2aaaf3e8e000-2aaaf3f8f000 rwxp 2aaaf3e8e000 00:00 0 
2aaaf3f8f000-2aaaf3fba000 rwxp 2aaaf3f8f000 00:00 0 
2aaaf3fba000-2aaaf403a000 rwxp 2aaaf3fba000 00:00 0 
2aaaf403a000-2aaaf408f000 rwxp 2aaaf403a000 00:00 0 
2aaaf408f000-2aaaf4191000 rwxp 2aaaf408f000 00:00 0 
2aaaf4191000-2aaaf419e000 rwxp 2aaaf4191000 00:00 0 
2aaaf419e000-2aaaf41bb000 rwxp 2aaaf419e000 00:00 0 
2aaaf41bb000-2aaaf42e3000 rwxp 2aaaf41bb000 00:00 0 
2aaaf42e3000-2aaaf445e000 r-xs 02c75000 00:1b 21596311                   /auto/cheypa/u/cheypa/home/gchazara/NOSAVE/java/x86_64/jdk1.6.0_01/jre/lib/rt.jar
2aaaf445e000-2aaaf4566000 rwxp 2aaaf445e000 00:00 0 
2aaaf4566000-2aaaf4585000 r-xs 0013c000 00:18 19562562                   /auto/bebita/u/bebita/home/fviale/eclipse_workspace/ProActive_Latest/lib/bouncycastle.jar
2aaaf4585000-2aaaf4587000 r-xs 00002000 00:18 17989720                   /auto/bebita/u/bebita/home/fviale/eclipse_workspace/ProActive_Latest/lib/javasci.jar
2aaaf4587000-2aaaf4590000 r-xs 000aa000 00:18 17989654                   /auto/bebita/u/bebita/home/fviale/eclipse_workspace/ProActive_Latest/lib/ptolemy.jar
2aaaf4590000-2aaaf4591000 r-xs 00002000 00:18 17989704                   /auto/bebita/u/bebita/home/fviale/eclipse_workspace/ProActive_Latest/lib/fractal.jar
2aaaf4591000-2aaaf4595000 r-xs 00038000 00:18 17995715                   /auto/bebita/u/bebita/home/fviale/eclipse_workspace/ProActive_Latest/lib/ganymed-ssh2-build210.jar
2aaaf4595000-2aaaf459b000 r-xs 0006d000 00:18 17989641                   /auto/bebita/u/bebita/home/fviale/eclipse_workspace/ProActive_Latest/lib/javassist.jar
2aaaf459b000-2aaaf45a2000 r-xs 00053000 00:18 17991219                   /auto/bebita/u/bebita/home/fviale/eclipse_workspace/ProActive_Latest/lib/log4j.jar
2aaaf45a2000-2aaaf47a2000 rwxp 2aaaf45a2000 00:00 0 
2aaaf47a2000-2aaaf47a4000 r-xs 00006000 00:18 17989741                   /auto/bebita/u/bebita/home/fviale/eclipse_workspace/ProActive_Latest/lib/commons-cli-1.0.jar
2aaaf47a4000-2aaaf47ba000 r-xs 00110000 00:18 17995573                   /auto/bebita/u/bebita/home/fviale/eclipse_workspace/ProActive_Latest/lib/xercesImpl.jar
2aaaf47ba000-2aaaf47cd000 r-xp 00000000 00:1b 21594842                   /auto/cheypa/u/cheypa/home/gchazara/NOSAVE/java/x86_64/jdk1.6.0_01/jre/lib/amd64/libnet.so
2aaaf47cd000-2aaaf48ce000 ---p 00013000 00:1b 21594842                   /auto/cheypa/u/cheypa/home/gchazara/NOSAVE/java/x86_64/jdk1.6.0_01/jre/lib/amd64/libnet.so
2aaaf48ce000-2aaaf48d1000 rwxp 00014000 00:1b 21594842                   /auto/cheypa/u/cheypa/home/gchazara/NOSAVE/java/x86_64/jdk1.6.0_01/jre/lib/amd64/libnet.so
2aaaf48d1000-2aaaf4906000 r-xs 00000000 08:02 2083033                    /var/db/nscd/hosts
2aaaf4906000-2aaaf490d000 r-xs 00106000 00:1b 21594929                   /auto/cheypa/u/cheypa/home/gchazara/NOSAVE/java/x86_64/jdk1.6.0_01/jre/lib/resources.jar
2aaaf490d000-2aaaf500d000 rwxp 2aaaf490d000 00:00 0 
2aaaf500d000-2aaaf5013000 r-xs 00091000 00:1b 21594907                   /auto/cheypa/u/cheypa/home/gchazara/NOSAVE/java/x86_64/jdk1.6.0_01/jre/lib/jsse.jar
2aaaf5013000-2aaaf5016000 r-xs 00027000 00:1b 21594827                   /auto/cheypa/u/cheypa/home/gchazara/NOSAVE/java/x86_64/jdk1.6.0_01/jre/lib/ext/sunjce_provider.jar
2aaaf5016000-2aaaf5017000 r-xp 00000000 00:1b 21594849                   /auto/cheypa/u/cheypa/home/gchazara/NOSAVE/java/x86_64/jdk1.6.0_01/jre/lib/amd64/librmi.so
2aaaf5017000-2aaaf5116000 ---p 00001000 00:1b 21594849                   /auto/cheypa/u/cheypa/home/gchazara/NOSAVE/java/x86_64/jdk1.6.0_01/jre/lib/amd64/librmi.so
2aaaf5116000-2aaaf5117000 rwxp 00000000 00:1b 21594849                   /auto/cheypa/u/cheypa/home/gchazara/NOSAVE/java/x86_64/jdk1.6.0_01/jre/lib/amd64/librmi.so
2aaaf5117000-2aaaf511d000 r-xp 00000000 00:1b 21594886                   /auto/cheypa/u/cheypa/home/gchazara/NOSAVE/java/x86_64/jdk1.6.0_01/jre/lib/amd64/libmanagement.so
2aaaf511d000-2aaaf521c000 ---p 00006000 00:1b 21594886                   /auto/cheypa/u/cheypa/home/gchazara/NOSAVE/java/x86_64/jdk1.6.0_01/jre/lib/amd64/libmanagement.so
2aaaf521c000-2aaaf521e000 rwxp 00005000 00:1b 21594886                   /auto/cheypa/u/cheypa/home/gchazara/NOSAVE/java/x86_64/jdk1.6.0_01/jre/lib/amd64/libmanagement.so
2aaaf521e000-2aaaf5221000 r-xs 00013000 00:1b 21594949                   /auto/cheypa/u/cheypa/home/gchazara/NOSAVE/java/x86_64/jdk1.6.0_01/jre/lib/jce.jar
2aaaf5221000-2aaaf5227000 r-xp 00000000 00:18 18384405                   /auto/bebita/u/bebita/home/fviale/eclipse_workspace/ProActive_Latest/lib/7.5/bin/glnxa64/libptmatlab.so
2aaaf5227000-2aaaf5326000 ---p 00006000 00:18 18384405                   /auto/bebita/u/bebita/home/fviale/eclipse_workspace/ProActive_Latest/lib/7.5/bin/glnxa64/libptmatlab.so
2aaaf5326000-2aaaf5327000 rwxp 00005000 00:18 18384405                   /auto/bebita/u/bebita/home/fviale/eclipse_workspace/ProActive_Latest/lib/7.5/bin/glnxa64/libptmatlab.so
2aaaf5327000-2aaaf532b000 r-xp 00000000 08:02 2831414                    /usr/local/matlab2007b/bin/glnxa64/libeng.so
2aaaf532b000-2aaaf542a000 ---p 00004000 08:02 2831414                    /usr/local/matlab2007b/bin/glnxa64/libeng.so
2aaaf542a000-2aaaf542b000 rwxp 00003000 08:02 2831414                    /usr/local/matlab2007b/bin/glnxa64/libeng.so
2aaaf542b000-2aaaf5484000 r-xp 00000000 08:02 2831613                    /usr/local/matlab2007b/bin/glnxa64/libmx.so
2aaaf5484000-2aaaf5583000 ---p 00059000 08:02 2831613                    /usr/local/matlab2007b/bin/glnxa64/libmx.so
2aaaf5583000-2aaaf5592000 rwxp 00058000 08:02 2831613                    /usr/local/matlab2007b/bin/glnxa64/libmx.so
2aaaf5592000-2aaaf5634000 r-xp 00000000 08:02 2831639                    /usr/local/matlab2007b/bin/glnxa64/libut.so
2aaaf5634000-2aaaf5733000 ---p 000a2000 08:02 2831639                    /usr/local/matlab2007b/bin/glnxa64/libut.so
2aaaf5733000-2aaaf575a000 rwxp 000a1000 08:02 2831639                    /usr/local/matlab2007b/bin/glnxa64/libut.so
2aaaf575a000-2aaaf5a6f000 rwxp 2aaaf575a000 00:00 0 
2aaaf5a6f000-2aaaf5a8b000 r-xp 00000000 08:02 2831445                    /usr/local/matlab2007b/bin/glnxa64/libmat.so
2aaaf5a8b000-2aaaf5b8b000 ---p 0001c000 08:02 2831445                    /usr/local/matlab2007b/bin/glnxa64/libmat.so
2aaaf5b8b000-2aaaf5b91000 rwxp 0001c000 08:02 2831445                    /usr/local/matlab2007b/bin/glnxa64/libmat.so
2aaaf5b91000-2aaaf5c5e000 r-xp 00000000 08:02 2836092                    /usr/local/matlab2007b/sys/os/glnxa64/libstdc++.so.6.0.8
2aaaf5c5e000-2aaaf5d5e000 ---p 000cd000 08:02 2836092                    /usr/local/matlab2007b/sys/os/glnxa64/libstdc++.so.6.0.8
2aaaf5d5e000-2aaaf5d7f000 rwxp 000cd000 08:02 2836092                    /usr/local/matlab2007b/sys/os/glnxa64/libstdc++.so.6.0.8
2aaaf5d7f000-2aaaf5d92000 rwxp 2aaaf5d7f000 00:00 0 
2aaaf5d92000-2aaaf5d9e000 r-xp 00000000 08:02 2836081                    /usr/local/matlab2007b/sys/os/glnxa64/libgcc_s.so.1
2aaaf5d9e000-2aaaf5e9d000 ---p 0000c000 08:02 2836081                    /usr/local/matlab2007b/sys/os/glnxa64/libgcc_s.so.1
2aaaf5e9d000-2aaaf5e9f000 rwxp 0000b000 08:02 2836081                    /usr/local/matlab2007b/sys/os/glnxa64/libgcc_s.so.1
2aaaf5e9f000-2aaaf5ea0000 r-xp 00000000 08:02 2831436                    /usr/local/matlab2007b/bin/glnxa64/libicudata.so.36.0
2aaaf5ea0000-2aaaf5f9f000 ---p 00001000 08:02 2831436                    /usr/local/matlab2007b/bin/glnxa64/libicudata.so.36.0
2aaaf5f9f000-2aaaf5fa0000 rwxp 00000000 08:02 2831436                    /usr/local/matlab2007b/bin/glnxa64/libicudata.so.36.0
2aaaf5fa0000-2aaaf60b4000 r-xp 00000000 08:02 2831442                    /usr/local/matlab2007b/bin/glnxa64/libicuuc.so.36.0
2aaaf60b4000-2aaaf61b3000 ---p 00114000 08:02 2831442                    /usr/local/matlab2007b/bin/glnxa64/libicuuc.so.36.0
2aaaf61b3000-2aaaf61d5000 rwxp 00113000 08:02 2831442                    /usr/local/matlab2007b/bin/glnxa64/libicuuc.so.36.0
2aaaf61d5000-2aaaf61d7000 rwxp 2aaaf61d5000 00:00 0 
2aaaf61d7000-2aaaf62f1000 r-xp 00000000 08:02 2831438                    /usr/local/matlab2007b/bin/glnxa64/libicui18n.so.36.0
2aaaf62f1000-2aaaf63f1000 ---p 0011a000 08:02 2831438                    /usr/local/matlab2007b/bin/glnxa64/libicui18n.so.36.0
2aaaf63f1000-2aaaf6419000 rwxp 0011a000 08:02 2831438                    /usr/local/matlab2007b/bin/glnxa64/libicui18n.so.36.0
2aaaf6419000-2aaaf6423000 r-xp 00000000 08:02 2831440                    /usr/local/matlab2007b/bin/glnxa64/libicuio.so.36.0
2aaaf6423000-2aaaf6522000 ---p 0000a000 08:02 2831440                    /usr/local/matlab2007b/bin/glnxa64/libicuio.so.36.0
2aaaf6522000-2aaaf6525000 rwxp 00009000 08:02 2831440                    /usr/local/matlab2007b/bin/glnxa64/libicuio.so.36.0
2aaaf6525000-2aaaf653a000 r-xp 00000000 08:02 2831646                    /usr/local/matlab2007b/bin/glnxa64/libz.so.1.2.3
2aaaf653a000-2aaaf663a000 ---p 00015000 08:02 2831646                    /usr/local/matlab2007b/bin/glnxa64/libz.so.1.2.3
2aaaf663a000-2aaaf663b000 rwxp 00015000 08:02 2831646                    /usr/local/matlab2007b/bin/glnxa64/libz.so.1.2.3
2aaaf663b000-2aaaf699d000 r-xp 00000000 08:02 2831642                    /usr/local/matlab2007b/bin/glnxa64/libxerces-c.so.27.0
2aaaf699d000-2aaaf6a9c000 ---p 00362000 08:02 2831642                    /usr/local/matlab2007b/bin/glnxa64/libxerces-c.so.27.0
2aaaf6a9c000-2aaaf6b42000 rwxp 00361000 08:02 2831642                    /usr/local/matlab2007b/bin/glnxa64/libxerces-c.so.27.0
2aaaf6b42000-2aaaf6b43000 rwxp 2aaaf6b42000 00:00 0 
2aaaf6b43000-2aaaf6c4f000 r-xp 00000000 08:02 2831433                    /usr/local/matlab2007b/bin/glnxa64/libhdf5.so.0.0.0
2aaaf6c4f000-2aaaf6d4e000 ---p 0010c000 08:02 2831433                    /usr/local/matlab2007b/bin/glnxa64/libhdf5.so.0.0.0
2aaaf6d4e000-2aaaf6d60000 rwxp 0010b000 08:02 2831433                    /usr/local/matlab2007b/bin/glnxa64/libhdf5.so.0.0.0
2aaaf6d60000-2aaaf6d61000 rwxp 2aaaf6d60000 00:00 0 
2aaaf6d61000-2aaaf7710000 r-xs 00000000 08:02 2831373                    /usr/local/matlab2007b/bin/glnxa64/icudt36l.dat
2aaaf7710000-2aaaf7712000 rwxp 2aaaf7710000 00:00 0 
2aaaf7712000-2aaaf7719000 r-xs 00000000 08:02 2118203                    /usr/lib64/gconv/gconv-modules.cache
2aaaf7719000-2aaaf7ebd000 rwxp 2aaaf7719000 00:00 0 
2aaaf8000000-2aaaf8603000 rwxp 2aaaf8000000 00:00 0 
2aaaf8603000-2aaafc000000 ---p 2aaaf8603000 00:00 0 
2aaafc000000-2aaaffe2a000 r-xp 00000000 08:02 2117941                    /usr/lib/locale/locale-archive
2aaaffe2a000-2aaafff2a000 rwxp 2aaaffe2a000 00:00 0 
7fff1f3e3000-7fff1f3f8000 rwxp 7ffffffea000 00:00 0                      [stack]
7fff1f3fd000-7fff1f400000 r-xp 7fff1f3fd000 00:00 0                      [vdso]
ffffffffff600000-ffffffffff601000 r-xp 00000000 00:00 0                  [vsyscall]

VM Arguments:
jvm_args: -Djava.library.path="/auto/cheypa/u/cheypa/home/gchazara/NOSAVE/java/x86_64/jdk1.6.0_01/jre/lib/amd64/server:/auto/cheypa/u/cheypa/home/gchazara/NOSAVE/java/x86_64/jdk1.6.0_01/jre/lib/amd64:/auto/cheypa/u/cheypa/home/gchazara/NOSAVE/java/x86_64/jdk1.6.0_01/jre/../lib/amd64:/usr/local/matlab2007b/bin:/usr/local/matlab2007b/bin/glnxa64:/usr/local/matlab2007b/sys/os/glnxa64" -Dproactive.rmi.port=6608 -Dproactive.http.port=13217 -Djava.security.policy=/user/fviale/home/eclipse_workspace/ProActive_Latest/scripts/proactive.java.policy -Dlog4j.configuration=file:/user/fviale/home/eclipse_workspace/ProActive_Latest/scripts/proactive-log4j
java_command: org.objectweb.proactive.core.node.StartNode //eon19.inria.fr/Matlab1199727614879
Launcher Type: SUN_STANDARD

Environment Variables:
JAVA_HOME=/user/fviale/home/bin/jdk1.6.0
PATH=/usr/kerberos/bin:/user/fviale/home/bin:/user/fviale/home/bin/eclipse:/user/fviale/home/bin/firefox:/user/fviale/home/bin/ArgoUml:/user/fviale/home/bin/xxe-std-3_5_0/bin:/user/fviale/home/bin/chainsaw:/user/fviale/home/bin/jdk1.6.0/bin:/user/fviale/home/bin/nvu-1.0/:/user/fviale/home/bin/glassfish/bin:/user/fviale/home/bin/vex:/user/fviale/home/bin/etrace-2.1/src:/user/fviale/home/bin/idea-6197/bin:/usr/bin:/bin:/usr/local/matlab2007b/bin:/usr/local/matlab2007b/bin/glnxa64:/usr/local/matlab2007b/sys/os/glnxa64
LD_LIBRARY_PATH=/auto/cheypa/u/cheypa/home/gchazara/NOSAVE/java/x86_64/jdk1.6.0_01/jre/lib/amd64/server:/auto/cheypa/u/cheypa/home/gchazara/NOSAVE/java/x86_64/jdk1.6.0_01/jre/lib/amd64:/auto/cheypa/u/cheypa/home/gchazara/NOSAVE/java/x86_64/jdk1.6.0_01/jre/../lib/amd64:/usr/local/matlab2007b/bin:/usr/local/matlab2007b/bin/glnxa64:/usr/local/matlab2007b/sys/os/glnxa64
SHELL=/bin/bash

Signal Handlers:
SIGSEGV: [libjvm.so+0x5f49c0], sa_mask[0]=0x7ffbfeff, sa_flags=0x10000004
SIGBUS: [libjvm.so+0x5f49c0], sa_mask[0]=0x7ffbfeff, sa_flags=0x10000004
SIGFPE: [libjvm.so+0x4b2fa0], sa_mask[0]=0x7ffbfeff, sa_flags=0x10000004
SIGPIPE: [libjvm.so+0x4b2fa0], sa_mask[0]=0x7ffbfeff, sa_flags=0x10000004
SIGILL: [libjvm.so+0x4b2fa0], sa_mask[0]=0x7ffbfeff, sa_flags=0x10000004
SIGUSR1: SIG_DFL, sa_mask[0]=0x00000000, sa_flags=0x00000000
SIGUSR2: [libjvm.so+0x4b51a0], sa_mask[0]=0x00000004, sa_flags=0x10000004
SIGHUP: [libjvm.so+0x4b4ae0], sa_mask[0]=0x7ffbfeff, sa_flags=0x10000004
SIGINT: [libjvm.so+0x4b4ae0], sa_mask[0]=0x7ffbfeff, sa_flags=0x10000004
SIGQUIT: [libjvm.so+0x4b4ae0], sa_mask[0]=0x7ffbfeff, sa_flags=0x10000004
SIGTERM: [libjvm.so+0x4b4ae0], sa_mask[0]=0x7ffbfeff, sa_flags=0x10000004
SIGUSR2: [libjvm.so+0x4b51a0], sa_mask[0]=0x00000004, sa_flags=0x10000004


---------------  S Y S T E M  ---------------

OS:Fedora release 7 (Moonshine)

uname:Linux 2.6.23.1-21.fc7 #1 SMP Thu Nov 1 20:28:15 EDT 2007 x86_64
libc:glibc 2.6 NPTL 2.6 
rlimit: STACK 10240k, CORE 0k, NPROC 137216, NOFILE 1024, AS infinity
load average:1.57 1.25 1.38

CPU:total 8 em64t ht

Memory: 4k page, physical 16475508k(11242808k free), swap 4192924k(4192924k free)

vm_info: Java HotSpot(TM) 64-Bit Server VM (1.6.0_01-b06) for linux-amd64, built on Mar 14 2007 01:18:38 by "java_re" with gcc 3.2.2 (SuSE Linux)

