#
# An unexpected error has been detected by HotSpot Virtual Machine:
#
#  SIGBUS (0x7) at pc=0xf7b0ccd0, pid=12274, tid=2947521424
#
# Java VM: Java HotSpot(TM) Server VM (1.5.0-b64 mixed mode)
# Problematic frame:
# V  [libjvm.so+0x4a7cd0]
#

---------------  T H R E A D  ---------------

Current thread (0x0812e4d8):  JavaThread "RMI RenewClean-[138.96.218.100:36879]" daemon [_thread_in_native, id=12329]

siginfo:si_signo=7, si_errno=0, si_code=2, si_addr=0xf7b0ccd0

Registers:
EAX=0xafaec220, EBX=0xf7bb7acc, ECX=0xf7b28883, EDX=0xafaec1a0
ESP=0xafaec14c, EBP=0xafaec2b8, ESI=0xafaec1a0, EDI=0xafaec220
EIP=0xf7b0ccd0, CR2=0xf7b0ccd0, EFLAGS=0x00010282

Top of Stack: (sp=0xafaec14c)
0xafaec14c:   f7a48a96 afaec220 afaec36c 00000000
0xafaec15c:   f7a4889d 00000000 00000000 00000000
0xafaec16c:   00000000 00000000 00000000 00000000
0xafaec17c:   00000000 00000000 00000000 00000000
0xafaec18c:   f7b0ccd0 f7b0ccd0 00000000 0812e4d8
0xafaec19c:   0812e4d8 00000040 00000000 00000000
0xafaec1ac:   00000000 00000000 00000000 00000000
0xafaec1bc:   00000000 00000000 00000000 00000000 

Instructions: (pc=0xf7b0ccd0)
0xf7b0ccc0:   10 e9 b1 f3 ff ff 8d 76 00 8d bc 27 00 00 00 00
0xf7b0ccd0:   55 89 e5 57 56 53 e8 00 00 00 00 5b 81 c3 f1 ad 

Stack: [0xafa79000,0xafafa000),  sp=0xafaec14c,  free space=460k
Native frames: (J=compiled Java code, j=interpreted, Vv=VM code, C=native code)
V  [libjvm.so+0x4a7cd0]
V  [libjvm.so+0x3e12c4]
C  [+0x600]  __kernel_rt_sigreturn+0x0
V  [libjvm.so+0x3e12c4]
C  [+0x600]  __kernel_rt_sigreturn+0x0
V  [libjvm.so+0x3e12c4]
C  [+0x600]  __kernel_rt_sigreturn+0x0
V  [libjvm.so+0x3e12c4]
C  [+0x600]  __kernel_rt_sigreturn+0x0
V  [libjvm.so+0x3e12c4]
C  [+0x600]  __kernel_rt_sigreturn+0x0
V  [libjvm.so+0x3e12c4]
C  [+0x600]  __kernel_rt_sigreturn+0x0
V  [libjvm.so+0x3e12c4]
C  [+0x600]  __kernel_rt_sigreturn+0x0
V  [libjvm.so+0x3e12c4]
C  [+0x600]  __kernel_rt_sigreturn+0x0
V  [libjvm.so+0x3e12c4]
C  [+0x600]  __kernel_rt_sigreturn+0x0
V  [libjvm.so+0x3e12c4]
C  [+0x600]  __kernel_rt_sigreturn+0x0
V  [libjvm.so+0x3e12c4]
C  [+0x600]  __kernel_rt_sigreturn+0x0
V  [libjvm.so+0x3e12c4]
C  [+0x600]  __kernel_rt_sigreturn+0x0
V  [libjvm.so+0x3e12c4]
C  [+0x600]  __kernel_rt_sigreturn+0x0
V  [libjvm.so+0x3e12c4]
C  [+0x600]  __kernel_rt_sigreturn+0x0
V  [libjvm.so+0x3e12c4]
C  [+0x600]  __kernel_rt_sigreturn+0x0
V  [libjvm.so+0x3e12c4]
C  [+0x600]  __kernel_rt_sigreturn+0x0
V  [libjvm.so+0x3e12c4]
C  [+0x600]  __kernel_rt_sigreturn+0x0
V  [libjvm.so+0x3e12c4]
C  [+0x600]  __kernel_rt_sigreturn+0x0
V  [libjvm.so+0x3e12c4]
C  [+0x600]  __kernel_rt_sigreturn+0x0
V  [libjvm.so+0x3e12c4]
C  [+0x600]  __kernel_rt_sigreturn+0x0
V  [libjvm.so+0x3e12c4]
C  [+0x600]  __kernel_rt_sigreturn+0x0
V  [libjvm.so+0x3e12c4]
C  [+0x600]  __kernel_rt_sigreturn+0x0
V  [libjvm.so+0x3e12c4]
C  [+0x600]  __kernel_rt_sigreturn+0x0
V  [libjvm.so+0x3e12c4]
C  [+0x600]  __kernel_rt_sigreturn+0x0
V  [libjvm.so+0x3e12c4]
C  [+0x600]  __kernel_rt_sigreturn+0x0
V  [libjvm.so+0x3e12c4]
C  [+0x600]  __kernel_rt_sigreturn+0x0
V  [libjvm.so+0x3e12c4]
C  [+0x600]  __kernel_rt_sigreturn+0x0
V  [libjvm.so+0x3e12c4]
C  [+0x600]  __kernel_rt_sigreturn+0x0
V  [libjvm.so+0x3e12c4]
C  [+0x600]  __kernel_rt_sigreturn+0x0
V  [libjvm.so+0x3e12c4]
C  [+0x600]  __kernel_rt_sigreturn+0x0
V  [libjvm.so+0x3e12c4]
C  [+0x600]  __kernel_rt_sigreturn+0x0
V  [libjvm.so+0x3e12c4]
C  [+0x600]  __kernel_rt_sigreturn+0x0
V  [libjvm.so+0x3e12c4]
C  [+0x600]  __kernel_rt_sigreturn+0x0
V  [libjvm.so+0x3e12c4]
C  [+0x600]  __kernel_rt_sigreturn+0x0
V  [libjvm.so+0x3e12c4]
C  [+0x600]  __kernel_rt_sigreturn+0x0
V  [libjvm.so+0x3e12c4]
C  [+0x600]  __kernel_rt_sigreturn+0x0
V  [libjvm.so+0x3e12c4]
C  [+0x600]  __kernel_rt_sigreturn+0x0
V  [libjvm.so+0x3e12c4]
C  [+0x600]  __kernel_rt_sigreturn+0x0
V  [libjvm.so+0x3e12c4]
C  [+0x600]  __kernel_rt_sigreturn+0x0
C  [libzip.so+0x10124]  ZIP_GetEntry+0xd8
C  [libzip.so+0x1079b]  ZIP_FindEntry+0x2d
V  [libjvm.so+0x17a0ec]
V  [libjvm.so+0x17b164]
V  [libjvm.so+0x45851f]
V  [libjvm.so+0x4576db]
V  [libjvm.so+0x456c64]
V  [libjvm.so+0x456a9a]
V  [libjvm.so+0x1b666b]
V  [libjvm.so+0x3c029a]
V  [libjvm.so+0x241530]
j  java.net.SocketInputStream.read([BII)I+84
j  java.io.BufferedInputStream.fill()V+175

Java frames: (J=compiled Java code, j=interpreted, Vv=VM code)
j  java.net.SocketInputStream.read([BII)I+84
j  java.io.BufferedInputStream.fill()V+175
v  ~C2IAdapter
J  java.io.BufferedInputStream.read()I
v  ~I2CAdapter
j  java.io.DataInputStream.readByte()B+4
j  sun.rmi.transport.tcp.TCPChannel.createConnection()Lsun/rmi/transport/Connection;+121
j  sun.rmi.transport.tcp.TCPChannel.newConnection()Lsun/rmi/transport/Connection;+101
j  sun.rmi.server.UnicastRef.newCall(Ljava/rmi/server/RemoteObject;[Ljava/rmi/server/Operation;IJ)Ljava/rmi/server/RemoteCall;+18
j  sun.rmi.transport.DGCImpl_Stub.dirty([Ljava/rmi/server/ObjID;JLjava/rmi/dgc/Lease;)Ljava/rmi/dgc/Lease;+12
j  sun.rmi.transport.DGCClient$EndpointEntry.makeDirtyCall(Ljava/util/Set;J)V+43
j  sun.rmi.transport.DGCClient$EndpointEntry.access$1600(Lsun/rmi/transport/DGCClient$EndpointEntry;Ljava/util/Set;J)V+3
j  sun.rmi.transport.DGCClient$EndpointEntry$RenewCleanThread.run()V+233
j  java.lang.Thread.run()V+11
v  ~StubRoutines::call_stub

---------------  P R O C E S S  ---------------

Java Threads: ( => current thread )
  0x083f5238 JavaThread "RMI TCP Connection(653)-138.96.218.100" daemon [_thread_blocked, id=12932]
  0x086ec7f8 JavaThread "Monitoring the Futures" daemon [_thread_blocked, id=12341]
  0x083e69c0 JavaThread "AOWorker on rmi://fidelity.inria.fr:6608/matrixNode1181473666" daemon [_thread_blocked, id=12340]
  0x08129870 JavaThread "JMXNotificationThread for org.objectweb.proactive.core.body:type=AO,aoID=835064d-117b1556ae4--7fe2--1952a73bfed23ad5-835064d-117b1556ae4--8000" daemon [_thread_blocked, id=12339]
  0x081a3698 JavaThread "RMI RenewClean-[138.96.218.76:44637]" daemon [_thread_blocked, id=12335]
=>0x0812e4d8 JavaThread "RMI RenewClean-[138.96.218.100:36879]" daemon [_thread_in_native, id=12329]
  0x080df300 JavaThread "GC Daemon" daemon [_thread_blocked, id=12327]
  0x082b80d8 JavaThread "RMI Reaper" [_thread_blocked, id=12326]
  0x081afd58 JavaThread "RMI TCP Accept-0" daemon [_thread_in_native, id=12325]
  0x0815ac38 JavaThread "RMI TCP Accept-6608" daemon [_thread_in_native, id=12324]
  0x081979e8 JavaThread "Timer-0" daemon [_thread_blocked, id=12323]
  0x081a81f8 JavaThread "ClassServer-fidelity.inria.fr:13216" daemon [_thread_in_native, id=12321]
  0xb102a218 JavaThread "Low Memory Detector" daemon [_thread_blocked, id=12318]
  0xb1028df8 JavaThread "CompilerThread1" daemon [_thread_blocked, id=12317]
  0xb1027e38 JavaThread "CompilerThread0" daemon [_thread_in_native, id=12316]
  0xb1026e38 JavaThread "AdapterThread" daemon [_thread_blocked, id=12315]
  0xb1025f58 JavaThread "Signal Dispatcher" daemon [_thread_blocked, id=12314]
  0xb101c5b0 JavaThread "Finalizer" daemon [_thread_blocked, id=12313]
  0xb101b8f0 JavaThread "Reference Handler" daemon [_thread_blocked, id=12312]
  0x0805c850 JavaThread "main" [_thread_blocked, id=12274]

Other Threads:
  0xb10190c8 VMThread [id=12311]
  0xb102b7b8 WatcherThread [id=12319]

VM state:at safepoint (normal execution)

VM Mutex/Monitor currently owned by a thread:  ([mutex/lock_event])
[0x0805bca0/0x0805bcc8] Threads_lock - owner thread: 0xb10190c8
[0x0805c0f0/0x0805c108] Heap_lock - owner thread: 0x080df300

Heap
 PSYoungGen      total 4544K, used 16K [0xeba10000, 0xebea0000, 0xf2680000)
  eden space 4480K, 0% used [0xeba10000,0xeba10000,0xebe70000)
  from space 64K, 25% used [0xebe80000,0xebe84000,0xebe90000)
  to   space 64K, 0% used [0xebe90000,0xebe90000,0xebea0000)
 PSOldGen        total 55552K, used 2102K [0xb5680000, 0xb8cc0000, 0xeba10000)
  object space 55552K, 3% used [0xb5680000,0xb588d970,0xb8cc0000)
 PSPermGen       total 16384K, used 10527K [0xb1680000, 0xb2680000, 0xb5680000)
  object space 16384K, 64% used [0xb1680000,0xb20c7d90,0xb2680000)

Dynamic libraries:
00231000-00246000 r-xp 00000000 08:03 35130385                           /lib/libnsl-2.6.so
00246000-00247000 r-xp 00014000 08:03 35130385                           /lib/libnsl-2.6.so
00247000-00248000 rwxp 00015000 08:03 35130385                           /lib/libnsl-2.6.so
00248000-0024a000 rwxp 00248000 00:00 0 
00a72000-00a8d000 r-xp 00000000 08:03 35130375                           /lib/ld-2.6.so
00a8d000-00a8e000 r-xp 0001a000 08:03 35130375                           /lib/ld-2.6.so
00a8e000-00a8f000 rwxp 0001b000 08:03 35130375                           /lib/ld-2.6.so
00a91000-00bdf000 r-xp 00000000 08:03 35130376                           /lib/libc-2.6.so
00bdf000-00be1000 r-xp 0014e000 08:03 35130376                           /lib/libc-2.6.so
00be1000-00be2000 rwxp 00150000 08:03 35130376                           /lib/libc-2.6.so
00be2000-00be5000 rwxp 00be2000 00:00 0 
00be7000-00bea000 r-xp 00000000 08:03 35130377                           /lib/libdl-2.6.so
00bea000-00beb000 r-xp 00002000 08:03 35130377                           /lib/libdl-2.6.so
00beb000-00bec000 rwxp 00003000 08:03 35130377                           /lib/libdl-2.6.so
00d8d000-00db4000 r-xp 00000000 08:03 35127393                           /lib/libm-2.6.so
00db4000-00db5000 r-xp 00026000 08:03 35127393                           /lib/libm-2.6.so
00db5000-00db6000 rwxp 00027000 08:03 35127393                           /lib/libm-2.6.so
00db8000-00dcc000 r-xp 00000000 08:03 35130247                           /lib/libpthread-2.6.so
00dcc000-00dcd000 r-xp 00013000 08:03 35130247                           /lib/libpthread-2.6.so
00dcd000-00dce000 rwxp 00014000 08:03 35130247                           /lib/libpthread-2.6.so
00dce000-00dd0000 rwxp 00dce000 00:00 0 
08048000-08056000 r-xp 00000000 00:1b 8585225                            /auto/bebita/u/bebita/home/fviale/bin/jdk1.5.0/bin/java
08056000-08058000 rwxp 0000e000 00:1b 8585225                            /auto/bebita/u/bebita/home/fviale/bin/jdk1.5.0/bin/java
08058000-0871e000 rwxp 08058000 00:00 0                                  [heap]
aede5000-aede8000 ---p aede5000 00:00 0 
aede8000-aee66000 rwxp aede8000 00:00 0 
af4ee000-af4f1000 ---p af4ee000 00:00 0 
af4f1000-af56f000 rwxp af4f1000 00:00 0 
af56f000-af572000 ---p af56f000 00:00 0 
af572000-af5f0000 rwxp af572000 00:00 0 
af5f0000-af5f3000 rwxp af5f0000 00:00 0 
af5f3000-af671000 rwxp af5f3000 00:00 0 
af671000-af674000 rwxp af671000 00:00 0 
af674000-af6f2000 rwxp af674000 00:00 0 
af6f2000-af6f5000 rwxp af6f2000 00:00 0 
af6f5000-af773000 rwxp af6f5000 00:00 0 
af773000-af776000 ---p af773000 00:00 0 
af776000-af7f4000 rwxp af776000 00:00 0 
af7f4000-af7f7000 rwxp af7f4000 00:00 0 
af7f7000-af875000 rwxp af7f7000 00:00 0 
af875000-af878000 rwxp af875000 00:00 0 
af878000-af8f6000 rwxp af878000 00:00 0 
af8f6000-af8f9000 rwxp af8f6000 00:00 0 
af8f9000-af977000 rwxp af8f9000 00:00 0 
af977000-af97a000 ---p af977000 00:00 0 
af97a000-af9f8000 rwxp af97a000 00:00 0 
af9f8000-af9fb000 rwxp af9f8000 00:00 0 
af9fb000-afa79000 rwxp af9fb000 00:00 0 
afa79000-afa7c000 ---p afa79000 00:00 0 
afa7c000-afafa000 rwxp afa7c000 00:00 0 
afafa000-afafd000 rwxp afafa000 00:00 0 
afafd000-afb7b000 rwxp afafd000 00:00 0 
afb7b000-afb7e000 ---p afb7b000 00:00 0 
afb7e000-afbfc000 rwxp afb7e000 00:00 0 
afbfc000-afbff000 ---p afbfc000 00:00 0 
afbff000-afc7d000 rwxp afbff000 00:00 0 
afc7d000-afc80000 ---p afc7d000 00:00 0 
afc80000-afcfe000 rwxp afc80000 00:00 0 
afcfe000-afd01000 ---p afcfe000 00:00 0 
afd01000-afd7f000 rwxp afd01000 00:00 0 
afd7f000-afd82000 ---p afd7f000 00:00 0 
afd82000-aff00000 rwxp afd82000 00:00 0 
aff7f000-aff82000 ---p aff7f000 00:00 0 
aff82000-b00f9000 rwxp aff82000 00:00 0 
b00f9000-b0100000 ---p b00f9000 00:00 0 
b0100000-b0200000 rwxp b0100000 00:00 0 
b0200000-b02ab000 rwxp b0200000 00:00 0 
b02ab000-b0300000 ---p b02ab000 00:00 0 
b0300000-b03f8000 rwxp b0300000 00:00 0 
b03f8000-b0400000 ---p b03f8000 00:00 0 
b0400000-b04eb000 rwxp b0400000 00:00 0 
b04eb000-b0500000 ---p b04eb000 00:00 0 
b051f000-b0554000 r-xs 00000000 08:03 23953627                           /var/db/nscd/hosts
b0554000-b067a000 r-xs 00000000 00:1b 17995573                           /auto/bebita/u/bebita/home/fviale/eclipse_workspace/ProActive_Latest/lib/xercesImpl.jar
b067a000-b06d4000 r-xs 00000000 00:1b 17991219                           /auto/bebita/u/bebita/home/fviale/eclipse_workspace/ProActive_Latest/lib/log4j.jar
b06d4000-b0747000 r-xs 00000000 00:1b 17989641                           /auto/bebita/u/bebita/home/fviale/eclipse_workspace/ProActive_Latest/lib/javassist.jar
b0747000-b0783000 r-xs 00000000 00:1b 17995715                           /auto/bebita/u/bebita/home/fviale/eclipse_workspace/ProActive_Latest/lib/ganymed-ssh2-build210.jar
b0783000-b0786000 r-xs 00000000 00:1b 17989704                           /auto/bebita/u/bebita/home/fviale/eclipse_workspace/ProActive_Latest/lib/fractal.jar
b0786000-b08e1000 r-xs 00000000 00:1b 19562562                           /auto/bebita/u/bebita/home/fviale/eclipse_workspace/ProActive_Latest/lib/bouncycastle.jar
b08e1000-b08e3000 r-xs 00000000 00:1b 15204353                           /auto/bebita/u/bebita/home/fviale/bin/jdk1.5.0/jre/lib/ext/dnsns.jar
b08e3000-b09a7000 r-xs 00000000 00:1b 15204354                           /auto/bebita/u/bebita/home/fviale/bin/jdk1.5.0/jre/lib/ext/localedata.jar
b09a7000-b09cd000 r-xs 00000000 00:1b 15204355                           /auto/bebita/u/bebita/home/fviale/bin/jdk1.5.0/jre/lib/ext/sunjce_provider.jar
b09cd000-b09f8000 r-xs 00000000 00:1b 15204356                           /auto/bebita/u/bebita/home/fviale/bin/jdk1.5.0/jre/lib/ext/sunpkcs11.jar
b09f8000-b09f9000 ---p b09f8000 00:00 0 
b09f9000-b0a79000 rwxp b09f9000 00:00 0 
b0a79000-b0a7c000 ---p b0a79000 00:00 0 
b0a7c000-b0afa000 rwxp b0a7c000 00:00 0 
b0afa000-b0afd000 ---p b0afa000 00:00 0 
b0afd000-b0b7b000 rwxp b0afd000 00:00 0 
b0b7b000-b0b7e000 ---p b0b7b000 00:00 0 
b0b7e000-b0bfc000 rwxp b0b7e000 00:00 0 
b0bfc000-b0bff000 ---p b0bfc000 00:00 0 
b0bff000-b0c7d000 rwxp b0bff000 00:00 0 
b0c7d000-b0c80000 ---p b0c7d000 00:00 0 
b0c80000-b0cfe000 rwxp b0c80000 00:00 0 
b0cfe000-b0efe000 r-xp 00000000 08:03 9931763                            /usr/lib/locale/locale-archive
b0efe000-b0f01000 ---p b0efe000 00:00 0 
b0f01000-b0f7f000 rwxp b0f01000 00:00 0 
b0f7f000-b0f82000 ---p b0f7f000 00:00 0 
b0f82000-b10ff000 rwxp b0f82000 00:00 0 
b10ff000-b1100000 ---p b10ff000 00:00 0 
b110d000-b1121000 r-xp 00000000 00:1b 15269925                           /auto/bebita/u/bebita/home/fviale/bin/jdk1.5.0/jre/lib/i386/libnet.so
b1121000-b1122000 rwxp 00013000 00:1b 15269925                           /auto/bebita/u/bebita/home/fviale/bin/jdk1.5.0/jre/lib/i386/libnet.so
b1122000-b1123000 ---p b1122000 00:00 0 
b1123000-b11a3000 rwxp b1123000 00:00 0 
b11a3000-b11a4000 ---p b11a3000 00:00 0 
b11a4000-b1224000 rwxp b11a4000 00:00 0 
b1224000-b1225000 ---p b1224000 00:00 0 
b1225000-b12ad000 rwxp b1225000 00:00 0 
b12ad000-b12c5000 rwxp b12ad000 00:00 0 
b12c5000-b12e1000 rwxp b12c5000 00:00 0 
b12e1000-b1477000 rwxp b12e1000 00:00 0 
b1477000-b147f000 rwxp b1477000 00:00 0 
b147f000-b1497000 rwxp b147f000 00:00 0 
b1497000-b14b3000 rwxp b1497000 00:00 0 
b14b3000-b1648000 rwxp b14b3000 00:00 0 
b1648000-b164c000 rwxp b1648000 00:00 0 
b164c000-b167f000 rwxp b164c000 00:00 0 
b167f000-b2680000 rwxp b167f000 00:00 0 
b2680000-b5680000 rwxp b2680000 00:00 0 
b5680000-b8cc0000 rwxp b5680000 00:00 0 
b8cc0000-eba10000 rwxp b8cc0000 00:00 0 
eba10000-ebea0000 rwxp eba10000 00:00 0 
ebea0000-f2680000 rwxp ebea0000 00:00 0 
f2684000-f2689000 rwxp f2684000 00:00 0 
f2689000-f2704000 rwxp f2689000 00:00 0 
f2704000-f282c000 rwxp f2704000 00:00 0 
f282c000-f4704000 rwxp f282c000 00:00 0 
f4704000-f4f3f000 r-xs 00000000 00:1b 15073281                           /auto/bebita/u/bebita/home/fviale/bin/jdk1.5.0/jre/lib/charsets.jar
f4f3f000-f4f53000 r-xs 00000000 00:1b 15073307                           /auto/bebita/u/bebita/home/fviale/bin/jdk1.5.0/jre/lib/jce.jar
f4f53000-f4fd9000 r-xs 00000000 00:1b 15073308                           /auto/bebita/u/bebita/home/fviale/bin/jdk1.5.0/jre/lib/jsse.jar
f4fd9000-f5041000 rwxp f4fd9000 00:00 0 
f5041000-f75f8000 r-xs 00000000 00:1b 15073315                           /auto/bebita/u/bebita/home/fviale/bin/jdk1.5.0/jre/lib/rt.jar
f75f8000-f760b000 r-xp 00000000 00:1b 15269931                           /auto/bebita/u/bebita/home/fviale/bin/jdk1.5.0/jre/lib/i386/libzip.so
f760b000-f760d000 rwxp 00012000 00:1b 15269931                           /auto/bebita/u/bebita/home/fviale/bin/jdk1.5.0/jre/lib/i386/libzip.so
f760d000-f762e000 r-xp 00000000 00:1b 15269911                           /auto/bebita/u/bebita/home/fviale/bin/jdk1.5.0/jre/lib/i386/libjava.so
f762e000-f7630000 rwxp 00020000 00:1b 15269911                           /auto/bebita/u/bebita/home/fviale/bin/jdk1.5.0/jre/lib/i386/libjava.so
f7630000-f7665000 r-xs 00000000 08:03 23953625                           /var/db/nscd/passwd
f7665000-f7b5a000 r-xp 00000000 00:1b 15466498                           /auto/bebita/u/bebita/home/fviale/bin/jdk1.5.0/jre/lib/i386/server/libjvm.so
f7b5a000-f7bbb000 rwxp 004f5000 00:1b 15466498                           /auto/bebita/u/bebita/home/fviale/bin/jdk1.5.0/jre/lib/i386/server/libjvm.so
f7bbb000-f7fd3000 rwxp f7bbb000 00:00 0 
f7fd8000-f7fde000 r-xp 00000000 00:1b 15269922                           /auto/bebita/u/bebita/home/fviale/bin/jdk1.5.0/jre/lib/i386/libmanagement.so
f7fde000-f7fdf000 rwxp 00005000 00:1b 15269922                           /auto/bebita/u/bebita/home/fviale/bin/jdk1.5.0/jre/lib/i386/libmanagement.so
f7fdf000-f7fe0000 r-xp 00000000 00:1b 15269927                           /auto/bebita/u/bebita/home/fviale/bin/jdk1.5.0/jre/lib/i386/librmi.so
f7fe0000-f7fe1000 rwxp 00000000 00:1b 15269927                           /auto/bebita/u/bebita/home/fviale/bin/jdk1.5.0/jre/lib/i386/librmi.so
f7fe1000-f7fec000 r-xp 00000000 00:1b 15269930                           /auto/bebita/u/bebita/home/fviale/bin/jdk1.5.0/jre/lib/i386/libverify.so
f7fec000-f7fed000 rwxp 0000b000 00:1b 15269930                           /auto/bebita/u/bebita/home/fviale/bin/jdk1.5.0/jre/lib/i386/libverify.so
f7fed000-f7ff5000 rwxs 00000000 08:03 34635784                           /tmp/hsperfdata_fviale/12274
f7ff5000-f7ffb000 r-xp 00000000 00:1b 15433729                           /auto/bebita/u/bebita/home/fviale/bin/jdk1.5.0/jre/lib/i386/native_threads/libhpi.so
f7ffb000-f7ffc000 rwxp 00006000 00:1b 15433729                           /auto/bebita/u/bebita/home/fviale/bin/jdk1.5.0/jre/lib/i386/native_threads/libhpi.so
f7ffc000-f7ffd000 ---p f7ffc000 00:00 0 
f7ffd000-f7ffe000 rwxp f7ffd000 00:00 0 
ffc81000-ffc84000 ---p ffc81000 00:00 0 
ffc84000-ffe81000 rwxp ffc84000 00:00 0                                  [stack]
ffffe000-fffff000 r-xp ffffe000 00:00 0                                  [vdso]

VM Arguments:
jvm_args: -Dproactive.rmi.port=6608 -Dproactive.http.port=13216 -Djava.security.policy=/user/fviale/home//eclipse_workspace/ProActive_Latest/scripts/proactive.java.policy -Dlog4j.configuration=file:/user/fviale/home//eclipse_workspace/ProActive_Latest/scripts/proactive-log4j
java_command: org.objectweb.proactive.core.runtime.StartRuntime matrixNode rmi://bebita.inria.fr:6608/PA_JVM1103483164 Jvm1

Environment Variables:
JAVA_HOME=/user/fviale/home/bin/jdk1.6.0
PATH=/usr/lib64/qt-3.3/bin:/usr/kerberos/bin:/usr/lib64/ccache:/user/fviale/home/bin:/user/fviale/home/bin/eclipse:/user/fviale/home/bin/firefox:/user/fviale/home/bin/ArgoUml:/user/fviale/home/bin/xxe-std-3_5_0/bin:/user/fviale/home/bin/chainsaw:/user/fviale/home/bin/jdk1.6.0/bin:/user/fviale/home/bin/nvu-1.0/:/user/fviale/home/bin/glassfish/bin:/user/fviale/home/bin/vex:/user/fviale/home/bin/etrace-2.1/src:/user/fviale/home/bin/idea-6197/bin:/usr/bin:/bin
LD_LIBRARY_PATH=/auto/bebita/u/bebita/home/fviale/bin/jdk1.5.0/jre/lib/i386/server:/auto/bebita/u/bebita/home/fviale/bin/jdk1.5.0/jre/lib/i386:/auto/bebita/u/bebita/home/fviale/bin/jdk1.5.0/jre/../lib/i386
SHELL=/bin/bash


---------------  S Y S T E M  ---------------

OS:Fedora release 7 (Moonshine)

uname:Linux 2.6.22.9-91.fc7 #1 SMP Thu Sep 27 20:47:39 EDT 2007 x86_64
libc:glibc 2.6 NPTL 2.6 
rlimit: STACK 10240k, CORE 0k, NPROC 38400, NOFILE 1024, AS infinity
load average:6.70 5.76 5.36

CPU:total 2 family 6, cmov, cx8, fxsr, mmx, sse, sse2, ht

Memory: 4k page, physical 3997568k(42824k free), swap 4192956k(3881976k free)

vm_info: Java HotSpot(TM) Server VM (1.5.0-b64) for linux-x86, built on Sep 15 2004 02:48:56 by java_re with gcc 3.2.1-7a (J2SE release)

