#
# An unexpected error has been detected by HotSpot Virtual Machine:
#
#  SIGBUS (0x7) at pc=0xf7b0fcd0, pid=10641, tid=2972326816
#
# Java VM: Java HotSpot(TM) Server VM (1.5.0-b64 mixed mode)
# Problematic frame:
# V  [libjvm.so+0x4a7cd0]
#

---------------  T H R E A D  ---------------

Current thread (0x0810d208):  JavaThread "CompilerThread1" daemon [_thread_in_native, id=10666]

siginfo:si_signo=7, si_errno=0, si_code=2, si_addr=0xf7b0fcd0

Registers:
EAX=0xb12981d0, EBX=0xf7bbaacc, ECX=0xf7b2b883, EDX=0xb1298150
ESP=0xb12980fc, EBP=0xb1298268, ESI=0xb1298150, EDI=0xb12981d0
EIP=0xf7b0fcd0, CR2=0xf7b0fcd0, EFLAGS=0x00010282

Top of Stack: (sp=0xb12980fc)
0xb12980fc:   f7a4ba96 b12981d0 b129831c 00000000
0xb129810c:   f7a4b89d 00000000 00000000 00000000
0xb129811c:   00000000 00000000 00000000 00000000
0xb129812c:   00000000 00000000 00000000 00000000
0xb129813c:   f7b0fcd0 f7b0fcd0 00000000 0810d208
0xb129814c:   0810d208 00000040 00000000 00000000
0xb129815c:   00000000 00000000 00000000 00000000
0xb129816c:   00000000 00000000 00000000 00000000 

Instructions: (pc=0xf7b0fcd0)
0xf7b0fcc0:   10 e9 b1 f3 ff ff 8d 76 00 8d bc 27 00 00 00 00
0xf7b0fcd0:   55 89 e5 57 56 53 e8 00 00 00 00 5b 81 c3 f1 ad 

Stack: [0xb1221000,0xb12a2000),  sp=0xb12980fc,  free space=476k
Native frames: (J=compiled Java code, j=interpreted, Vv=VM code, C=native code)
V  [libjvm.so+0x4a7cd0]
V  [libjvm.so+0x3e12c4]
C  [+0x600]  __kernel_rt_sigreturn+0x0
V  [libjvm.so+0x3e12c4]
C  [+0x600]  __kernel_rt_sigreturn+0x0
V  [libjvm.so+0x3e12c4]
C  [+0x600]  __kernel_rt_sigreturn+0x0
V  [libjvm.so+0x3e12c4]
C  [+0x600]  __kernel_rt_sigreturn+0x0
V  [libjvm.so+0x3e12c4]
C  [+0x600]  __kernel_rt_sigreturn+0x0
V  [libjvm.so+0x3e12c4]
C  [+0x600]  __kernel_rt_sigreturn+0x0
V  [libjvm.so+0x3e12c4]
C  [+0x600]  __kernel_rt_sigreturn+0x0
V  [libjvm.so+0x3e12c4]
C  [+0x600]  __kernel_rt_sigreturn+0x0
V  [libjvm.so+0x3e12c4]
C  [+0x600]  __kernel_rt_sigreturn+0x0
V  [libjvm.so+0x3e12c4]
C  [+0x600]  __kernel_rt_sigreturn+0x0
V  [libjvm.so+0x3e12c4]
C  [+0x600]  __kernel_rt_sigreturn+0x0
V  [libjvm.so+0x3e12c4]
C  [+0x600]  __kernel_rt_sigreturn+0x0
V  [libjvm.so+0x3e12c4]
C  [+0x600]  __kernel_rt_sigreturn+0x0
V  [libjvm.so+0x3e12c4]
C  [+0x600]  __kernel_rt_sigreturn+0x0
V  [libjvm.so+0x3e12c4]
C  [+0x600]  __kernel_rt_sigreturn+0x0
V  [libjvm.so+0x3e12c4]
C  [+0x600]  __kernel_rt_sigreturn+0x0
V  [libjvm.so+0x3e12c4]
C  [+0x600]  __kernel_rt_sigreturn+0x0
V  [libjvm.so+0x3e12c4]
C  [+0x600]  __kernel_rt_sigreturn+0x0
V  [libjvm.so+0x3e12c4]
C  [+0x600]  __kernel_rt_sigreturn+0x0
V  [libjvm.so+0x3e12c4]
C  [+0x600]  __kernel_rt_sigreturn+0x0
V  [libjvm.so+0x3e12c4]
C  [+0x600]  __kernel_rt_sigreturn+0x0
V  [libjvm.so+0x3e12c4]
C  [+0x600]  __kernel_rt_sigreturn+0x0
V  [libjvm.so+0x3e12c4]
C  [+0x600]  __kernel_rt_sigreturn+0x0
V  [libjvm.so+0x3e12c4]
C  [+0x600]  __kernel_rt_sigreturn+0x0
V  [libjvm.so+0x3af487]
V  [libjvm.so+0x3af606]
V  [libjvm.so+0x3af25a]
V  [libjvm.so+0x3aea96]
V  [libjvm.so+0x3aca3a]
V  [libjvm.so+0x196e13]
V  [libjvm.so+0x19364a]
V  [libjvm.so+0x140c7c]
V  [libjvm.so+0x19b8a7]
V  [libjvm.so+0x19b251]
V  [libjvm.so+0x477376]
V  [libjvm.so+0x471dbd]
V  [libjvm.so+0x3e2de8]
C  [libpthread.so.0+0x5433]


Current CompileTask:
opto:139      java.util.HashMap.<init>(IF)V (130 bytes)


---------------  P R O C E S S  ---------------

Java Threads: ( => current thread )
  0xb097ae80 JavaThread "RMI TCP Connection(652)-138.96.218.88" daemon [_thread_blocked, id=10847]
  0x085fff40 JavaThread "Monitoring the Futures" daemon [_thread_blocked, id=10692]
  0xb07f2b88 JavaThread "AOWorker on rmi://petawawa.inria.fr:6608/matrixNode333145264" daemon [_thread_blocked, id=10691]
  0xb0cc43c0 JavaThread "JMXNotificationThread for org.objectweb.proactive.core.body:type=AO,aoID=bfc6c9d-117b1557884--7fe2--2287114361bd9b0e-bfc6c9d-117b1557884--8000" daemon [_thread_blocked, id=10690]
  0xb091f9e8 JavaThread "RMI RenewClean-[138.96.218.76:44637]" daemon [_thread_blocked, id=10686]
  0x0846c9b8 JavaThread "RMI RenewClean-[138.96.218.88:50754]" daemon [_thread_in_native, id=10680]
  0xb098b6b0 JavaThread "GC Daemon" daemon [_thread_blocked, id=10678]
  0xb09a6b58 JavaThread "RMI Reaper" [_thread_blocked, id=10677]
  0xb07fe640 JavaThread "RMI TCP Accept-0" daemon [_thread_in_native, id=10676]
  0xb0c00e48 JavaThread "RMI TCP Accept-6608" daemon [_thread_in_native, id=10675]
  0xb0c4b240 JavaThread "Timer-0" daemon [_thread_blocked, id=10674]
  0xb0cee310 JavaThread "ClassServer-petawawa.inria.fr:13216" daemon [_thread_in_native, id=10673]
  0x0810e6c8 JavaThread "Low Memory Detector" daemon [_thread_blocked, id=10667]
=>0x0810d208 JavaThread "CompilerThread1" daemon [_thread_in_native, id=10666]
  0x0810c170 JavaThread "CompilerThread0" daemon [_thread_blocked, id=10665]
  0x0810aff8 JavaThread "AdapterThread" daemon [_thread_blocked, id=10664]
  0x0810a118 JavaThread "Signal Dispatcher" daemon [_thread_blocked, id=10663]
  0x080ff4b8 JavaThread "Finalizer" daemon [_thread_blocked, id=10662]
  0x080fe7a8 JavaThread "Reference Handler" daemon [_thread_blocked, id=10661]
  0x0805c810 JavaThread "main" [_thread_blocked, id=10641]

Other Threads:
  0x080fbf20 VMThread [id=10660]
  0x0810fba0 WatcherThread [id=10668]

VM state:not at safepoint (normal execution)

VM Mutex/Monitor currently owned by a thread:  ([mutex/lock_event])
[0x0805c0b0/0x0805c0c8] Heap_lock - owner thread: 0xb098b6b0

Heap
 PSYoungGen      total 4608K, used 0K [0xebac0000, 0xebf60000, 0xf2680000)
  eden space 4544K, 0% used [0xebac0000,0xebac0028,0xebf30000)
  from space 64K, 0% used [0xebf50000,0xebf50000,0xebf60000)
  to   space 64K, 0% used [0xebf40000,0xebf40000,0xebf50000)
 PSOldGen        total 55232K, used 2105K [0xb5c80000, 0xb9270000, 0xebac0000)
  object space 55232K, 3% used [0xb5c80000,0xb5e8e470,0xb9270000)
 PSPermGen       total 16384K, used 10537K [0xb1c80000, 0xb2c80000, 0xb5c80000)
  object space 16384K, 64% used [0xb1c80000,0xb26ca470,0xb2c80000)

Dynamic libraries:
00971000-0098a000 r-xp 00000000 08:03 36634775                           /lib/ld-2.4.so
0098a000-0098b000 r-xp 00018000 08:03 36634775                           /lib/ld-2.4.so
0098b000-0098c000 rwxp 00019000 08:03 36634775                           /lib/ld-2.4.so
0098e000-00abb000 r-xp 00000000 08:03 36634640                           /lib/libc-2.4.so
00abb000-00abd000 r-xp 0012d000 08:03 36634640                           /lib/libc-2.4.so
00abd000-00abe000 rwxp 0012f000 08:03 36634640                           /lib/libc-2.4.so
00abe000-00ac1000 rwxp 00abe000 00:00 0 
00ac3000-00ac5000 r-xp 00000000 08:03 36634651                           /lib/libdl-2.4.so
00ac5000-00ac6000 r-xp 00001000 08:03 36634651                           /lib/libdl-2.4.so
00ac6000-00ac7000 rwxp 00002000 08:03 36634651                           /lib/libdl-2.4.so
00ac9000-00aec000 r-xp 00000000 08:03 36634671                           /lib/libm-2.4.so
00aec000-00aed000 r-xp 00022000 08:03 36634671                           /lib/libm-2.4.so
00aed000-00aee000 rwxp 00023000 08:03 36634671                           /lib/libm-2.4.so
00bf4000-00c04000 r-xp 00000000 08:03 36634653                           /lib/libpthread-2.4.so
00c04000-00c05000 r-xp 0000f000 08:03 36634653                           /lib/libpthread-2.4.so
00c05000-00c06000 rwxp 00010000 08:03 36634653                           /lib/libpthread-2.4.so
00c06000-00c08000 rwxp 00c06000 00:00 0 
00ddf000-00df1000 r-xp 00000000 08:03 36634658                           /lib/libnsl-2.4.so
00df1000-00df2000 r-xp 00011000 08:03 36634658                           /lib/libnsl-2.4.so
00df2000-00df3000 rwxp 00012000 08:03 36634658                           /lib/libnsl-2.4.so
00df3000-00df5000 rwxp 00df3000 00:00 0 
08048000-08056000 r-xp 00000000 00:1a 8585225                            /auto/bebita/u/bebita/home/fviale/bin/jdk1.5.0/bin/java
08056000-08058000 rwxp 0000e000 00:1a 8585225                            /auto/bebita/u/bebita/home/fviale/bin/jdk1.5.0/bin/java
08058000-0867a000 rwxp 08058000 00:00 0                                  [heap]
afc00000-afc21000 rwxp afc00000 00:00 0 
afc21000-afd00000 ---p afc21000 00:00 0 
afd6d000-afd70000 ---p afd6d000 00:00 0 
afd70000-afdee000 rwxp afd70000 00:00 0 
afdee000-afdf1000 ---p afdee000 00:00 0 
afdf1000-afe6f000 rwxp afdf1000 00:00 0 
afe6f000-afe72000 ---p afe6f000 00:00 0 
afe72000-afef0000 rwxp afe72000 00:00 0 
afef0000-afef3000 rwxp afef0000 00:00 0 
afef3000-aff71000 rwxp afef3000 00:00 0 
aff71000-aff74000 rwxp aff71000 00:00 0 
aff74000-afff2000 rwxp aff74000 00:00 0 
afff2000-afff5000 ---p afff2000 00:00 0 
afff5000-b0073000 rwxp afff5000 00:00 0 
b0073000-b0076000 ---p b0073000 00:00 0 
b0076000-b00f4000 rwxp b0076000 00:00 0 
b00f4000-b00f7000 rwxp b00f4000 00:00 0 
b00f7000-b0175000 rwxp b00f7000 00:00 0 
b0175000-b0178000 rwxp b0175000 00:00 0 
b0178000-b01f6000 rwxp b0178000 00:00 0 
b01f6000-b01f9000 rwxp b01f6000 00:00 0 
b01f9000-b0277000 rwxp b01f9000 00:00 0 
b0277000-b027a000 rwxp b0277000 00:00 0 
b027a000-b02f8000 rwxp b027a000 00:00 0 
b02f8000-b02fb000 rwxp b02f8000 00:00 0 
b02fb000-b0379000 rwxp b02fb000 00:00 0 
b0379000-b037c000 ---p b0379000 00:00 0 
b037c000-b03fa000 rwxp b037c000 00:00 0 
b03fa000-b03fd000 rwxp b03fa000 00:00 0 
b03fd000-b047b000 rwxp b03fd000 00:00 0 
b047b000-b047e000 ---p b047b000 00:00 0 
b047e000-b04fc000 rwxp b047e000 00:00 0 
b04fc000-b04ff000 ---p b04fc000 00:00 0 
b04ff000-b057d000 rwxp b04ff000 00:00 0 
b057d000-b0580000 ---p b057d000 00:00 0 
b0580000-b05fe000 rwxp b0580000 00:00 0 
b05fe000-b0601000 ---p b05fe000 00:00 0 
b0601000-b067f000 rwxp b0601000 00:00 0 
b067f000-b0682000 ---p b067f000 00:00 0 
b0682000-b07ff000 rwxp b0682000 00:00 0 
b07ff000-b0800000 ---p b07ff000 00:00 0 
b0800000-b08fa000 rwxp b0800000 00:00 0 
b08fa000-b0900000 ---p b08fa000 00:00 0 
b0900000-b09ec000 rwxp b0900000 00:00 0 
b09ec000-b0a00000 ---p b09ec000 00:00 0 
b0a59000-b0a5c000 ---p b0a59000 00:00 0 
b0a5c000-b0ada000 rwxp b0a5c000 00:00 0 
b0ada000-b0c00000 r-xs 00000000 00:1a 17995573                           /auto/bebita/u/bebita/home/fviale/eclipse_workspace/ProActive_Latest/lib/xercesImpl.jar
b0c00000-b0cff000 rwxp b0c00000 00:00 0 
b0cff000-b0d00000 ---p b0cff000 00:00 0 
b0d5c000-b0d91000 r-xs 00000000 08:03 394790                             /var/db/nscd/hosts
b0d91000-b0da5000 r-xp 00000000 00:1a 15269925                           /auto/bebita/u/bebita/home/fviale/bin/jdk1.5.0/jre/lib/i386/libnet.so
b0da5000-b0da6000 rwxp 00013000 00:1a 15269925                           /auto/bebita/u/bebita/home/fviale/bin/jdk1.5.0/jre/lib/i386/libnet.so
b0da6000-b0e00000 r-xs 00000000 00:1a 17991219                           /auto/bebita/u/bebita/home/fviale/eclipse_workspace/ProActive_Latest/lib/log4j.jar
b0e00000-b0e73000 r-xs 00000000 00:1a 17989641                           /auto/bebita/u/bebita/home/fviale/eclipse_workspace/ProActive_Latest/lib/javassist.jar
b0e73000-b0eaf000 r-xs 00000000 00:1a 17995715                           /auto/bebita/u/bebita/home/fviale/eclipse_workspace/ProActive_Latest/lib/ganymed-ssh2-build210.jar
b0eaf000-b100a000 r-xs 00000000 00:1a 19562562                           /auto/bebita/u/bebita/home/fviale/eclipse_workspace/ProActive_Latest/lib/bouncycastle.jar
b100a000-b10ce000 r-xs 00000000 00:1a 15204354                           /auto/bebita/u/bebita/home/fviale/bin/jdk1.5.0/jre/lib/ext/localedata.jar
b10ce000-b10f4000 r-xs 00000000 00:1a 15204355                           /auto/bebita/u/bebita/home/fviale/bin/jdk1.5.0/jre/lib/ext/sunjce_provider.jar
b10f4000-b111f000 r-xs 00000000 00:1a 15204356                           /auto/bebita/u/bebita/home/fviale/bin/jdk1.5.0/jre/lib/ext/sunpkcs11.jar
b111f000-b1120000 ---p b111f000 00:00 0 
b1120000-b11a0000 rwxp b1120000 00:00 0 
b11a0000-b11a3000 ---p b11a0000 00:00 0 
b11a3000-b1221000 rwxp b11a3000 00:00 0 
b1221000-b1224000 ---p b1221000 00:00 0 
b1224000-b12a2000 rwxp b1224000 00:00 0 
b12a2000-b12a5000 ---p b12a2000 00:00 0 
b12a5000-b1323000 rwxp b12a5000 00:00 0 
b1323000-b1326000 ---p b1323000 00:00 0 
b1326000-b13a4000 rwxp b1326000 00:00 0 
b13a4000-b13a7000 ---p b13a4000 00:00 0 
b13a7000-b1425000 rwxp b13a7000 00:00 0 
b1425000-b1625000 r-xp 00000000 08:03 27032436                           /usr/lib/locale/locale-archive
b1625000-b1628000 ---p b1625000 00:00 0 
b1628000-b16a6000 rwxp b1628000 00:00 0 
b16a6000-b16a9000 ---p b16a6000 00:00 0 
b16a9000-b1727000 rwxp b16a9000 00:00 0 
b1727000-b1728000 ---p b1727000 00:00 0 
b1728000-b17a8000 rwxp b1728000 00:00 0 
b17a8000-b17a9000 ---p b17a8000 00:00 0 
b17a9000-b1829000 rwxp b17a9000 00:00 0 
b1829000-b182a000 ---p b1829000 00:00 0 
b182a000-b18b2000 rwxp b182a000 00:00 0 
b18b2000-b18ca000 rwxp b18b2000 00:00 0 
b18ca000-b18e5000 rwxp b18ca000 00:00 0 
b18e5000-b1a7a000 rwxp b18e5000 00:00 0 
b1a7a000-b1a82000 rwxp b1a7a000 00:00 0 
b1a82000-b1a9a000 rwxp b1a82000 00:00 0 
b1a9a000-b1ab5000 rwxp b1a9a000 00:00 0 
b1ab5000-b1c49000 rwxp b1ab5000 00:00 0 
b1c49000-b1c4c000 rwxp b1c49000 00:00 0 
b1c4c000-b1c7f000 rwxp b1c4c000 00:00 0 
b1c7f000-b2c80000 rwxp b1c7f000 00:00 0 
b2c80000-b5c80000 rwxp b2c80000 00:00 0 
b5c80000-b9270000 rwxp b5c80000 00:00 0 
b9270000-ebac0000 rwxp b9270000 00:00 0 
ebac0000-ebf60000 rwxp ebac0000 00:00 0 
ebf60000-f2680000 rwxp ebf60000 00:00 0 
f2680000-f2686000 r-xp 00000000 00:1a 15269922                           /auto/bebita/u/bebita/home/fviale/bin/jdk1.5.0/jre/lib/i386/libmanagement.so
f2686000-f2687000 rwxp 00005000 00:1a 15269922                           /auto/bebita/u/bebita/home/fviale/bin/jdk1.5.0/jre/lib/i386/libmanagement.so
f2687000-f268c000 rwxp f2687000 00:00 0 
f268c000-f2707000 rwxp f268c000 00:00 0 
f2707000-f2837000 rwxp f2707000 00:00 0 
f2837000-f4707000 rwxp f2837000 00:00 0 
f4707000-f4f42000 r-xs 00000000 00:1a 15073281                           /auto/bebita/u/bebita/home/fviale/bin/jdk1.5.0/jre/lib/charsets.jar
f4f42000-f4f56000 r-xs 00000000 00:1a 15073307                           /auto/bebita/u/bebita/home/fviale/bin/jdk1.5.0/jre/lib/jce.jar
f4f56000-f4fdc000 r-xs 00000000 00:1a 15073308                           /auto/bebita/u/bebita/home/fviale/bin/jdk1.5.0/jre/lib/jsse.jar
f4fdc000-f5044000 rwxp f4fdc000 00:00 0 
f5044000-f75fb000 r-xs 00000000 00:1a 15073315                           /auto/bebita/u/bebita/home/fviale/bin/jdk1.5.0/jre/lib/rt.jar
f75fb000-f760e000 r-xp 00000000 00:1a 15269931                           /auto/bebita/u/bebita/home/fviale/bin/jdk1.5.0/jre/lib/i386/libzip.so
f760e000-f7610000 rwxp 00012000 00:1a 15269931                           /auto/bebita/u/bebita/home/fviale/bin/jdk1.5.0/jre/lib/i386/libzip.so
f7610000-f7631000 r-xp 00000000 00:1a 15269911                           /auto/bebita/u/bebita/home/fviale/bin/jdk1.5.0/jre/lib/i386/libjava.so
f7631000-f7633000 rwxp 00020000 00:1a 15269911                           /auto/bebita/u/bebita/home/fviale/bin/jdk1.5.0/jre/lib/i386/libjava.so
f7633000-f7668000 r-xs 00000000 08:03 394788                             /var/db/nscd/passwd
f7668000-f7b5d000 r-xp 00000000 00:1a 15466498                           /auto/bebita/u/bebita/home/fviale/bin/jdk1.5.0/jre/lib/i386/server/libjvm.so
f7b5d000-f7bbe000 rwxp 004f5000 00:1a 15466498                           /auto/bebita/u/bebita/home/fviale/bin/jdk1.5.0/jre/lib/i386/server/libjvm.so
f7bbe000-f7fd7000 rwxp f7bbe000 00:00 0 
f7fda000-f7fdb000 r-xp 00000000 00:1a 15269927                           /auto/bebita/u/bebita/home/fviale/bin/jdk1.5.0/jre/lib/i386/librmi.so
f7fdb000-f7fdc000 rwxp 00000000 00:1a 15269927                           /auto/bebita/u/bebita/home/fviale/bin/jdk1.5.0/jre/lib/i386/librmi.so
f7fdc000-f7fdf000 r-xs 00000000 00:1a 17989704                           /auto/bebita/u/bebita/home/fviale/eclipse_workspace/ProActive_Latest/lib/fractal.jar
f7fdf000-f7fe1000 r-xs 00000000 00:1a 15204353                           /auto/bebita/u/bebita/home/fviale/bin/jdk1.5.0/jre/lib/ext/dnsns.jar
f7fe1000-f7fec000 r-xp 00000000 00:1a 15269930                           /auto/bebita/u/bebita/home/fviale/bin/jdk1.5.0/jre/lib/i386/libverify.so
f7fec000-f7fed000 rwxp 0000b000 00:1a 15269930                           /auto/bebita/u/bebita/home/fviale/bin/jdk1.5.0/jre/lib/i386/libverify.so
f7fed000-f7ff5000 rwxs 00000000 08:03 11141242                           /tmp/hsperfdata_fviale/10641
f7ff5000-f7ffb000 r-xp 00000000 00:1a 15433729                           /auto/bebita/u/bebita/home/fviale/bin/jdk1.5.0/jre/lib/i386/native_threads/libhpi.so
f7ffb000-f7ffc000 rwxp 00006000 00:1a 15433729                           /auto/bebita/u/bebita/home/fviale/bin/jdk1.5.0/jre/lib/i386/native_threads/libhpi.so
f7ffc000-f7ffd000 r-xp f7ffc000 00:00 0 
f7ffd000-f7ffe000 rwxp f7ffd000 00:00 0 
ffb2e000-ffb31000 ---p ffb2e000 00:00 0 
ffb31000-ffd2e000 rwxp ffb31000 00:00 0                                  [stack]
ffffe000-fffff000 r-xp ffffe000 00:00 0                                  [vdso]

VM Arguments:
jvm_args: -Dproactive.rmi.port=6608 -Dproactive.http.port=13216 -Djava.security.policy=/user/fviale/home//eclipse_workspace/ProActive_Latest/scripts/proactive.java.policy -Dlog4j.configuration=file:/user/fviale/home//eclipse_workspace/ProActive_Latest/scripts/proactive-log4j
java_command: org.objectweb.proactive.core.runtime.StartRuntime matrixNode rmi://bebita.inria.fr:6608/PA_JVM1103483164 Jvm1

Environment Variables:
JAVA_HOME=/user/fviale/home/bin/jdk1.6.0
PATH=/usr/lib64/qt-3.3/bin:/user/fviale/home/bin:/user/fviale/home/bin/eclipse:/user/fviale/home/bin/firefox:/user/fviale/home/bin/ArgoUml:/user/fviale/home/bin/xxe-std-3_5_0/bin:/user/fviale/home/bin/chainsaw:/user/fviale/home/bin/jdk1.6.0/bin:/user/fviale/home/bin/nvu-1.0/:/user/fviale/home/bin/glassfish/bin:/user/fviale/home/bin/vex:/user/fviale/home/bin/etrace-2.1/src:/user/fviale/home/bin/idea-6197/bin:/usr/bin:/bin
LD_LIBRARY_PATH=/auto/bebita/u/bebita/home/fviale/bin/jdk1.5.0/jre/lib/i386/server:/auto/bebita/u/bebita/home/fviale/bin/jdk1.5.0/jre/lib/i386:/auto/bebita/u/bebita/home/fviale/bin/jdk1.5.0/jre/../lib/i386
SHELL=/bin/bash


---------------  S Y S T E M  ---------------

OS:Fedora Core release 5 (Bordeaux)

uname:Linux 2.6.20-1.2316.fc5 #1 SMP Fri Apr 27 19:19:10 EDT 2007 x86_64
libc:glibc 2.4 NPTL 2.4 
rlimit: STACK 10240k, CORE 0k, NPROC 38400, NOFILE 1024, AS infinity
load average:6.08 6.07 5.90

CPU:total 2 family 6, cmov, cx8, fxsr, mmx, sse, sse2, ht

Memory: 4k page, physical 3971124k(28284k free), swap 4192956k(4192816k free)

vm_info: Java HotSpot(TM) Server VM (1.5.0-b64) for linux-x86, built on Sep 15 2004 02:48:56 by java_re with gcc 3.2.1-7a (J2SE release)

